[0.147s] Invoking command in '/home/namiwije/arduinobot_ws/build/arduinobot_controller': CMAKE_PREFIX_PATH=/opt/ros/humble /usr/bin/cmake --build /home/namiwije/arduinobot_ws/build/arduinobot_controller -- -j8 -l8
[0.166s] -- Found ament_cmake: 1.3.5 (/opt/ros/humble/share/ament_cmake/cmake)
[0.270s] -- Found ament_lint_auto: 0.12.8 (/opt/ros/humble/share/ament_lint_auto/cmake)
[0.322s] -- Added test 'flake8' to check Python code syntax and style conventions
[0.322s] -- Added test 'lint_cmake' to check CMake code style
[0.323s] -- Added test 'pep257' to check Python code against some of the docstring style conventions in PEP 257
[0.324s] -- Added test 'xmllint' to check XML markup files
[0.324s] -- Configuring done
[0.327s] -- Generating done
[0.328s] -- Build files have been written to: /home/namiwije/arduinobot_ws/build/arduinobot_controller
[0.385s] Invoked command in '/home/namiwije/arduinobot_ws/build/arduinobot_controller' returned '0': CMAKE_PREFIX_PATH=/opt/ros/humble /usr/bin/cmake --build /home/namiwije/arduinobot_ws/build/arduinobot_controller -- -j8 -l8
[0.409s] Invoking command in '/home/namiwije/arduinobot_ws/build/arduinobot_controller': CMAKE_PREFIX_PATH=/opt/ros/humble /usr/bin/cmake --install /home/namiwije/arduinobot_ws/build/arduinobot_controller
[0.417s] -- Install configuration: ""
[0.418s] -- Up-to-date: /home/namiwije/arduinobot_ws/install/arduinobot_controller/share/arduinobot_controller/config
[0.418s] -- Up-to-date: /home/namiwije/arduinobot_ws/install/arduinobot_controller/share/arduinobot_controller/config/arduinobot_controllers.yaml
[0.418s] -- Installing: /home/namiwije/arduinobot_ws/install/arduinobot_controller/share/arduinobot_controller/launch
[0.418s] -- Installing: /home/namiwije/arduinobot_ws/install/arduinobot_controller/share/arduinobot_controller/launch/controller.launch.py
[0.418s] -- Installing: /home/namiwije/arduinobot_ws/install/arduinobot_controller/share/ament_index/resource_index/package_run_dependencies/arduinobot_controller
[0.418s] -- Installing: /home/namiwije/arduinobot_ws/install/arduinobot_controller/share/ament_index/resource_index/parent_prefix_path/arduinobot_controller
[0.418s] -- Up-to-date: /home/namiwije/arduinobot_ws/install/arduinobot_controller/share/arduinobot_controller/environment/ament_prefix_path.sh
[0.418s] -- Installing: /home/namiwije/arduinobot_ws/install/arduinobot_controller/share/arduinobot_controller/environment/ament_prefix_path.dsv
[0.418s] -- Up-to-date: /home/namiwije/arduinobot_ws/install/arduinobot_controller/share/arduinobot_controller/environment/path.sh
[0.418s] -- Installing: /home/namiwije/arduinobot_ws/install/arduinobot_controller/share/arduinobot_controller/environment/path.dsv
[0.418s] -- Up-to-date: /home/namiwije/arduinobot_ws/install/arduinobot_controller/share/arduinobot_controller/local_setup.bash
[0.418s] -- Up-to-date: /home/namiwije/arduinobot_ws/install/arduinobot_controller/share/arduinobot_controller/local_setup.sh
[0.418s] -- Up-to-date: /home/namiwije/arduinobot_ws/install/arduinobot_controller/share/arduinobot_controller/local_setup.zsh
[0.418s] -- Installing: /home/namiwije/arduinobot_ws/install/arduinobot_controller/share/arduinobot_controller/local_setup.dsv
[0.418s] -- Installing: /home/namiwije/arduinobot_ws/install/arduinobot_controller/share/arduinobot_controller/package.dsv
[0.418s] -- Up-to-date: /home/namiwije/arduinobot_ws/install/arduinobot_controller/share/ament_index/resource_index/packages/arduinobot_controller
[0.418s] -- Up-to-date: /home/namiwije/arduinobot_ws/install/arduinobot_controller/share/arduinobot_controller/cmake/arduinobot_controllerConfig.cmake
[0.418s] -- Up-to-date: /home/namiwije/arduinobot_ws/install/arduinobot_controller/share/arduinobot_controller/cmake/arduinobot_controllerConfig-version.cmake
[0.418s] -- Installing: /home/namiwije/arduinobot_ws/install/arduinobot_controller/share/arduinobot_controller/package.xml
[0.510s] Invoked command in '/home/namiwije/arduinobot_ws/build/arduinobot_controller' returned '0': CMAKE_PREFIX_PATH=/opt/ros/humble /usr/bin/cmake --install /home/namiwije/arduinobot_ws/build/arduinobot_controller
