[0.127s] Invoking command in '/home/namiwije/arduinobot_ws/src/build/arduinobot_controller': CMAKE_PREFIX_PATH=/opt/ros/humble /usr/bin/cmake --build /home/namiwije/arduinobot_ws/src/build/arduinobot_controller -- -j8 -l8
[0.142s] -- Found ament_cmake: 1.3.5 (/opt/ros/humble/share/ament_cmake/cmake)
[0.230s] -- Found ament_lint_auto: 0.12.8 (/opt/ros/humble/share/ament_lint_auto/cmake)
[0.274s] -- Added test 'lint_cmake' to check CMake code style
[0.274s] -- Added test 'xmllint' to check XML markup files
[0.275s] -- Configuring done
[0.279s] -- Generating done
[0.279s] -- Build files have been written to: /home/namiwije/arduinobot_ws/src/build/arduinobot_controller
[0.320s] Invoked command in '/home/namiwije/arduinobot_ws/src/build/arduinobot_controller' returned '0': CMAKE_PREFIX_PATH=/opt/ros/humble /usr/bin/cmake --build /home/namiwije/arduinobot_ws/src/build/arduinobot_controller -- -j8 -l8
[0.340s] Invoking command in '/home/namiwije/arduinobot_ws/src/build/arduinobot_controller': CMAKE_PREFIX_PATH=/opt/ros/humble /usr/bin/cmake --install /home/namiwije/arduinobot_ws/src/build/arduinobot_controller
[0.348s] -- Install configuration: ""
[0.349s] -- Up-to-date: /home/namiwije/arduinobot_ws/src/install/arduinobot_controller/share/ament_index/resource_index/package_run_dependencies/arduinobot_controller
[0.349s] -- Up-to-date: /home/namiwije/arduinobot_ws/src/install/arduinobot_controller/share/ament_index/resource_index/parent_prefix_path/arduinobot_controller
[0.349s] -- Up-to-date: /home/namiwije/arduinobot_ws/src/install/arduinobot_controller/share/arduinobot_controller/environment/ament_prefix_path.sh
[0.349s] -- Installing: /home/namiwije/arduinobot_ws/src/install/arduinobot_controller/share/arduinobot_controller/environment/ament_prefix_path.dsv
[0.349s] -- Up-to-date: /home/namiwije/arduinobot_ws/src/install/arduinobot_controller/share/arduinobot_controller/environment/path.sh
[0.349s] -- Installing: /home/namiwije/arduinobot_ws/src/install/arduinobot_controller/share/arduinobot_controller/environment/path.dsv
[0.349s] -- Up-to-date: /home/namiwije/arduinobot_ws/src/install/arduinobot_controller/share/arduinobot_controller/local_setup.bash
[0.350s] -- Up-to-date: /home/namiwije/arduinobot_ws/src/install/arduinobot_controller/share/arduinobot_controller/local_setup.sh
[0.350s] -- Up-to-date: /home/namiwije/arduinobot_ws/src/install/arduinobot_controller/share/arduinobot_controller/local_setup.zsh
[0.350s] -- Installing: /home/namiwije/arduinobot_ws/src/install/arduinobot_controller/share/arduinobot_controller/local_setup.dsv
[0.350s] -- Installing: /home/namiwije/arduinobot_ws/src/install/arduinobot_controller/share/arduinobot_controller/package.dsv
[0.350s] -- Up-to-date: /home/namiwije/arduinobot_ws/src/install/arduinobot_controller/share/ament_index/resource_index/packages/arduinobot_controller
[0.350s] -- Up-to-date: /home/namiwije/arduinobot_ws/src/install/arduinobot_controller/share/arduinobot_controller/cmake/arduinobot_controllerConfig.cmake
[0.350s] -- Up-to-date: /home/namiwije/arduinobot_ws/src/install/arduinobot_controller/share/arduinobot_controller/cmake/arduinobot_controllerConfig-version.cmake
[0.350s] -- Installing: /home/namiwije/arduinobot_ws/src/install/arduinobot_controller/share/arduinobot_controller/package.xml
[0.418s] Invoked command in '/home/namiwije/arduinobot_ws/src/build/arduinobot_controller' returned '0': CMAKE_PREFIX_PATH=/opt/ros/humble /usr/bin/cmake --install /home/namiwije/arduinobot_ws/src/build/arduinobot_controller
