[0.610s] DEBUG:colcon:Command line arguments: ['/usr/bin/colcon', 'build']
[0.610s] DEBUG:colcon:Parsed command line arguments: Namespace(log_base=None, log_level=None, verb_name='build', build_base='build', install_base='install', merge_install=False, symlink_install=False, test_result_base=None, continue_on_error=False, executor='parallel', parallel_workers=8, event_handlers=None, ignore_user_meta=False, metas=['./colcon.meta'], base_paths=['.'], packages_ignore=None, packages_ignore_regex=None, paths=None, packages_up_to=None, packages_up_to_regex=None, packages_above=None, packages_above_and_dependencies=None, packages_above_depth=None, packages_select_by_dep=None, packages_skip_by_dep=None, packages_skip_up_to=None, packages_select_build_failed=False, packages_skip_build_finished=False, packages_select_test_failures=False, packages_skip_test_passed=False, packages_select=None, packages_skip=None, packages_select_regex=None, packages_skip_regex=None, packages_start=None, packages_end=None, allow_overriding=[], cmake_args=None, cmake_target=None, cmake_target_skip_unavailable=False, cmake_clean_cache=False, cmake_clean_first=False, cmake_force_configure=False, ament_cmake_args=None, catkin_cmake_args=None, catkin_skip_building_tests=False, verb_parser=<colcon_defaults.argument_parser.defaults.DefaultArgumentsDecorator object at 0x7fcbeb963790>, verb_extension=<colcon_core.verb.build.BuildVerb object at 0x7fcbeb963430>, main=<bound method BuildVerb.main of <colcon_core.verb.build.BuildVerb object at 0x7fcbeb963430>>)
[0.641s] Level 1:colcon.colcon_core.package_discovery:discover_packages(colcon_meta) check parameters
[0.641s] Level 1:colcon.colcon_core.package_discovery:discover_packages(recursive) check parameters
[0.641s] Level 1:colcon.colcon_core.package_discovery:discover_packages(ignore) check parameters
[0.641s] Level 1:colcon.colcon_core.package_discovery:discover_packages(path) check parameters
[0.641s] Level 1:colcon.colcon_core.package_discovery:discover_packages(colcon_meta) discover
[0.641s] Level 1:colcon.colcon_core.package_discovery:discover_packages(recursive) discover
[0.641s] INFO:colcon.colcon_core.package_discovery:Crawling recursively for packages in '/home/namiwije/arduinobot_ws'
[0.641s] Level 1:colcon.colcon_core.package_identification:_identify(.) by extensions ['ignore', 'ignore_ament_install']
[0.641s] Level 1:colcon.colcon_core.package_identification:_identify(.) by extension 'ignore'
[0.641s] Level 1:colcon.colcon_core.package_identification:_identify(.) by extension 'ignore_ament_install'
[0.641s] Level 1:colcon.colcon_core.package_identification:_identify(.) by extensions ['colcon_pkg']
[0.641s] Level 1:colcon.colcon_core.package_identification:_identify(.) by extension 'colcon_pkg'
[0.641s] Level 1:colcon.colcon_core.package_identification:_identify(.) by extensions ['colcon_meta']
[0.641s] Level 1:colcon.colcon_core.package_identification:_identify(.) by extension 'colcon_meta'
[0.641s] Level 1:colcon.colcon_core.package_identification:_identify(.) by extensions ['ros']
[0.641s] Level 1:colcon.colcon_core.package_identification:_identify(.) by extension 'ros'
[0.648s] Level 1:colcon.colcon_core.package_identification:_identify(.) by extensions ['cmake', 'python']
[0.648s] Level 1:colcon.colcon_core.package_identification:_identify(.) by extension 'cmake'
[0.648s] Level 1:colcon.colcon_core.package_identification:_identify(.) by extension 'python'
[0.648s] Level 1:colcon.colcon_core.package_identification:_identify(.) by extensions ['python_setup_py']
[0.648s] Level 1:colcon.colcon_core.package_identification:_identify(.) by extension 'python_setup_py'
[0.648s] Level 1:colcon.colcon_core.package_identification:_identify(build) by extensions ['ignore', 'ignore_ament_install']
[0.648s] Level 1:colcon.colcon_core.package_identification:_identify(build) by extension 'ignore'
[0.648s] Level 1:colcon.colcon_core.package_identification:_identify(build) ignored
[0.648s] Level 1:colcon.colcon_core.package_identification:_identify(install) by extensions ['ignore', 'ignore_ament_install']
[0.648s] Level 1:colcon.colcon_core.package_identification:_identify(install) by extension 'ignore'
[0.648s] Level 1:colcon.colcon_core.package_identification:_identify(install) ignored
[0.649s] Level 1:colcon.colcon_core.package_identification:_identify(log) by extensions ['ignore', 'ignore_ament_install']
[0.649s] Level 1:colcon.colcon_core.package_identification:_identify(log) by extension 'ignore'
[0.649s] Level 1:colcon.colcon_core.package_identification:_identify(log) ignored
[0.649s] Level 1:colcon.colcon_core.package_identification:_identify(src) by extensions ['ignore', 'ignore_ament_install']
[0.649s] Level 1:colcon.colcon_core.package_identification:_identify(src) by extension 'ignore'
[0.649s] Level 1:colcon.colcon_core.package_identification:_identify(src) by extension 'ignore_ament_install'
[0.649s] Level 1:colcon.colcon_core.package_identification:_identify(src) by extensions ['colcon_pkg']
[0.649s] Level 1:colcon.colcon_core.package_identification:_identify(src) by extension 'colcon_pkg'
[0.649s] Level 1:colcon.colcon_core.package_identification:_identify(src) by extensions ['colcon_meta']
[0.649s] Level 1:colcon.colcon_core.package_identification:_identify(src) by extension 'colcon_meta'
[0.649s] Level 1:colcon.colcon_core.package_identification:_identify(src) by extensions ['ros']
[0.649s] Level 1:colcon.colcon_core.package_identification:_identify(src) by extension 'ros'
[0.649s] Level 1:colcon.colcon_core.package_identification:_identify(src) by extensions ['cmake', 'python']
[0.649s] Level 1:colcon.colcon_core.package_identification:_identify(src) by extension 'cmake'
[0.649s] Level 1:colcon.colcon_core.package_identification:_identify(src) by extension 'python'
[0.649s] Level 1:colcon.colcon_core.package_identification:_identify(src) by extensions ['python_setup_py']
[0.649s] Level 1:colcon.colcon_core.package_identification:_identify(src) by extension 'python_setup_py'
[0.649s] Level 1:colcon.colcon_core.package_identification:_identify(src/arduinobot_controller) by extensions ['ignore', 'ignore_ament_install']
[0.649s] Level 1:colcon.colcon_core.package_identification:_identify(src/arduinobot_controller) by extension 'ignore'
[0.649s] Level 1:colcon.colcon_core.package_identification:_identify(src/arduinobot_controller) by extension 'ignore_ament_install'
[0.649s] Level 1:colcon.colcon_core.package_identification:_identify(src/arduinobot_controller) by extensions ['colcon_pkg']
[0.649s] Level 1:colcon.colcon_core.package_identification:_identify(src/arduinobot_controller) by extension 'colcon_pkg'
[0.649s] Level 1:colcon.colcon_core.package_identification:_identify(src/arduinobot_controller) by extensions ['colcon_meta']
[0.649s] Level 1:colcon.colcon_core.package_identification:_identify(src/arduinobot_controller) by extension 'colcon_meta'
[0.649s] Level 1:colcon.colcon_core.package_identification:_identify(src/arduinobot_controller) by extensions ['ros']
[0.649s] Level 1:colcon.colcon_core.package_identification:_identify(src/arduinobot_controller) by extension 'ros'
[0.651s] DEBUG:colcon.colcon_core.package_identification:Package 'src/arduinobot_controller' with type 'ros.ament_cmake' and name 'arduinobot_controller'
[0.651s] Level 1:colcon.colcon_core.package_identification:_identify(src/arduinobot_cpp_examples) by extensions ['ignore', 'ignore_ament_install']
[0.651s] Level 1:colcon.colcon_core.package_identification:_identify(src/arduinobot_cpp_examples) by extension 'ignore'
[0.651s] Level 1:colcon.colcon_core.package_identification:_identify(src/arduinobot_cpp_examples) by extension 'ignore_ament_install'
[0.651s] Level 1:colcon.colcon_core.package_identification:_identify(src/arduinobot_cpp_examples) by extensions ['colcon_pkg']
[0.651s] Level 1:colcon.colcon_core.package_identification:_identify(src/arduinobot_cpp_examples) by extension 'colcon_pkg'
[0.651s] Level 1:colcon.colcon_core.package_identification:_identify(src/arduinobot_cpp_examples) by extensions ['colcon_meta']
[0.651s] Level 1:colcon.colcon_core.package_identification:_identify(src/arduinobot_cpp_examples) by extension 'colcon_meta'
[0.651s] Level 1:colcon.colcon_core.package_identification:_identify(src/arduinobot_cpp_examples) by extensions ['ros']
[0.651s] Level 1:colcon.colcon_core.package_identification:_identify(src/arduinobot_cpp_examples) by extension 'ros'
[0.651s] DEBUG:colcon.colcon_core.package_identification:Package 'src/arduinobot_cpp_examples' with type 'ros.ament_cmake' and name 'arduinobot_cpp_examples'
[0.651s] Level 1:colcon.colcon_core.package_identification:_identify(src/arduinobot_description) by extensions ['ignore', 'ignore_ament_install']
[0.651s] Level 1:colcon.colcon_core.package_identification:_identify(src/arduinobot_description) by extension 'ignore'
[0.651s] Level 1:colcon.colcon_core.package_identification:_identify(src/arduinobot_description) by extension 'ignore_ament_install'
[0.651s] Level 1:colcon.colcon_core.package_identification:_identify(src/arduinobot_description) by extensions ['colcon_pkg']
[0.651s] Level 1:colcon.colcon_core.package_identification:_identify(src/arduinobot_description) by extension 'colcon_pkg'
[0.651s] Level 1:colcon.colcon_core.package_identification:_identify(src/arduinobot_description) by extensions ['colcon_meta']
[0.651s] Level 1:colcon.colcon_core.package_identification:_identify(src/arduinobot_description) by extension 'colcon_meta'
[0.651s] Level 1:colcon.colcon_core.package_identification:_identify(src/arduinobot_description) by extensions ['ros']
[0.651s] Level 1:colcon.colcon_core.package_identification:_identify(src/arduinobot_description) by extension 'ros'
[0.652s] DEBUG:colcon.colcon_core.package_identification:Package 'src/arduinobot_description' with type 'ros.ament_cmake' and name 'arduinobot_description'
[0.652s] Level 1:colcon.colcon_core.package_identification:_identify(src/arduinobot_py_examples) by extensions ['ignore', 'ignore_ament_install']
[0.652s] Level 1:colcon.colcon_core.package_identification:_identify(src/arduinobot_py_examples) by extension 'ignore'
[0.652s] Level 1:colcon.colcon_core.package_identification:_identify(src/arduinobot_py_examples) by extension 'ignore_ament_install'
[0.652s] Level 1:colcon.colcon_core.package_identification:_identify(src/arduinobot_py_examples) by extensions ['colcon_pkg']
[0.652s] Level 1:colcon.colcon_core.package_identification:_identify(src/arduinobot_py_examples) by extension 'colcon_pkg'
[0.652s] Level 1:colcon.colcon_core.package_identification:_identify(src/arduinobot_py_examples) by extensions ['colcon_meta']
[0.652s] Level 1:colcon.colcon_core.package_identification:_identify(src/arduinobot_py_examples) by extension 'colcon_meta'
[0.652s] Level 1:colcon.colcon_core.package_identification:_identify(src/arduinobot_py_examples) by extensions ['ros']
[0.652s] Level 1:colcon.colcon_core.package_identification:_identify(src/arduinobot_py_examples) by extension 'ros'
[0.652s] DEBUG:colcon.colcon_core.package_identification:Package 'src/arduinobot_py_examples' with type 'ros.ament_python' and name 'arduinobot_py_examples'
[0.652s] Level 1:colcon.colcon_core.package_identification:_identify(src/build) by extensions ['ignore', 'ignore_ament_install']
[0.652s] Level 1:colcon.colcon_core.package_identification:_identify(src/build) by extension 'ignore'
[0.652s] Level 1:colcon.colcon_core.package_identification:_identify(src/build) ignored
[0.653s] Level 1:colcon.colcon_core.package_identification:_identify(src/install) by extensions ['ignore', 'ignore_ament_install']
[0.653s] Level 1:colcon.colcon_core.package_identification:_identify(src/install) by extension 'ignore'
[0.653s] Level 1:colcon.colcon_core.package_identification:_identify(src/install) ignored
[0.653s] Level 1:colcon.colcon_core.package_identification:_identify(src/log) by extensions ['ignore', 'ignore_ament_install']
[0.653s] Level 1:colcon.colcon_core.package_identification:_identify(src/log) by extension 'ignore'
[0.653s] Level 1:colcon.colcon_core.package_identification:_identify(src/log) ignored
[0.653s] Level 1:colcon.colcon_core.package_discovery:discover_packages(recursive) using defaults
[0.653s] Level 1:colcon.colcon_core.package_discovery:discover_packages(ignore) discover
[0.653s] Level 1:colcon.colcon_core.package_discovery:discover_packages(ignore) using defaults
[0.653s] Level 1:colcon.colcon_core.package_discovery:discover_packages(path) discover
[0.653s] Level 1:colcon.colcon_core.package_discovery:discover_packages(path) using defaults
[0.711s] Level 1:colcon.colcon_core.package_discovery:discover_packages(prefix_path) check parameters
[0.711s] Level 1:colcon.colcon_core.package_discovery:discover_packages(prefix_path) discover
[0.729s] DEBUG:colcon.colcon_installed_package_information.package_discovery:Found 4 installed packages in /home/namiwije/arduinobot_ws/install
[0.738s] DEBUG:colcon.colcon_installed_package_information.package_discovery:Found 359 installed packages in /opt/ros/humble
[0.739s] Level 1:colcon.colcon_core.package_discovery:discover_packages(prefix_path) using defaults
[0.809s] Level 5:colcon.colcon_core.verb:set package 'arduinobot_controller' build argument 'cmake_args' from command line to 'None'
[0.809s] Level 5:colcon.colcon_core.verb:set package 'arduinobot_controller' build argument 'cmake_target' from command line to 'None'
[0.809s] Level 5:colcon.colcon_core.verb:set package 'arduinobot_controller' build argument 'cmake_target_skip_unavailable' from command line to 'False'
[0.809s] Level 5:colcon.colcon_core.verb:set package 'arduinobot_controller' build argument 'cmake_clean_cache' from command line to 'False'
[0.809s] Level 5:colcon.colcon_core.verb:set package 'arduinobot_controller' build argument 'cmake_clean_first' from command line to 'False'
[0.809s] Level 5:colcon.colcon_core.verb:set package 'arduinobot_controller' build argument 'cmake_force_configure' from command line to 'False'
[0.809s] Level 5:colcon.colcon_core.verb:set package 'arduinobot_controller' build argument 'ament_cmake_args' from command line to 'None'
[0.809s] Level 5:colcon.colcon_core.verb:set package 'arduinobot_controller' build argument 'catkin_cmake_args' from command line to 'None'
[0.809s] Level 5:colcon.colcon_core.verb:set package 'arduinobot_controller' build argument 'catkin_skip_building_tests' from command line to 'False'
[0.809s] DEBUG:colcon.colcon_core.verb:Building package 'arduinobot_controller' with the following arguments: {'ament_cmake_args': None, 'build_base': '/home/namiwije/arduinobot_ws/build/arduinobot_controller', 'catkin_cmake_args': None, 'catkin_skip_building_tests': False, 'cmake_args': None, 'cmake_clean_cache': False, 'cmake_clean_first': False, 'cmake_force_configure': False, 'cmake_target': None, 'cmake_target_skip_unavailable': False, 'install_base': '/home/namiwije/arduinobot_ws/install/arduinobot_controller', 'merge_install': False, 'path': '/home/namiwije/arduinobot_ws/src/arduinobot_controller', 'symlink_install': False, 'test_result_base': None}
[0.818s] Level 5:colcon.colcon_core.verb:set package 'arduinobot_cpp_examples' build argument 'cmake_args' from command line to 'None'
[0.818s] Level 5:colcon.colcon_core.verb:set package 'arduinobot_cpp_examples' build argument 'cmake_target' from command line to 'None'
[0.818s] Level 5:colcon.colcon_core.verb:set package 'arduinobot_cpp_examples' build argument 'cmake_target_skip_unavailable' from command line to 'False'
[0.818s] Level 5:colcon.colcon_core.verb:set package 'arduinobot_cpp_examples' build argument 'cmake_clean_cache' from command line to 'False'
[0.818s] Level 5:colcon.colcon_core.verb:set package 'arduinobot_cpp_examples' build argument 'cmake_clean_first' from command line to 'False'
[0.818s] Level 5:colcon.colcon_core.verb:set package 'arduinobot_cpp_examples' build argument 'cmake_force_configure' from command line to 'False'
[0.818s] Level 5:colcon.colcon_core.verb:set package 'arduinobot_cpp_examples' build argument 'ament_cmake_args' from command line to 'None'
[0.818s] Level 5:colcon.colcon_core.verb:set package 'arduinobot_cpp_examples' build argument 'catkin_cmake_args' from command line to 'None'
[0.818s] Level 5:colcon.colcon_core.verb:set package 'arduinobot_cpp_examples' build argument 'catkin_skip_building_tests' from command line to 'False'
[0.818s] DEBUG:colcon.colcon_core.verb:Building package 'arduinobot_cpp_examples' with the following arguments: {'ament_cmake_args': None, 'build_base': '/home/namiwije/arduinobot_ws/build/arduinobot_cpp_examples', 'catkin_cmake_args': None, 'catkin_skip_building_tests': False, 'cmake_args': None, 'cmake_clean_cache': False, 'cmake_clean_first': False, 'cmake_force_configure': False, 'cmake_target': None, 'cmake_target_skip_unavailable': False, 'install_base': '/home/namiwije/arduinobot_ws/install/arduinobot_cpp_examples', 'merge_install': False, 'path': '/home/namiwije/arduinobot_ws/src/arduinobot_cpp_examples', 'symlink_install': False, 'test_result_base': None}
[0.827s] Level 5:colcon.colcon_core.verb:set package 'arduinobot_description' build argument 'cmake_args' from command line to 'None'
[0.827s] Level 5:colcon.colcon_core.verb:set package 'arduinobot_description' build argument 'cmake_target' from command line to 'None'
[0.827s] Level 5:colcon.colcon_core.verb:set package 'arduinobot_description' build argument 'cmake_target_skip_unavailable' from command line to 'False'
[0.827s] Level 5:colcon.colcon_core.verb:set package 'arduinobot_description' build argument 'cmake_clean_cache' from command line to 'False'
[0.827s] Level 5:colcon.colcon_core.verb:set package 'arduinobot_description' build argument 'cmake_clean_first' from command line to 'False'
[0.827s] Level 5:colcon.colcon_core.verb:set package 'arduinobot_description' build argument 'cmake_force_configure' from command line to 'False'
[0.827s] Level 5:colcon.colcon_core.verb:set package 'arduinobot_description' build argument 'ament_cmake_args' from command line to 'None'
[0.827s] Level 5:colcon.colcon_core.verb:set package 'arduinobot_description' build argument 'catkin_cmake_args' from command line to 'None'
[0.827s] Level 5:colcon.colcon_core.verb:set package 'arduinobot_description' build argument 'catkin_skip_building_tests' from command line to 'False'
[0.827s] DEBUG:colcon.colcon_core.verb:Building package 'arduinobot_description' with the following arguments: {'ament_cmake_args': None, 'build_base': '/home/namiwije/arduinobot_ws/build/arduinobot_description', 'catkin_cmake_args': None, 'catkin_skip_building_tests': False, 'cmake_args': None, 'cmake_clean_cache': False, 'cmake_clean_first': False, 'cmake_force_configure': False, 'cmake_target': None, 'cmake_target_skip_unavailable': False, 'install_base': '/home/namiwije/arduinobot_ws/install/arduinobot_description', 'merge_install': False, 'path': '/home/namiwije/arduinobot_ws/src/arduinobot_description', 'symlink_install': False, 'test_result_base': None}
[0.837s] Level 5:colcon.colcon_core.verb:set package 'arduinobot_py_examples' build argument 'cmake_args' from command line to 'None'
[0.837s] Level 5:colcon.colcon_core.verb:set package 'arduinobot_py_examples' build argument 'cmake_target' from command line to 'None'
[0.837s] Level 5:colcon.colcon_core.verb:set package 'arduinobot_py_examples' build argument 'cmake_target_skip_unavailable' from command line to 'False'
[0.837s] Level 5:colcon.colcon_core.verb:set package 'arduinobot_py_examples' build argument 'cmake_clean_cache' from command line to 'False'
[0.837s] Level 5:colcon.colcon_core.verb:set package 'arduinobot_py_examples' build argument 'cmake_clean_first' from command line to 'False'
[0.837s] Level 5:colcon.colcon_core.verb:set package 'arduinobot_py_examples' build argument 'cmake_force_configure' from command line to 'False'
[0.837s] Level 5:colcon.colcon_core.verb:set package 'arduinobot_py_examples' build argument 'ament_cmake_args' from command line to 'None'
[0.837s] Level 5:colcon.colcon_core.verb:set package 'arduinobot_py_examples' build argument 'catkin_cmake_args' from command line to 'None'
[0.837s] Level 5:colcon.colcon_core.verb:set package 'arduinobot_py_examples' build argument 'catkin_skip_building_tests' from command line to 'False'
[0.837s] DEBUG:colcon.colcon_core.verb:Building package 'arduinobot_py_examples' with the following arguments: {'ament_cmake_args': None, 'build_base': '/home/namiwije/arduinobot_ws/build/arduinobot_py_examples', 'catkin_cmake_args': None, 'catkin_skip_building_tests': False, 'cmake_args': None, 'cmake_clean_cache': False, 'cmake_clean_first': False, 'cmake_force_configure': False, 'cmake_target': None, 'cmake_target_skip_unavailable': False, 'install_base': '/home/namiwije/arduinobot_ws/install/arduinobot_py_examples', 'merge_install': False, 'path': '/home/namiwije/arduinobot_ws/src/arduinobot_py_examples', 'symlink_install': False, 'test_result_base': None}
[0.846s] INFO:colcon.colcon_core.executor:Executing jobs using 'parallel' executor
[0.855s] DEBUG:colcon.colcon_parallel_executor.executor.parallel:run_until_complete
[0.855s] INFO:colcon.colcon_ros.task.ament_cmake.build:Building ROS package in '/home/namiwije/arduinobot_ws/src/arduinobot_controller' with build type 'ament_cmake'
[0.855s] INFO:colcon.colcon_cmake.task.cmake.build:Building CMake package in '/home/namiwije/arduinobot_ws/src/arduinobot_controller'
[0.865s] INFO:colcon.colcon_core.plugin_system:Skipping extension 'colcon_core.shell.bat': Not used on non-Windows systems
[0.866s] INFO:colcon.colcon_core.shell:Skip shell extension 'powershell' for command environment: Not usable outside of PowerShell
[0.866s] DEBUG:colcon.colcon_core.shell:Skip shell extension 'dsv' for command environment
[0.894s] INFO:colcon.colcon_ros.task.ament_cmake.build:Building ROS package in '/home/namiwije/arduinobot_ws/src/arduinobot_cpp_examples' with build type 'ament_cmake'
[0.894s] INFO:colcon.colcon_cmake.task.cmake.build:Building CMake package in '/home/namiwije/arduinobot_ws/src/arduinobot_cpp_examples'
[0.903s] INFO:colcon.colcon_core.shell:Skip shell extension 'powershell' for command environment: Not usable outside of PowerShell
[0.903s] DEBUG:colcon.colcon_core.shell:Skip shell extension 'dsv' for command environment
[0.931s] INFO:colcon.colcon_ros.task.ament_cmake.build:Building ROS package in '/home/namiwije/arduinobot_ws/src/arduinobot_description' with build type 'ament_cmake'
[0.931s] INFO:colcon.colcon_cmake.task.cmake.build:Building CMake package in '/home/namiwije/arduinobot_ws/src/arduinobot_description'
[0.942s] INFO:colcon.colcon_core.shell:Skip shell extension 'powershell' for command environment: Not usable outside of PowerShell
[0.942s] DEBUG:colcon.colcon_core.shell:Skip shell extension 'dsv' for command environment
[0.971s] INFO:colcon.colcon_ros.task.ament_python.build:Building ROS package in '/home/namiwije/arduinobot_ws/src/arduinobot_py_examples' with build type 'ament_python'
[0.971s] Level 1:colcon.colcon_core.shell:create_environment_hook('arduinobot_py_examples', 'ament_prefix_path')
[0.981s] INFO:colcon.colcon_core.shell:Creating environment hook '/home/namiwije/arduinobot_ws/install/arduinobot_py_examples/share/arduinobot_py_examples/hook/ament_prefix_path.ps1'
[0.982s] INFO:colcon.colcon_core.shell:Creating environment descriptor '/home/namiwije/arduinobot_ws/install/arduinobot_py_examples/share/arduinobot_py_examples/hook/ament_prefix_path.dsv'
[0.982s] INFO:colcon.colcon_core.shell:Creating environment hook '/home/namiwije/arduinobot_ws/install/arduinobot_py_examples/share/arduinobot_py_examples/hook/ament_prefix_path.sh'
[0.991s] INFO:colcon.colcon_core.shell:Skip shell extension 'powershell' for command environment: Not usable outside of PowerShell
[0.991s] DEBUG:colcon.colcon_core.shell:Skip shell extension 'dsv' for command environment
[1.022s] DEBUG:colcon.colcon_core.event_handler.log_command:Invoking command in '/home/namiwije/arduinobot_ws/build/arduinobot_controller': CMAKE_PREFIX_PATH=${CMAKE_PREFIX_PATH}:/home/namiwije/arduinobot_ws/install/arduinobot_py_examples:/opt/ros/humble /usr/bin/cmake --build /home/namiwije/arduinobot_ws/build/arduinobot_controller -- -j8 -l8
[1.024s] DEBUG:colcon.colcon_core.event_handler.log_command:Invoking command in '/home/namiwije/arduinobot_ws/build/arduinobot_cpp_examples': CMAKE_PREFIX_PATH=${CMAKE_PREFIX_PATH}:/home/namiwije/arduinobot_ws/install/arduinobot_py_examples:/opt/ros/humble /usr/bin/cmake --build /home/namiwije/arduinobot_ws/build/arduinobot_cpp_examples -- -j8 -l8
[1.026s] DEBUG:colcon.colcon_core.event_handler.log_command:Invoking command in '/home/namiwije/arduinobot_ws/build/arduinobot_description': CMAKE_PREFIX_PATH=${CMAKE_PREFIX_PATH}:/home/namiwije/arduinobot_ws/install/arduinobot_py_examples:/opt/ros/humble /usr/bin/cmake --build /home/namiwije/arduinobot_ws/build/arduinobot_description -- -j8 -l8
[1.184s] INFO:colcon.colcon_core.task.python.build:Building Python package in '/home/namiwije/arduinobot_ws/src/arduinobot_py_examples'
[1.194s] INFO:colcon.colcon_core.shell:Skip shell extension 'powershell' for command environment: Not usable outside of PowerShell
[1.194s] DEBUG:colcon.colcon_core.shell:Skip shell extension 'dsv' for command environment
[1.223s] DEBUG:colcon.colcon_core.event_handler.log_command:Invoked command in '/home/namiwije/arduinobot_ws/build/arduinobot_controller' returned '0': CMAKE_PREFIX_PATH=${CMAKE_PREFIX_PATH}:/home/namiwije/arduinobot_ws/install/arduinobot_py_examples:/opt/ros/humble /usr/bin/cmake --build /home/namiwije/arduinobot_ws/build/arduinobot_controller -- -j8 -l8
[1.223s] DEBUG:colcon.colcon_core.event_handler.log_command:Invoked command in '/home/namiwije/arduinobot_ws/build/arduinobot_cpp_examples' returned '0': CMAKE_PREFIX_PATH=${CMAKE_PREFIX_PATH}:/home/namiwije/arduinobot_ws/install/arduinobot_py_examples:/opt/ros/humble /usr/bin/cmake --build /home/namiwije/arduinobot_ws/build/arduinobot_cpp_examples -- -j8 -l8
[1.224s] DEBUG:colcon.colcon_core.event_handler.log_command:Invoked command in '/home/namiwije/arduinobot_ws/build/arduinobot_description' returned '0': CMAKE_PREFIX_PATH=${CMAKE_PREFIX_PATH}:/home/namiwije/arduinobot_ws/install/arduinobot_py_examples:/opt/ros/humble /usr/bin/cmake --build /home/namiwije/arduinobot_ws/build/arduinobot_description -- -j8 -l8
[1.243s] DEBUG:colcon.colcon_core.event_handler.log_command:Invoking command in '/home/namiwije/arduinobot_ws/build/arduinobot_controller': CMAKE_PREFIX_PATH=${CMAKE_PREFIX_PATH}:/home/namiwije/arduinobot_ws/install/arduinobot_py_examples:/opt/ros/humble /usr/bin/cmake --install /home/namiwije/arduinobot_ws/build/arduinobot_controller
[1.244s] DEBUG:colcon.colcon_core.event_handler.log_command:Invoking command in '/home/namiwije/arduinobot_ws/build/arduinobot_cpp_examples': CMAKE_PREFIX_PATH=${CMAKE_PREFIX_PATH}:/home/namiwije/arduinobot_ws/install/arduinobot_py_examples:/opt/ros/humble /usr/bin/cmake --install /home/namiwije/arduinobot_ws/build/arduinobot_cpp_examples
[1.245s] DEBUG:colcon.colcon_core.event_handler.log_command:Invoking command in '/home/namiwije/arduinobot_ws/build/arduinobot_description': CMAKE_PREFIX_PATH=${CMAKE_PREFIX_PATH}:/home/namiwije/arduinobot_ws/install/arduinobot_py_examples:/opt/ros/humble /usr/bin/cmake --install /home/namiwije/arduinobot_ws/build/arduinobot_description
[1.250s] Level 1:colcon.colcon_core.environment:create_environment_scripts_only(arduinobot_controller)
[1.253s] DEBUG:colcon.colcon_core.event_handler.log_command:Invoked command in '/home/namiwije/arduinobot_ws/build/arduinobot_controller' returned '0': CMAKE_PREFIX_PATH=${CMAKE_PREFIX_PATH}:/home/namiwije/arduinobot_ws/install/arduinobot_py_examples:/opt/ros/humble /usr/bin/cmake --install /home/namiwije/arduinobot_ws/build/arduinobot_controller
[1.263s] Level 1:colcon.colcon_core.environment:checking '/home/namiwije/arduinobot_ws/install/arduinobot_controller' for CMake module files
[1.264s] Level 1:colcon.colcon_core.environment:checking '/home/namiwije/arduinobot_ws/install/arduinobot_controller' for CMake config files
[1.264s] Level 1:colcon.colcon_core.shell:create_environment_hook('arduinobot_controller', 'cmake_prefix_path')
[1.273s] INFO:colcon.colcon_core.shell:Creating environment hook '/home/namiwije/arduinobot_ws/install/arduinobot_controller/share/arduinobot_controller/hook/cmake_prefix_path.ps1'
[1.273s] INFO:colcon.colcon_core.shell:Creating environment descriptor '/home/namiwije/arduinobot_ws/install/arduinobot_controller/share/arduinobot_controller/hook/cmake_prefix_path.dsv'
[1.274s] INFO:colcon.colcon_core.shell:Creating environment hook '/home/namiwije/arduinobot_ws/install/arduinobot_controller/share/arduinobot_controller/hook/cmake_prefix_path.sh'
[1.274s] Level 1:colcon.colcon_core.environment:checking '/home/namiwije/arduinobot_ws/install/arduinobot_controller/bin'
[1.274s] Level 1:colcon.colcon_core.environment:checking '/home/namiwije/arduinobot_ws/install/arduinobot_controller/lib/pkgconfig/arduinobot_controller.pc'
[1.274s] Level 1:colcon.colcon_core.environment:checking '/home/namiwije/arduinobot_ws/install/arduinobot_controller/lib/python3.10/site-packages'
[1.275s] Level 1:colcon.colcon_core.environment:checking '/home/namiwije/arduinobot_ws/install/arduinobot_controller/bin'
[1.284s] INFO:colcon.colcon_core.shell:Creating package script '/home/namiwije/arduinobot_ws/install/arduinobot_controller/share/arduinobot_controller/package.ps1'
[1.284s] INFO:colcon.colcon_core.shell:Creating package descriptor '/home/namiwije/arduinobot_ws/install/arduinobot_controller/share/arduinobot_controller/package.dsv'
[1.284s] INFO:colcon.colcon_core.shell:Creating package script '/home/namiwije/arduinobot_ws/install/arduinobot_controller/share/arduinobot_controller/package.sh'
[1.285s] INFO:colcon.colcon_core.shell:Creating package script '/home/namiwije/arduinobot_ws/install/arduinobot_controller/share/arduinobot_controller/package.bash'
[1.285s] INFO:colcon.colcon_core.shell:Creating package script '/home/namiwije/arduinobot_ws/install/arduinobot_controller/share/arduinobot_controller/package.zsh'
[1.286s] Level 1:colcon.colcon_core.environment:create_file_with_runtime_dependencies(/home/namiwije/arduinobot_ws/install/arduinobot_controller/share/colcon-core/packages/arduinobot_controller)
[1.287s] Level 1:colcon.colcon_core.environment:create_environment_scripts_only(arduinobot_cpp_examples)
[1.287s] DEBUG:colcon.colcon_core.event_handler.log_command:Invoked command in '/home/namiwije/arduinobot_ws/build/arduinobot_cpp_examples' returned '0': CMAKE_PREFIX_PATH=${CMAKE_PREFIX_PATH}:/home/namiwije/arduinobot_ws/install/arduinobot_py_examples:/opt/ros/humble /usr/bin/cmake --install /home/namiwije/arduinobot_ws/build/arduinobot_cpp_examples
[1.297s] Level 1:colcon.colcon_core.environment:checking '/home/namiwije/arduinobot_ws/install/arduinobot_cpp_examples' for CMake module files
[1.297s] Level 1:colcon.colcon_core.environment:checking '/home/namiwije/arduinobot_ws/install/arduinobot_cpp_examples' for CMake config files
[1.297s] Level 1:colcon.colcon_core.shell:create_environment_hook('arduinobot_cpp_examples', 'cmake_prefix_path')
[1.307s] INFO:colcon.colcon_core.shell:Creating environment hook '/home/namiwije/arduinobot_ws/install/arduinobot_cpp_examples/share/arduinobot_cpp_examples/hook/cmake_prefix_path.ps1'
[1.307s] INFO:colcon.colcon_core.shell:Creating environment descriptor '/home/namiwije/arduinobot_ws/install/arduinobot_cpp_examples/share/arduinobot_cpp_examples/hook/cmake_prefix_path.dsv'
[1.307s] INFO:colcon.colcon_core.shell:Creating environment hook '/home/namiwije/arduinobot_ws/install/arduinobot_cpp_examples/share/arduinobot_cpp_examples/hook/cmake_prefix_path.sh'
[1.308s] Level 1:colcon.colcon_core.environment:checking '/home/namiwije/arduinobot_ws/install/arduinobot_cpp_examples/bin'
[1.308s] Level 1:colcon.colcon_core.environment:checking '/home/namiwije/arduinobot_ws/install/arduinobot_cpp_examples/lib/pkgconfig/arduinobot_cpp_examples.pc'
[1.308s] Level 1:colcon.colcon_core.environment:checking '/home/namiwije/arduinobot_ws/install/arduinobot_cpp_examples/lib/python3.10/site-packages'
[1.308s] Level 1:colcon.colcon_core.environment:checking '/home/namiwije/arduinobot_ws/install/arduinobot_cpp_examples/bin'
[1.317s] INFO:colcon.colcon_core.shell:Creating package script '/home/namiwije/arduinobot_ws/install/arduinobot_cpp_examples/share/arduinobot_cpp_examples/package.ps1'
[1.317s] INFO:colcon.colcon_core.shell:Creating package descriptor '/home/namiwije/arduinobot_ws/install/arduinobot_cpp_examples/share/arduinobot_cpp_examples/package.dsv'
[1.317s] INFO:colcon.colcon_core.shell:Creating package script '/home/namiwije/arduinobot_ws/install/arduinobot_cpp_examples/share/arduinobot_cpp_examples/package.sh'
[1.318s] INFO:colcon.colcon_core.shell:Creating package script '/home/namiwije/arduinobot_ws/install/arduinobot_cpp_examples/share/arduinobot_cpp_examples/package.bash'
[1.318s] INFO:colcon.colcon_core.shell:Creating package script '/home/namiwije/arduinobot_ws/install/arduinobot_cpp_examples/share/arduinobot_cpp_examples/package.zsh'
[1.318s] Level 1:colcon.colcon_core.environment:create_file_with_runtime_dependencies(/home/namiwije/arduinobot_ws/install/arduinobot_cpp_examples/share/colcon-core/packages/arduinobot_cpp_examples)
[1.319s] Level 1:colcon.colcon_core.environment:create_environment_scripts_only(arduinobot_description)
[1.319s] DEBUG:colcon.colcon_core.event_handler.log_command:Invoked command in '/home/namiwije/arduinobot_ws/build/arduinobot_description' returned '0': CMAKE_PREFIX_PATH=${CMAKE_PREFIX_PATH}:/home/namiwije/arduinobot_ws/install/arduinobot_py_examples:/opt/ros/humble /usr/bin/cmake --install /home/namiwije/arduinobot_ws/build/arduinobot_description
[1.330s] Level 1:colcon.colcon_core.environment:checking '/home/namiwije/arduinobot_ws/install/arduinobot_description' for CMake module files
[1.330s] Level 1:colcon.colcon_core.environment:checking '/home/namiwije/arduinobot_ws/install/arduinobot_description' for CMake config files
[1.330s] Level 1:colcon.colcon_core.shell:create_environment_hook('arduinobot_description', 'cmake_prefix_path')
[1.340s] INFO:colcon.colcon_core.shell:Creating environment hook '/home/namiwije/arduinobot_ws/install/arduinobot_description/share/arduinobot_description/hook/cmake_prefix_path.ps1'
[1.340s] INFO:colcon.colcon_core.shell:Creating environment descriptor '/home/namiwije/arduinobot_ws/install/arduinobot_description/share/arduinobot_description/hook/cmake_prefix_path.dsv'
[1.340s] INFO:colcon.colcon_core.shell:Creating environment hook '/home/namiwije/arduinobot_ws/install/arduinobot_description/share/arduinobot_description/hook/cmake_prefix_path.sh'
[1.340s] Level 1:colcon.colcon_core.environment:checking '/home/namiwije/arduinobot_ws/install/arduinobot_description/bin'
[1.340s] Level 1:colcon.colcon_core.environment:checking '/home/namiwije/arduinobot_ws/install/arduinobot_description/lib/pkgconfig/arduinobot_description.pc'
[1.341s] Level 1:colcon.colcon_core.environment:checking '/home/namiwije/arduinobot_ws/install/arduinobot_description/lib/python3.10/site-packages'
[1.341s] Level 1:colcon.colcon_core.environment:checking '/home/namiwije/arduinobot_ws/install/arduinobot_description/bin'
[1.350s] INFO:colcon.colcon_core.shell:Creating package script '/home/namiwije/arduinobot_ws/install/arduinobot_description/share/arduinobot_description/package.ps1'
[1.350s] INFO:colcon.colcon_core.shell:Creating package descriptor '/home/namiwije/arduinobot_ws/install/arduinobot_description/share/arduinobot_description/package.dsv'
[1.350s] INFO:colcon.colcon_core.shell:Creating package script '/home/namiwije/arduinobot_ws/install/arduinobot_description/share/arduinobot_description/package.sh'
[1.350s] INFO:colcon.colcon_core.shell:Creating package script '/home/namiwije/arduinobot_ws/install/arduinobot_description/share/arduinobot_description/package.bash'
[1.350s] INFO:colcon.colcon_core.shell:Creating package script '/home/namiwije/arduinobot_ws/install/arduinobot_description/share/arduinobot_description/package.zsh'
[1.351s] Level 1:colcon.colcon_core.environment:create_file_with_runtime_dependencies(/home/namiwije/arduinobot_ws/install/arduinobot_description/share/colcon-core/packages/arduinobot_description)
[1.362s] Level 1:colcon.colcon_core.environment:create_environment_scripts_only(arduinobot_controller)
[1.372s] Level 1:colcon.colcon_core.environment:checking '/home/namiwije/arduinobot_ws/install/arduinobot_controller' for CMake module files
[1.372s] Level 1:colcon.colcon_core.environment:checking '/home/namiwije/arduinobot_ws/install/arduinobot_controller' for CMake config files
[1.372s] Level 1:colcon.colcon_core.shell:create_environment_hook('arduinobot_controller', 'cmake_prefix_path')
[1.381s] INFO:colcon.colcon_core.shell:Creating environment hook '/home/namiwije/arduinobot_ws/install/arduinobot_controller/share/arduinobot_controller/hook/cmake_prefix_path.ps1'
[1.382s] INFO:colcon.colcon_core.shell:Creating environment descriptor '/home/namiwije/arduinobot_ws/install/arduinobot_controller/share/arduinobot_controller/hook/cmake_prefix_path.dsv'
[1.382s] INFO:colcon.colcon_core.shell:Creating environment hook '/home/namiwije/arduinobot_ws/install/arduinobot_controller/share/arduinobot_controller/hook/cmake_prefix_path.sh'
[1.382s] Level 1:colcon.colcon_core.environment:checking '/home/namiwije/arduinobot_ws/install/arduinobot_controller/bin'
[1.382s] Level 1:colcon.colcon_core.environment:checking '/home/namiwije/arduinobot_ws/install/arduinobot_controller/lib/pkgconfig/arduinobot_controller.pc'
[1.382s] Level 1:colcon.colcon_core.environment:checking '/home/namiwije/arduinobot_ws/install/arduinobot_controller/lib/python3.10/site-packages'
[1.382s] Level 1:colcon.colcon_core.environment:checking '/home/namiwije/arduinobot_ws/install/arduinobot_controller/bin'
[1.392s] INFO:colcon.colcon_core.shell:Creating package script '/home/namiwije/arduinobot_ws/install/arduinobot_controller/share/arduinobot_controller/package.ps1'
[1.392s] INFO:colcon.colcon_core.shell:Creating package descriptor '/home/namiwije/arduinobot_ws/install/arduinobot_controller/share/arduinobot_controller/package.dsv'
[1.393s] INFO:colcon.colcon_core.shell:Creating package script '/home/namiwije/arduinobot_ws/install/arduinobot_controller/share/arduinobot_controller/package.sh'
[1.393s] INFO:colcon.colcon_core.shell:Creating package script '/home/namiwije/arduinobot_ws/install/arduinobot_controller/share/arduinobot_controller/package.bash'
[1.393s] INFO:colcon.colcon_core.shell:Creating package script '/home/namiwije/arduinobot_ws/install/arduinobot_controller/share/arduinobot_controller/package.zsh'
[1.393s] Level 1:colcon.colcon_core.environment:create_file_with_runtime_dependencies(/home/namiwije/arduinobot_ws/install/arduinobot_controller/share/colcon-core/packages/arduinobot_controller)
[1.403s] Level 1:colcon.colcon_core.environment:create_environment_scripts_only(arduinobot_cpp_examples)
[1.414s] Level 1:colcon.colcon_core.environment:checking '/home/namiwije/arduinobot_ws/install/arduinobot_cpp_examples' for CMake module files
[1.415s] Level 1:colcon.colcon_core.environment:checking '/home/namiwije/arduinobot_ws/install/arduinobot_cpp_examples' for CMake config files
[1.415s] Level 1:colcon.colcon_core.shell:create_environment_hook('arduinobot_cpp_examples', 'cmake_prefix_path')
[1.424s] INFO:colcon.colcon_core.shell:Creating environment hook '/home/namiwije/arduinobot_ws/install/arduinobot_cpp_examples/share/arduinobot_cpp_examples/hook/cmake_prefix_path.ps1'
[1.425s] INFO:colcon.colcon_core.shell:Creating environment descriptor '/home/namiwije/arduinobot_ws/install/arduinobot_cpp_examples/share/arduinobot_cpp_examples/hook/cmake_prefix_path.dsv'
[1.425s] INFO:colcon.colcon_core.shell:Creating environment hook '/home/namiwije/arduinobot_ws/install/arduinobot_cpp_examples/share/arduinobot_cpp_examples/hook/cmake_prefix_path.sh'
[1.425s] Level 1:colcon.colcon_core.environment:checking '/home/namiwije/arduinobot_ws/install/arduinobot_cpp_examples/bin'
[1.425s] Level 1:colcon.colcon_core.environment:checking '/home/namiwije/arduinobot_ws/install/arduinobot_cpp_examples/lib/pkgconfig/arduinobot_cpp_examples.pc'
[1.426s] Level 1:colcon.colcon_core.environment:checking '/home/namiwije/arduinobot_ws/install/arduinobot_cpp_examples/lib/python3.10/site-packages'
[1.426s] Level 1:colcon.colcon_core.environment:checking '/home/namiwije/arduinobot_ws/install/arduinobot_cpp_examples/bin'
[1.435s] INFO:colcon.colcon_core.shell:Creating package script '/home/namiwije/arduinobot_ws/install/arduinobot_cpp_examples/share/arduinobot_cpp_examples/package.ps1'
[1.436s] INFO:colcon.colcon_core.shell:Creating package descriptor '/home/namiwije/arduinobot_ws/install/arduinobot_cpp_examples/share/arduinobot_cpp_examples/package.dsv'
[1.436s] INFO:colcon.colcon_core.shell:Creating package script '/home/namiwije/arduinobot_ws/install/arduinobot_cpp_examples/share/arduinobot_cpp_examples/package.sh'
[1.436s] INFO:colcon.colcon_core.shell:Creating package script '/home/namiwije/arduinobot_ws/install/arduinobot_cpp_examples/share/arduinobot_cpp_examples/package.bash'
[1.437s] INFO:colcon.colcon_core.shell:Creating package script '/home/namiwije/arduinobot_ws/install/arduinobot_cpp_examples/share/arduinobot_cpp_examples/package.zsh'
[1.437s] Level 1:colcon.colcon_core.environment:create_file_with_runtime_dependencies(/home/namiwije/arduinobot_ws/install/arduinobot_cpp_examples/share/colcon-core/packages/arduinobot_cpp_examples)
[1.449s] Level 1:colcon.colcon_core.environment:create_environment_scripts_only(arduinobot_description)
[1.458s] Level 1:colcon.colcon_core.environment:checking '/home/namiwije/arduinobot_ws/install/arduinobot_description' for CMake module files
[1.459s] Level 1:colcon.colcon_core.environment:checking '/home/namiwije/arduinobot_ws/install/arduinobot_description' for CMake config files
[1.459s] Level 1:colcon.colcon_core.shell:create_environment_hook('arduinobot_description', 'cmake_prefix_path')
[1.468s] INFO:colcon.colcon_core.shell:Creating environment hook '/home/namiwije/arduinobot_ws/install/arduinobot_description/share/arduinobot_description/hook/cmake_prefix_path.ps1'
[1.468s] INFO:colcon.colcon_core.shell:Creating environment descriptor '/home/namiwije/arduinobot_ws/install/arduinobot_description/share/arduinobot_description/hook/cmake_prefix_path.dsv'
[1.468s] INFO:colcon.colcon_core.shell:Creating environment hook '/home/namiwije/arduinobot_ws/install/arduinobot_description/share/arduinobot_description/hook/cmake_prefix_path.sh'
[1.469s] Level 1:colcon.colcon_core.environment:checking '/home/namiwije/arduinobot_ws/install/arduinobot_description/bin'
[1.469s] Level 1:colcon.colcon_core.environment:checking '/home/namiwije/arduinobot_ws/install/arduinobot_description/lib/pkgconfig/arduinobot_description.pc'
[1.469s] Level 1:colcon.colcon_core.environment:checking '/home/namiwije/arduinobot_ws/install/arduinobot_description/lib/python3.10/site-packages'
[1.469s] Level 1:colcon.colcon_core.environment:checking '/home/namiwije/arduinobot_ws/install/arduinobot_description/bin'
[1.479s] INFO:colcon.colcon_core.shell:Creating package script '/home/namiwije/arduinobot_ws/install/arduinobot_description/share/arduinobot_description/package.ps1'
[1.480s] INFO:colcon.colcon_core.shell:Creating package descriptor '/home/namiwije/arduinobot_ws/install/arduinobot_description/share/arduinobot_description/package.dsv'
[1.480s] INFO:colcon.colcon_core.shell:Creating package script '/home/namiwije/arduinobot_ws/install/arduinobot_description/share/arduinobot_description/package.sh'
[1.480s] INFO:colcon.colcon_core.shell:Creating package script '/home/namiwije/arduinobot_ws/install/arduinobot_description/share/arduinobot_description/package.bash'
[1.480s] INFO:colcon.colcon_core.shell:Creating package script '/home/namiwije/arduinobot_ws/install/arduinobot_description/share/arduinobot_description/package.zsh'
[1.480s] Level 1:colcon.colcon_core.environment:create_file_with_runtime_dependencies(/home/namiwije/arduinobot_ws/install/arduinobot_description/share/colcon-core/packages/arduinobot_description)
[1.483s] DEBUG:colcon.colcon_core.event_handler.log_command:Invoking command in '/home/namiwije/arduinobot_ws/src/arduinobot_py_examples': PYTHONPATH=/home/namiwije/arduinobot_ws/build/arduinobot_py_examples/prefix_override:/home/namiwije/arduinobot_ws/install/arduinobot_py_examples/lib/python3.10/site-packages:${PYTHONPATH} /usr/bin/python3 setup.py egg_info --egg-base ../../build/arduinobot_py_examples build --build-base /home/namiwije/arduinobot_ws/build/arduinobot_py_examples/build install --record /home/namiwije/arduinobot_ws/build/arduinobot_py_examples/install.log --single-version-externally-managed
[1.658s] DEBUG:colcon.colcon_core.event_handler.log_command:Invoked command in '/home/namiwije/arduinobot_ws/src/arduinobot_py_examples' returned '0': PYTHONPATH=/home/namiwije/arduinobot_ws/build/arduinobot_py_examples/prefix_override:/home/namiwije/arduinobot_ws/install/arduinobot_py_examples/lib/python3.10/site-packages:${PYTHONPATH} /usr/bin/python3 setup.py egg_info --egg-base ../../build/arduinobot_py_examples build --build-base /home/namiwije/arduinobot_ws/build/arduinobot_py_examples/build install --record /home/namiwije/arduinobot_ws/build/arduinobot_py_examples/install.log --single-version-externally-managed
[1.667s] Level 1:colcon.colcon_core.environment:checking '/home/namiwije/arduinobot_ws/install/arduinobot_py_examples' for CMake module files
[1.667s] Level 1:colcon.colcon_core.environment:checking '/home/namiwije/arduinobot_ws/install/arduinobot_py_examples' for CMake config files
[1.667s] Level 1:colcon.colcon_core.environment:checking '/home/namiwije/arduinobot_ws/install/arduinobot_py_examples/lib'
[1.667s] Level 1:colcon.colcon_core.environment:checking '/home/namiwije/arduinobot_ws/install/arduinobot_py_examples/bin'
[1.667s] Level 1:colcon.colcon_core.environment:checking '/home/namiwije/arduinobot_ws/install/arduinobot_py_examples/lib/pkgconfig/arduinobot_py_examples.pc'
[1.668s] Level 1:colcon.colcon_core.environment:checking '/home/namiwije/arduinobot_ws/install/arduinobot_py_examples/lib/python3.10/site-packages'
[1.668s] Level 1:colcon.colcon_core.shell:create_environment_hook('arduinobot_py_examples', 'pythonpath')
[1.676s] INFO:colcon.colcon_core.shell:Creating environment hook '/home/namiwije/arduinobot_ws/install/arduinobot_py_examples/share/arduinobot_py_examples/hook/pythonpath.ps1'
[1.677s] INFO:colcon.colcon_core.shell:Creating environment descriptor '/home/namiwije/arduinobot_ws/install/arduinobot_py_examples/share/arduinobot_py_examples/hook/pythonpath.dsv'
[1.677s] INFO:colcon.colcon_core.shell:Creating environment hook '/home/namiwije/arduinobot_ws/install/arduinobot_py_examples/share/arduinobot_py_examples/hook/pythonpath.sh'
[1.677s] Level 1:colcon.colcon_core.environment:checking '/home/namiwije/arduinobot_ws/install/arduinobot_py_examples/bin'
[1.677s] Level 1:colcon.colcon_core.environment:create_environment_scripts_only(arduinobot_py_examples)
[1.694s] INFO:colcon.colcon_core.shell:Creating package script '/home/namiwije/arduinobot_ws/install/arduinobot_py_examples/share/arduinobot_py_examples/package.ps1'
[1.694s] INFO:colcon.colcon_core.shell:Creating package descriptor '/home/namiwije/arduinobot_ws/install/arduinobot_py_examples/share/arduinobot_py_examples/package.dsv'
[1.694s] INFO:colcon.colcon_core.shell:Creating package script '/home/namiwije/arduinobot_ws/install/arduinobot_py_examples/share/arduinobot_py_examples/package.sh'
[1.695s] INFO:colcon.colcon_core.shell:Creating package script '/home/namiwije/arduinobot_ws/install/arduinobot_py_examples/share/arduinobot_py_examples/package.bash'
[1.695s] INFO:colcon.colcon_core.shell:Creating package script '/home/namiwije/arduinobot_ws/install/arduinobot_py_examples/share/arduinobot_py_examples/package.zsh'
[1.695s] Level 1:colcon.colcon_core.environment:create_file_with_runtime_dependencies(/home/namiwije/arduinobot_ws/install/arduinobot_py_examples/share/colcon-core/packages/arduinobot_py_examples)
[1.695s] DEBUG:colcon.colcon_parallel_executor.executor.parallel:closing loop
[1.695s] DEBUG:colcon.colcon_parallel_executor.executor.parallel:loop closed
[1.695s] DEBUG:colcon.colcon_parallel_executor.executor.parallel:run_until_complete finished with '0'
[1.695s] DEBUG:colcon.colcon_core.event_reactor:joining thread
[1.707s] INFO:colcon.colcon_core.plugin_system:Skipping extension 'colcon_notification.desktop_notification.terminal_notifier': Not used on non-Darwin systems
[1.707s] INFO:colcon.colcon_core.plugin_system:Skipping extension 'colcon_notification.desktop_notification.win32': Not used on non-Windows systems
[1.707s] INFO:colcon.colcon_notification.desktop_notification:Sending desktop notification using 'notify2'
[1.715s] DEBUG:colcon.colcon_core.event_reactor:joined thread
[1.724s] INFO:colcon.colcon_core.shell:Creating prefix script '/home/namiwije/arduinobot_ws/install/local_setup.ps1'
[1.725s] INFO:colcon.colcon_core.shell:Creating prefix util module '/home/namiwije/arduinobot_ws/install/_local_setup_util_ps1.py'
[1.726s] INFO:colcon.colcon_core.shell:Creating prefix chain script '/home/namiwije/arduinobot_ws/install/setup.ps1'
[1.735s] INFO:colcon.colcon_core.shell:Creating prefix script '/home/namiwije/arduinobot_ws/install/local_setup.sh'
[1.735s] INFO:colcon.colcon_core.shell:Creating prefix util module '/home/namiwije/arduinobot_ws/install/_local_setup_util_sh.py'
[1.735s] INFO:colcon.colcon_core.shell:Creating prefix chain script '/home/namiwije/arduinobot_ws/install/setup.sh'
[1.745s] INFO:colcon.colcon_core.shell:Creating prefix script '/home/namiwije/arduinobot_ws/install/local_setup.bash'
[1.745s] INFO:colcon.colcon_core.shell:Creating prefix chain script '/home/namiwije/arduinobot_ws/install/setup.bash'
[1.754s] INFO:colcon.colcon_core.shell:Creating prefix script '/home/namiwije/arduinobot_ws/install/local_setup.zsh'
[1.754s] INFO:colcon.colcon_core.shell:Creating prefix chain script '/home/namiwije/arduinobot_ws/install/setup.zsh'
