[0.512s] DEBUG:colcon:Command line arguments: ['/usr/bin/colcon', 'build']
[0.512s] DEBUG:colcon:Parsed command line arguments: Namespace(log_base=None, log_level=None, verb_name='build', build_base='build', install_base='install', merge_install=False, symlink_install=False, test_result_base=None, continue_on_error=False, executor='parallel', parallel_workers=8, event_handlers=None, ignore_user_meta=False, metas=['./colcon.meta'], base_paths=['.'], packages_ignore=None, packages_ignore_regex=None, paths=None, packages_up_to=None, packages_up_to_regex=None, packages_above=None, packages_above_and_dependencies=None, packages_above_depth=None, packages_select_by_dep=None, packages_skip_by_dep=None, packages_skip_up_to=None, packages_select_build_failed=False, packages_skip_build_finished=False, packages_select_test_failures=False, packages_skip_test_passed=False, packages_select=None, packages_skip=None, packages_select_regex=None, packages_skip_regex=None, packages_start=None, packages_end=None, allow_overriding=[], cmake_args=None, cmake_target=None, cmake_target_skip_unavailable=False, cmake_clean_cache=False, cmake_clean_first=False, cmake_force_configure=False, ament_cmake_args=None, catkin_cmake_args=None, catkin_skip_building_tests=False, verb_parser=<colcon_defaults.argument_parser.defaults.DefaultArgumentsDecorator object at 0x7fb0d8412140>, verb_extension=<colcon_core.verb.build.BuildVerb object at 0x7fb0d8413880>, main=<bound method BuildVerb.main of <colcon_core.verb.build.BuildVerb object at 0x7fb0d8413880>>)
[0.551s] Level 1:colcon.colcon_core.package_discovery:discover_packages(colcon_meta) check parameters
[0.551s] Level 1:colcon.colcon_core.package_discovery:discover_packages(recursive) check parameters
[0.551s] Level 1:colcon.colcon_core.package_discovery:discover_packages(ignore) check parameters
[0.551s] Level 1:colcon.colcon_core.package_discovery:discover_packages(path) check parameters
[0.551s] Level 1:colcon.colcon_core.package_discovery:discover_packages(colcon_meta) discover
[0.551s] Level 1:colcon.colcon_core.package_discovery:discover_packages(recursive) discover
[0.551s] INFO:colcon.colcon_core.package_discovery:Crawling recursively for packages in '/home/namiwije/arduinobot_ws'
[0.551s] Level 1:colcon.colcon_core.package_identification:_identify(.) by extensions ['ignore', 'ignore_ament_install']
[0.552s] Level 1:colcon.colcon_core.package_identification:_identify(.) by extension 'ignore'
[0.552s] Level 1:colcon.colcon_core.package_identification:_identify(.) by extension 'ignore_ament_install'
[0.552s] Level 1:colcon.colcon_core.package_identification:_identify(.) by extensions ['colcon_pkg']
[0.552s] Level 1:colcon.colcon_core.package_identification:_identify(.) by extension 'colcon_pkg'
[0.552s] Level 1:colcon.colcon_core.package_identification:_identify(.) by extensions ['colcon_meta']
[0.552s] Level 1:colcon.colcon_core.package_identification:_identify(.) by extension 'colcon_meta'
[0.552s] Level 1:colcon.colcon_core.package_identification:_identify(.) by extensions ['ros']
[0.552s] Level 1:colcon.colcon_core.package_identification:_identify(.) by extension 'ros'
[0.561s] Level 1:colcon.colcon_core.package_identification:_identify(.) by extensions ['cmake', 'python']
[0.561s] Level 1:colcon.colcon_core.package_identification:_identify(.) by extension 'cmake'
[0.561s] Level 1:colcon.colcon_core.package_identification:_identify(.) by extension 'python'
[0.561s] Level 1:colcon.colcon_core.package_identification:_identify(.) by extensions ['python_setup_py']
[0.561s] Level 1:colcon.colcon_core.package_identification:_identify(.) by extension 'python_setup_py'
[0.561s] Level 1:colcon.colcon_core.package_identification:_identify(build) by extensions ['ignore', 'ignore_ament_install']
[0.561s] Level 1:colcon.colcon_core.package_identification:_identify(build) by extension 'ignore'
[0.561s] Level 1:colcon.colcon_core.package_identification:_identify(build) ignored
[0.561s] Level 1:colcon.colcon_core.package_identification:_identify(install) by extensions ['ignore', 'ignore_ament_install']
[0.561s] Level 1:colcon.colcon_core.package_identification:_identify(install) by extension 'ignore'
[0.561s] Level 1:colcon.colcon_core.package_identification:_identify(install) ignored
[0.562s] Level 1:colcon.colcon_core.package_identification:_identify(log) by extensions ['ignore', 'ignore_ament_install']
[0.562s] Level 1:colcon.colcon_core.package_identification:_identify(log) by extension 'ignore'
[0.562s] Level 1:colcon.colcon_core.package_identification:_identify(log) ignored
[0.562s] Level 1:colcon.colcon_core.package_identification:_identify(src) by extensions ['ignore', 'ignore_ament_install']
[0.562s] Level 1:colcon.colcon_core.package_identification:_identify(src) by extension 'ignore'
[0.562s] Level 1:colcon.colcon_core.package_identification:_identify(src) by extension 'ignore_ament_install'
[0.562s] Level 1:colcon.colcon_core.package_identification:_identify(src) by extensions ['colcon_pkg']
[0.562s] Level 1:colcon.colcon_core.package_identification:_identify(src) by extension 'colcon_pkg'
[0.562s] Level 1:colcon.colcon_core.package_identification:_identify(src) by extensions ['colcon_meta']
[0.562s] Level 1:colcon.colcon_core.package_identification:_identify(src) by extension 'colcon_meta'
[0.562s] Level 1:colcon.colcon_core.package_identification:_identify(src) by extensions ['ros']
[0.562s] Level 1:colcon.colcon_core.package_identification:_identify(src) by extension 'ros'
[0.562s] Level 1:colcon.colcon_core.package_identification:_identify(src) by extensions ['cmake', 'python']
[0.562s] Level 1:colcon.colcon_core.package_identification:_identify(src) by extension 'cmake'
[0.562s] Level 1:colcon.colcon_core.package_identification:_identify(src) by extension 'python'
[0.562s] Level 1:colcon.colcon_core.package_identification:_identify(src) by extensions ['python_setup_py']
[0.562s] Level 1:colcon.colcon_core.package_identification:_identify(src) by extension 'python_setup_py'
[0.563s] Level 1:colcon.colcon_core.package_identification:_identify(src/arduinobot_controller) by extensions ['ignore', 'ignore_ament_install']
[0.563s] Level 1:colcon.colcon_core.package_identification:_identify(src/arduinobot_controller) by extension 'ignore'
[0.563s] Level 1:colcon.colcon_core.package_identification:_identify(src/arduinobot_controller) by extension 'ignore_ament_install'
[0.563s] Level 1:colcon.colcon_core.package_identification:_identify(src/arduinobot_controller) by extensions ['colcon_pkg']
[0.563s] Level 1:colcon.colcon_core.package_identification:_identify(src/arduinobot_controller) by extension 'colcon_pkg'
[0.563s] Level 1:colcon.colcon_core.package_identification:_identify(src/arduinobot_controller) by extensions ['colcon_meta']
[0.563s] Level 1:colcon.colcon_core.package_identification:_identify(src/arduinobot_controller) by extension 'colcon_meta'
[0.563s] Level 1:colcon.colcon_core.package_identification:_identify(src/arduinobot_controller) by extensions ['ros']
[0.563s] Level 1:colcon.colcon_core.package_identification:_identify(src/arduinobot_controller) by extension 'ros'
[0.565s] DEBUG:colcon.colcon_core.package_identification:Package 'src/arduinobot_controller' with type 'ros.ament_cmake' and name 'arduinobot_controller'
[0.565s] Level 1:colcon.colcon_core.package_identification:_identify(src/arduinobot_cpp_examples) by extensions ['ignore', 'ignore_ament_install']
[0.565s] Level 1:colcon.colcon_core.package_identification:_identify(src/arduinobot_cpp_examples) by extension 'ignore'
[0.566s] Level 1:colcon.colcon_core.package_identification:_identify(src/arduinobot_cpp_examples) by extension 'ignore_ament_install'
[0.566s] Level 1:colcon.colcon_core.package_identification:_identify(src/arduinobot_cpp_examples) by extensions ['colcon_pkg']
[0.566s] Level 1:colcon.colcon_core.package_identification:_identify(src/arduinobot_cpp_examples) by extension 'colcon_pkg'
[0.566s] Level 1:colcon.colcon_core.package_identification:_identify(src/arduinobot_cpp_examples) by extensions ['colcon_meta']
[0.566s] Level 1:colcon.colcon_core.package_identification:_identify(src/arduinobot_cpp_examples) by extension 'colcon_meta'
[0.566s] Level 1:colcon.colcon_core.package_identification:_identify(src/arduinobot_cpp_examples) by extensions ['ros']
[0.566s] Level 1:colcon.colcon_core.package_identification:_identify(src/arduinobot_cpp_examples) by extension 'ros'
[0.566s] DEBUG:colcon.colcon_core.package_identification:Package 'src/arduinobot_cpp_examples' with type 'ros.ament_cmake' and name 'arduinobot_cpp_examples'
[0.566s] Level 1:colcon.colcon_core.package_identification:_identify(src/arduinobot_description) by extensions ['ignore', 'ignore_ament_install']
[0.566s] Level 1:colcon.colcon_core.package_identification:_identify(src/arduinobot_description) by extension 'ignore'
[0.566s] Level 1:colcon.colcon_core.package_identification:_identify(src/arduinobot_description) by extension 'ignore_ament_install'
[0.566s] Level 1:colcon.colcon_core.package_identification:_identify(src/arduinobot_description) by extensions ['colcon_pkg']
[0.566s] Level 1:colcon.colcon_core.package_identification:_identify(src/arduinobot_description) by extension 'colcon_pkg'
[0.566s] Level 1:colcon.colcon_core.package_identification:_identify(src/arduinobot_description) by extensions ['colcon_meta']
[0.566s] Level 1:colcon.colcon_core.package_identification:_identify(src/arduinobot_description) by extension 'colcon_meta'
[0.566s] Level 1:colcon.colcon_core.package_identification:_identify(src/arduinobot_description) by extensions ['ros']
[0.566s] Level 1:colcon.colcon_core.package_identification:_identify(src/arduinobot_description) by extension 'ros'
[0.567s] DEBUG:colcon.colcon_core.package_identification:Package 'src/arduinobot_description' with type 'ros.ament_cmake' and name 'arduinobot_description'
[0.567s] Level 1:colcon.colcon_core.package_identification:_identify(src/arduinobot_py_examples) by extensions ['ignore', 'ignore_ament_install']
[0.567s] Level 1:colcon.colcon_core.package_identification:_identify(src/arduinobot_py_examples) by extension 'ignore'
[0.567s] Level 1:colcon.colcon_core.package_identification:_identify(src/arduinobot_py_examples) by extension 'ignore_ament_install'
[0.567s] Level 1:colcon.colcon_core.package_identification:_identify(src/arduinobot_py_examples) by extensions ['colcon_pkg']
[0.567s] Level 1:colcon.colcon_core.package_identification:_identify(src/arduinobot_py_examples) by extension 'colcon_pkg'
[0.567s] Level 1:colcon.colcon_core.package_identification:_identify(src/arduinobot_py_examples) by extensions ['colcon_meta']
[0.567s] Level 1:colcon.colcon_core.package_identification:_identify(src/arduinobot_py_examples) by extension 'colcon_meta'
[0.568s] Level 1:colcon.colcon_core.package_identification:_identify(src/arduinobot_py_examples) by extensions ['ros']
[0.568s] Level 1:colcon.colcon_core.package_identification:_identify(src/arduinobot_py_examples) by extension 'ros'
[0.568s] DEBUG:colcon.colcon_core.package_identification:Package 'src/arduinobot_py_examples' with type 'ros.ament_python' and name 'arduinobot_py_examples'
[0.568s] Level 1:colcon.colcon_core.package_identification:_identify(src/build) by extensions ['ignore', 'ignore_ament_install']
[0.568s] Level 1:colcon.colcon_core.package_identification:_identify(src/build) by extension 'ignore'
[0.569s] Level 1:colcon.colcon_core.package_identification:_identify(src/build) ignored
[0.569s] Level 1:colcon.colcon_core.package_identification:_identify(src/install) by extensions ['ignore', 'ignore_ament_install']
[0.569s] Level 1:colcon.colcon_core.package_identification:_identify(src/install) by extension 'ignore'
[0.569s] Level 1:colcon.colcon_core.package_identification:_identify(src/install) ignored
[0.569s] Level 1:colcon.colcon_core.package_identification:_identify(src/log) by extensions ['ignore', 'ignore_ament_install']
[0.569s] Level 1:colcon.colcon_core.package_identification:_identify(src/log) by extension 'ignore'
[0.569s] Level 1:colcon.colcon_core.package_identification:_identify(src/log) ignored
[0.569s] Level 1:colcon.colcon_core.package_discovery:discover_packages(recursive) using defaults
[0.569s] Level 1:colcon.colcon_core.package_discovery:discover_packages(ignore) discover
[0.569s] Level 1:colcon.colcon_core.package_discovery:discover_packages(ignore) using defaults
[0.569s] Level 1:colcon.colcon_core.package_discovery:discover_packages(path) discover
[0.569s] Level 1:colcon.colcon_core.package_discovery:discover_packages(path) using defaults
[0.613s] Level 1:colcon.colcon_core.package_discovery:discover_packages(prefix_path) check parameters
[0.613s] Level 1:colcon.colcon_core.package_discovery:discover_packages(prefix_path) discover
[0.619s] Level 1:colcon.colcon_core.package_discovery:discover_packages(prefix_path) using defaults
[0.629s] Level 5:colcon.colcon_core.verb:set package 'arduinobot_controller' build argument 'cmake_args' from command line to 'None'
[0.629s] Level 5:colcon.colcon_core.verb:set package 'arduinobot_controller' build argument 'cmake_target' from command line to 'None'
[0.629s] Level 5:colcon.colcon_core.verb:set package 'arduinobot_controller' build argument 'cmake_target_skip_unavailable' from command line to 'False'
[0.629s] Level 5:colcon.colcon_core.verb:set package 'arduinobot_controller' build argument 'cmake_clean_cache' from command line to 'False'
[0.629s] Level 5:colcon.colcon_core.verb:set package 'arduinobot_controller' build argument 'cmake_clean_first' from command line to 'False'
[0.629s] Level 5:colcon.colcon_core.verb:set package 'arduinobot_controller' build argument 'cmake_force_configure' from command line to 'False'
[0.629s] Level 5:colcon.colcon_core.verb:set package 'arduinobot_controller' build argument 'ament_cmake_args' from command line to 'None'
[0.629s] Level 5:colcon.colcon_core.verb:set package 'arduinobot_controller' build argument 'catkin_cmake_args' from command line to 'None'
[0.629s] Level 5:colcon.colcon_core.verb:set package 'arduinobot_controller' build argument 'catkin_skip_building_tests' from command line to 'False'
[0.629s] DEBUG:colcon.colcon_core.verb:Building package 'arduinobot_controller' with the following arguments: {'ament_cmake_args': None, 'build_base': '/home/namiwije/arduinobot_ws/build/arduinobot_controller', 'catkin_cmake_args': None, 'catkin_skip_building_tests': False, 'cmake_args': None, 'cmake_clean_cache': False, 'cmake_clean_first': False, 'cmake_force_configure': False, 'cmake_target': None, 'cmake_target_skip_unavailable': False, 'install_base': '/home/namiwije/arduinobot_ws/install/arduinobot_controller', 'merge_install': False, 'path': '/home/namiwije/arduinobot_ws/src/arduinobot_controller', 'symlink_install': False, 'test_result_base': None}
[0.634s] Level 5:colcon.colcon_core.verb:set package 'arduinobot_cpp_examples' build argument 'cmake_args' from command line to 'None'
[0.634s] Level 5:colcon.colcon_core.verb:set package 'arduinobot_cpp_examples' build argument 'cmake_target' from command line to 'None'
[0.634s] Level 5:colcon.colcon_core.verb:set package 'arduinobot_cpp_examples' build argument 'cmake_target_skip_unavailable' from command line to 'False'
[0.634s] Level 5:colcon.colcon_core.verb:set package 'arduinobot_cpp_examples' build argument 'cmake_clean_cache' from command line to 'False'
[0.634s] Level 5:colcon.colcon_core.verb:set package 'arduinobot_cpp_examples' build argument 'cmake_clean_first' from command line to 'False'
[0.634s] Level 5:colcon.colcon_core.verb:set package 'arduinobot_cpp_examples' build argument 'cmake_force_configure' from command line to 'False'
[0.634s] Level 5:colcon.colcon_core.verb:set package 'arduinobot_cpp_examples' build argument 'ament_cmake_args' from command line to 'None'
[0.634s] Level 5:colcon.colcon_core.verb:set package 'arduinobot_cpp_examples' build argument 'catkin_cmake_args' from command line to 'None'
[0.634s] Level 5:colcon.colcon_core.verb:set package 'arduinobot_cpp_examples' build argument 'catkin_skip_building_tests' from command line to 'False'
[0.634s] DEBUG:colcon.colcon_core.verb:Building package 'arduinobot_cpp_examples' with the following arguments: {'ament_cmake_args': None, 'build_base': '/home/namiwije/arduinobot_ws/build/arduinobot_cpp_examples', 'catkin_cmake_args': None, 'catkin_skip_building_tests': False, 'cmake_args': None, 'cmake_clean_cache': False, 'cmake_clean_first': False, 'cmake_force_configure': False, 'cmake_target': None, 'cmake_target_skip_unavailable': False, 'install_base': '/home/namiwije/arduinobot_ws/install/arduinobot_cpp_examples', 'merge_install': False, 'path': '/home/namiwije/arduinobot_ws/src/arduinobot_cpp_examples', 'symlink_install': False, 'test_result_base': None}
[0.639s] Level 5:colcon.colcon_core.verb:set package 'arduinobot_description' build argument 'cmake_args' from command line to 'None'
[0.639s] Level 5:colcon.colcon_core.verb:set package 'arduinobot_description' build argument 'cmake_target' from command line to 'None'
[0.639s] Level 5:colcon.colcon_core.verb:set package 'arduinobot_description' build argument 'cmake_target_skip_unavailable' from command line to 'False'
[0.639s] Level 5:colcon.colcon_core.verb:set package 'arduinobot_description' build argument 'cmake_clean_cache' from command line to 'False'
[0.639s] Level 5:colcon.colcon_core.verb:set package 'arduinobot_description' build argument 'cmake_clean_first' from command line to 'False'
[0.639s] Level 5:colcon.colcon_core.verb:set package 'arduinobot_description' build argument 'cmake_force_configure' from command line to 'False'
[0.639s] Level 5:colcon.colcon_core.verb:set package 'arduinobot_description' build argument 'ament_cmake_args' from command line to 'None'
[0.639s] Level 5:colcon.colcon_core.verb:set package 'arduinobot_description' build argument 'catkin_cmake_args' from command line to 'None'
[0.639s] Level 5:colcon.colcon_core.verb:set package 'arduinobot_description' build argument 'catkin_skip_building_tests' from command line to 'False'
[0.639s] DEBUG:colcon.colcon_core.verb:Building package 'arduinobot_description' with the following arguments: {'ament_cmake_args': None, 'build_base': '/home/namiwije/arduinobot_ws/build/arduinobot_description', 'catkin_cmake_args': None, 'catkin_skip_building_tests': False, 'cmake_args': None, 'cmake_clean_cache': False, 'cmake_clean_first': False, 'cmake_force_configure': False, 'cmake_target': None, 'cmake_target_skip_unavailable': False, 'install_base': '/home/namiwije/arduinobot_ws/install/arduinobot_description', 'merge_install': False, 'path': '/home/namiwije/arduinobot_ws/src/arduinobot_description', 'symlink_install': False, 'test_result_base': None}
[0.643s] Level 5:colcon.colcon_core.verb:set package 'arduinobot_py_examples' build argument 'cmake_args' from command line to 'None'
[0.643s] Level 5:colcon.colcon_core.verb:set package 'arduinobot_py_examples' build argument 'cmake_target' from command line to 'None'
[0.643s] Level 5:colcon.colcon_core.verb:set package 'arduinobot_py_examples' build argument 'cmake_target_skip_unavailable' from command line to 'False'
[0.643s] Level 5:colcon.colcon_core.verb:set package 'arduinobot_py_examples' build argument 'cmake_clean_cache' from command line to 'False'
[0.643s] Level 5:colcon.colcon_core.verb:set package 'arduinobot_py_examples' build argument 'cmake_clean_first' from command line to 'False'
[0.643s] Level 5:colcon.colcon_core.verb:set package 'arduinobot_py_examples' build argument 'cmake_force_configure' from command line to 'False'
[0.643s] Level 5:colcon.colcon_core.verb:set package 'arduinobot_py_examples' build argument 'ament_cmake_args' from command line to 'None'
[0.643s] Level 5:colcon.colcon_core.verb:set package 'arduinobot_py_examples' build argument 'catkin_cmake_args' from command line to 'None'
[0.643s] Level 5:colcon.colcon_core.verb:set package 'arduinobot_py_examples' build argument 'catkin_skip_building_tests' from command line to 'False'
[0.643s] DEBUG:colcon.colcon_core.verb:Building package 'arduinobot_py_examples' with the following arguments: {'ament_cmake_args': None, 'build_base': '/home/namiwije/arduinobot_ws/build/arduinobot_py_examples', 'catkin_cmake_args': None, 'catkin_skip_building_tests': False, 'cmake_args': None, 'cmake_clean_cache': False, 'cmake_clean_first': False, 'cmake_force_configure': False, 'cmake_target': None, 'cmake_target_skip_unavailable': False, 'install_base': '/home/namiwije/arduinobot_ws/install/arduinobot_py_examples', 'merge_install': False, 'path': '/home/namiwije/arduinobot_ws/src/arduinobot_py_examples', 'symlink_install': False, 'test_result_base': None}
[0.648s] INFO:colcon.colcon_core.executor:Executing jobs using 'parallel' executor
[0.653s] DEBUG:colcon.colcon_parallel_executor.executor.parallel:run_until_complete
[0.653s] INFO:colcon.colcon_ros.task.ament_cmake.build:Building ROS package in '/home/namiwije/arduinobot_ws/src/arduinobot_controller' with build type 'ament_cmake'
[0.653s] INFO:colcon.colcon_cmake.task.cmake.build:Building CMake package in '/home/namiwije/arduinobot_ws/src/arduinobot_controller'
[0.661s] INFO:colcon.colcon_core.plugin_system:Skipping extension 'colcon_core.shell.bat': Not used on non-Windows systems
[0.661s] INFO:colcon.colcon_core.shell:Skip shell extension 'powershell' for command environment: Not usable outside of PowerShell
[0.661s] DEBUG:colcon.colcon_core.shell:Skip shell extension 'dsv' for command environment
[0.667s] INFO:colcon.colcon_ros.task.ament_cmake.build:Building ROS package in '/home/namiwije/arduinobot_ws/src/arduinobot_cpp_examples' with build type 'ament_cmake'
[0.668s] INFO:colcon.colcon_cmake.task.cmake.build:Building CMake package in '/home/namiwije/arduinobot_ws/src/arduinobot_cpp_examples'
[0.673s] INFO:colcon.colcon_core.shell:Skip shell extension 'powershell' for command environment: Not usable outside of PowerShell
[0.673s] DEBUG:colcon.colcon_core.shell:Skip shell extension 'dsv' for command environment
[0.678s] INFO:colcon.colcon_ros.task.ament_cmake.build:Building ROS package in '/home/namiwije/arduinobot_ws/src/arduinobot_description' with build type 'ament_cmake'
[0.679s] INFO:colcon.colcon_cmake.task.cmake.build:Building CMake package in '/home/namiwije/arduinobot_ws/src/arduinobot_description'
[0.684s] INFO:colcon.colcon_core.shell:Skip shell extension 'powershell' for command environment: Not usable outside of PowerShell
[0.684s] DEBUG:colcon.colcon_core.shell:Skip shell extension 'dsv' for command environment
[0.690s] INFO:colcon.colcon_ros.task.ament_python.build:Building ROS package in '/home/namiwije/arduinobot_ws/src/arduinobot_py_examples' with build type 'ament_python'
[0.690s] Level 1:colcon.colcon_core.shell:create_environment_hook('arduinobot_py_examples', 'ament_prefix_path')
[0.695s] INFO:colcon.colcon_core.shell:Creating environment hook '/home/namiwije/arduinobot_ws/install/arduinobot_py_examples/share/arduinobot_py_examples/hook/ament_prefix_path.ps1'
[0.696s] INFO:colcon.colcon_core.shell:Creating environment descriptor '/home/namiwije/arduinobot_ws/install/arduinobot_py_examples/share/arduinobot_py_examples/hook/ament_prefix_path.dsv'
[0.697s] INFO:colcon.colcon_core.shell:Creating environment hook '/home/namiwije/arduinobot_ws/install/arduinobot_py_examples/share/arduinobot_py_examples/hook/ament_prefix_path.sh'
[0.702s] INFO:colcon.colcon_core.shell:Skip shell extension 'powershell' for command environment: Not usable outside of PowerShell
[0.702s] DEBUG:colcon.colcon_core.shell:Skip shell extension 'dsv' for command environment
[0.709s] DEBUG:colcon.colcon_core.event_handler.log_command:Invoking command in '/home/namiwije/arduinobot_ws/build/arduinobot_controller': /usr/bin/cmake --build /home/namiwije/arduinobot_ws/build/arduinobot_controller -- -j8 -l8
[0.713s] DEBUG:colcon.colcon_core.event_handler.log_command:Invoking command in '/home/namiwije/arduinobot_ws/build/arduinobot_cpp_examples': /usr/bin/cmake --build /home/namiwije/arduinobot_ws/build/arduinobot_cpp_examples -- -j8 -l8
[0.717s] DEBUG:colcon.colcon_core.event_handler.log_command:Invoking command in '/home/namiwije/arduinobot_ws/build/arduinobot_description': /usr/bin/cmake --build /home/namiwije/arduinobot_ws/build/arduinobot_description -- -j8 -l8
[0.862s] INFO:colcon.colcon_core.task.python.build:Building Python package in '/home/namiwije/arduinobot_ws/src/arduinobot_py_examples'
[0.867s] INFO:colcon.colcon_core.shell:Skip shell extension 'powershell' for command environment: Not usable outside of PowerShell
[0.867s] DEBUG:colcon.colcon_core.shell:Skip shell extension 'dsv' for command environment
[0.873s] DEBUG:colcon.colcon_core.event_handler.log_command:Invoked command in '/home/namiwije/arduinobot_ws/build/arduinobot_controller' returned '0': /usr/bin/cmake --build /home/namiwije/arduinobot_ws/build/arduinobot_controller -- -j8 -l8
[0.874s] DEBUG:colcon.colcon_core.event_handler.log_command:Invoked command in '/home/namiwije/arduinobot_ws/build/arduinobot_description' returned '0': /usr/bin/cmake --build /home/namiwije/arduinobot_ws/build/arduinobot_description -- -j8 -l8
[0.875s] DEBUG:colcon.colcon_core.event_handler.log_command:Invoked command in '/home/namiwije/arduinobot_ws/build/arduinobot_cpp_examples' returned '0': /usr/bin/cmake --build /home/namiwije/arduinobot_ws/build/arduinobot_cpp_examples -- -j8 -l8
[0.891s] DEBUG:colcon.colcon_core.event_handler.log_command:Invoking command in '/home/namiwije/arduinobot_ws/build/arduinobot_controller': /usr/bin/cmake --install /home/namiwije/arduinobot_ws/build/arduinobot_controller
[0.893s] DEBUG:colcon.colcon_core.event_handler.log_command:Invoking command in '/home/namiwije/arduinobot_ws/build/arduinobot_cpp_examples': /usr/bin/cmake --install /home/namiwije/arduinobot_ws/build/arduinobot_cpp_examples
[0.894s] DEBUG:colcon.colcon_core.event_handler.log_command:Invoking command in '/home/namiwije/arduinobot_ws/build/arduinobot_description': /usr/bin/cmake --install /home/namiwije/arduinobot_ws/build/arduinobot_description
[0.901s] Level 1:colcon.colcon_core.environment:create_environment_scripts_only(arduinobot_controller)
[0.901s] DEBUG:colcon.colcon_core.event_handler.log_command:Invoked command in '/home/namiwije/arduinobot_ws/build/arduinobot_controller' returned '0': /usr/bin/cmake --install /home/namiwije/arduinobot_ws/build/arduinobot_controller
[0.913s] Level 1:colcon.colcon_core.environment:checking '/home/namiwije/arduinobot_ws/install/arduinobot_controller' for CMake module files
[0.913s] Level 1:colcon.colcon_core.environment:checking '/home/namiwije/arduinobot_ws/install/arduinobot_controller' for CMake config files
[0.913s] Level 1:colcon.colcon_core.shell:create_environment_hook('arduinobot_controller', 'cmake_prefix_path')
[0.919s] INFO:colcon.colcon_core.shell:Creating environment hook '/home/namiwije/arduinobot_ws/install/arduinobot_controller/share/arduinobot_controller/hook/cmake_prefix_path.ps1'
[0.919s] INFO:colcon.colcon_core.shell:Creating environment descriptor '/home/namiwije/arduinobot_ws/install/arduinobot_controller/share/arduinobot_controller/hook/cmake_prefix_path.dsv'
[0.919s] INFO:colcon.colcon_core.shell:Creating environment hook '/home/namiwije/arduinobot_ws/install/arduinobot_controller/share/arduinobot_controller/hook/cmake_prefix_path.sh'
[0.920s] Level 1:colcon.colcon_core.environment:checking '/home/namiwije/arduinobot_ws/install/arduinobot_controller/bin'
[0.920s] Level 1:colcon.colcon_core.environment:checking '/home/namiwije/arduinobot_ws/install/arduinobot_controller/lib/pkgconfig/arduinobot_controller.pc'
[0.920s] Level 1:colcon.colcon_core.environment:checking '/home/namiwije/arduinobot_ws/install/arduinobot_controller/lib/python3.10/site-packages'
[0.920s] Level 1:colcon.colcon_core.environment:checking '/home/namiwije/arduinobot_ws/install/arduinobot_controller/bin'
[0.925s] INFO:colcon.colcon_core.shell:Creating package script '/home/namiwije/arduinobot_ws/install/arduinobot_controller/share/arduinobot_controller/package.ps1'
[0.925s] INFO:colcon.colcon_core.shell:Creating package descriptor '/home/namiwije/arduinobot_ws/install/arduinobot_controller/share/arduinobot_controller/package.dsv'
[0.926s] INFO:colcon.colcon_core.shell:Creating package script '/home/namiwije/arduinobot_ws/install/arduinobot_controller/share/arduinobot_controller/package.sh'
[0.927s] INFO:colcon.colcon_core.shell:Creating package script '/home/namiwije/arduinobot_ws/install/arduinobot_controller/share/arduinobot_controller/package.bash'
[0.927s] INFO:colcon.colcon_core.shell:Creating package script '/home/namiwije/arduinobot_ws/install/arduinobot_controller/share/arduinobot_controller/package.zsh'
[0.928s] Level 1:colcon.colcon_core.environment:create_file_with_runtime_dependencies(/home/namiwije/arduinobot_ws/install/arduinobot_controller/share/colcon-core/packages/arduinobot_controller)
[0.929s] Level 1:colcon.colcon_core.environment:create_environment_scripts_only(arduinobot_cpp_examples)
[0.929s] DEBUG:colcon.colcon_core.event_handler.log_command:Invoked command in '/home/namiwije/arduinobot_ws/build/arduinobot_cpp_examples' returned '0': /usr/bin/cmake --install /home/namiwije/arduinobot_ws/build/arduinobot_cpp_examples
[0.935s] Level 1:colcon.colcon_core.environment:checking '/home/namiwije/arduinobot_ws/install/arduinobot_cpp_examples' for CMake module files
[0.935s] Level 1:colcon.colcon_core.environment:checking '/home/namiwije/arduinobot_ws/install/arduinobot_cpp_examples' for CMake config files
[0.935s] Level 1:colcon.colcon_core.shell:create_environment_hook('arduinobot_cpp_examples', 'cmake_prefix_path')
[0.940s] INFO:colcon.colcon_core.shell:Creating environment hook '/home/namiwije/arduinobot_ws/install/arduinobot_cpp_examples/share/arduinobot_cpp_examples/hook/cmake_prefix_path.ps1'
[0.941s] INFO:colcon.colcon_core.shell:Creating environment descriptor '/home/namiwije/arduinobot_ws/install/arduinobot_cpp_examples/share/arduinobot_cpp_examples/hook/cmake_prefix_path.dsv'
[0.941s] INFO:colcon.colcon_core.shell:Creating environment hook '/home/namiwije/arduinobot_ws/install/arduinobot_cpp_examples/share/arduinobot_cpp_examples/hook/cmake_prefix_path.sh'
[0.941s] Level 1:colcon.colcon_core.environment:checking '/home/namiwije/arduinobot_ws/install/arduinobot_cpp_examples/bin'
[0.941s] Level 1:colcon.colcon_core.environment:checking '/home/namiwije/arduinobot_ws/install/arduinobot_cpp_examples/lib/pkgconfig/arduinobot_cpp_examples.pc'
[0.941s] Level 1:colcon.colcon_core.environment:checking '/home/namiwije/arduinobot_ws/install/arduinobot_cpp_examples/lib/python3.10/site-packages'
[0.942s] Level 1:colcon.colcon_core.environment:checking '/home/namiwije/arduinobot_ws/install/arduinobot_cpp_examples/bin'
[0.947s] INFO:colcon.colcon_core.shell:Creating package script '/home/namiwije/arduinobot_ws/install/arduinobot_cpp_examples/share/arduinobot_cpp_examples/package.ps1'
[0.947s] INFO:colcon.colcon_core.shell:Creating package descriptor '/home/namiwije/arduinobot_ws/install/arduinobot_cpp_examples/share/arduinobot_cpp_examples/package.dsv'
[0.947s] INFO:colcon.colcon_core.shell:Creating package script '/home/namiwije/arduinobot_ws/install/arduinobot_cpp_examples/share/arduinobot_cpp_examples/package.sh'
[0.947s] INFO:colcon.colcon_core.shell:Creating package script '/home/namiwije/arduinobot_ws/install/arduinobot_cpp_examples/share/arduinobot_cpp_examples/package.bash'
[0.947s] INFO:colcon.colcon_core.shell:Creating package script '/home/namiwije/arduinobot_ws/install/arduinobot_cpp_examples/share/arduinobot_cpp_examples/package.zsh'
[0.948s] Level 1:colcon.colcon_core.environment:create_file_with_runtime_dependencies(/home/namiwije/arduinobot_ws/install/arduinobot_cpp_examples/share/colcon-core/packages/arduinobot_cpp_examples)
[0.949s] Level 1:colcon.colcon_core.environment:create_environment_scripts_only(arduinobot_description)
[0.949s] DEBUG:colcon.colcon_core.event_handler.log_command:Invoked command in '/home/namiwije/arduinobot_ws/build/arduinobot_description' returned '0': /usr/bin/cmake --install /home/namiwije/arduinobot_ws/build/arduinobot_description
[0.955s] Level 1:colcon.colcon_core.environment:checking '/home/namiwije/arduinobot_ws/install/arduinobot_description' for CMake module files
[0.955s] Level 1:colcon.colcon_core.environment:checking '/home/namiwije/arduinobot_ws/install/arduinobot_description' for CMake config files
[0.955s] Level 1:colcon.colcon_core.shell:create_environment_hook('arduinobot_description', 'cmake_prefix_path')
[0.960s] INFO:colcon.colcon_core.shell:Creating environment hook '/home/namiwije/arduinobot_ws/install/arduinobot_description/share/arduinobot_description/hook/cmake_prefix_path.ps1'
[0.961s] INFO:colcon.colcon_core.shell:Creating environment descriptor '/home/namiwije/arduinobot_ws/install/arduinobot_description/share/arduinobot_description/hook/cmake_prefix_path.dsv'
[0.961s] INFO:colcon.colcon_core.shell:Creating environment hook '/home/namiwije/arduinobot_ws/install/arduinobot_description/share/arduinobot_description/hook/cmake_prefix_path.sh'
[0.961s] Level 1:colcon.colcon_core.environment:checking '/home/namiwije/arduinobot_ws/install/arduinobot_description/bin'
[0.961s] Level 1:colcon.colcon_core.environment:checking '/home/namiwije/arduinobot_ws/install/arduinobot_description/lib/pkgconfig/arduinobot_description.pc'
[0.961s] Level 1:colcon.colcon_core.environment:checking '/home/namiwije/arduinobot_ws/install/arduinobot_description/lib/python3.10/site-packages'
[0.961s] Level 1:colcon.colcon_core.environment:checking '/home/namiwije/arduinobot_ws/install/arduinobot_description/bin'
[0.967s] INFO:colcon.colcon_core.shell:Creating package script '/home/namiwije/arduinobot_ws/install/arduinobot_description/share/arduinobot_description/package.ps1'
[0.967s] INFO:colcon.colcon_core.shell:Creating package descriptor '/home/namiwije/arduinobot_ws/install/arduinobot_description/share/arduinobot_description/package.dsv'
[0.967s] INFO:colcon.colcon_core.shell:Creating package script '/home/namiwije/arduinobot_ws/install/arduinobot_description/share/arduinobot_description/package.sh'
[0.967s] INFO:colcon.colcon_core.shell:Creating package script '/home/namiwije/arduinobot_ws/install/arduinobot_description/share/arduinobot_description/package.bash'
[0.968s] INFO:colcon.colcon_core.shell:Creating package script '/home/namiwije/arduinobot_ws/install/arduinobot_description/share/arduinobot_description/package.zsh'
[0.968s] Level 1:colcon.colcon_core.environment:create_file_with_runtime_dependencies(/home/namiwije/arduinobot_ws/install/arduinobot_description/share/colcon-core/packages/arduinobot_description)
[0.974s] Level 1:colcon.colcon_core.environment:create_environment_scripts_only(arduinobot_controller)
[0.979s] Level 1:colcon.colcon_core.environment:checking '/home/namiwije/arduinobot_ws/install/arduinobot_controller' for CMake module files
[0.980s] Level 1:colcon.colcon_core.environment:checking '/home/namiwije/arduinobot_ws/install/arduinobot_controller' for CMake config files
[0.980s] Level 1:colcon.colcon_core.shell:create_environment_hook('arduinobot_controller', 'cmake_prefix_path')
[0.985s] INFO:colcon.colcon_core.shell:Creating environment hook '/home/namiwije/arduinobot_ws/install/arduinobot_controller/share/arduinobot_controller/hook/cmake_prefix_path.ps1'
[0.985s] INFO:colcon.colcon_core.shell:Creating environment descriptor '/home/namiwije/arduinobot_ws/install/arduinobot_controller/share/arduinobot_controller/hook/cmake_prefix_path.dsv'
[0.986s] INFO:colcon.colcon_core.shell:Creating environment hook '/home/namiwije/arduinobot_ws/install/arduinobot_controller/share/arduinobot_controller/hook/cmake_prefix_path.sh'
[0.986s] Level 1:colcon.colcon_core.environment:checking '/home/namiwije/arduinobot_ws/install/arduinobot_controller/bin'
[0.986s] Level 1:colcon.colcon_core.environment:checking '/home/namiwije/arduinobot_ws/install/arduinobot_controller/lib/pkgconfig/arduinobot_controller.pc'
[0.986s] Level 1:colcon.colcon_core.environment:checking '/home/namiwije/arduinobot_ws/install/arduinobot_controller/lib/python3.10/site-packages'
[0.986s] Level 1:colcon.colcon_core.environment:checking '/home/namiwije/arduinobot_ws/install/arduinobot_controller/bin'
[0.991s] INFO:colcon.colcon_core.shell:Creating package script '/home/namiwije/arduinobot_ws/install/arduinobot_controller/share/arduinobot_controller/package.ps1'
[0.992s] INFO:colcon.colcon_core.shell:Creating package descriptor '/home/namiwije/arduinobot_ws/install/arduinobot_controller/share/arduinobot_controller/package.dsv'
[0.992s] INFO:colcon.colcon_core.shell:Creating package script '/home/namiwije/arduinobot_ws/install/arduinobot_controller/share/arduinobot_controller/package.sh'
[0.992s] INFO:colcon.colcon_core.shell:Creating package script '/home/namiwije/arduinobot_ws/install/arduinobot_controller/share/arduinobot_controller/package.bash'
[0.992s] INFO:colcon.colcon_core.shell:Creating package script '/home/namiwije/arduinobot_ws/install/arduinobot_controller/share/arduinobot_controller/package.zsh'
[0.992s] Level 1:colcon.colcon_core.environment:create_file_with_runtime_dependencies(/home/namiwije/arduinobot_ws/install/arduinobot_controller/share/colcon-core/packages/arduinobot_controller)
[0.998s] Level 1:colcon.colcon_core.environment:create_environment_scripts_only(arduinobot_cpp_examples)
[1.003s] Level 1:colcon.colcon_core.environment:checking '/home/namiwije/arduinobot_ws/install/arduinobot_cpp_examples' for CMake module files
[1.003s] Level 1:colcon.colcon_core.environment:checking '/home/namiwije/arduinobot_ws/install/arduinobot_cpp_examples' for CMake config files
[1.003s] Level 1:colcon.colcon_core.shell:create_environment_hook('arduinobot_cpp_examples', 'cmake_prefix_path')
[1.008s] INFO:colcon.colcon_core.shell:Creating environment hook '/home/namiwije/arduinobot_ws/install/arduinobot_cpp_examples/share/arduinobot_cpp_examples/hook/cmake_prefix_path.ps1'
[1.009s] INFO:colcon.colcon_core.shell:Creating environment descriptor '/home/namiwije/arduinobot_ws/install/arduinobot_cpp_examples/share/arduinobot_cpp_examples/hook/cmake_prefix_path.dsv'
[1.009s] INFO:colcon.colcon_core.shell:Creating environment hook '/home/namiwije/arduinobot_ws/install/arduinobot_cpp_examples/share/arduinobot_cpp_examples/hook/cmake_prefix_path.sh'
[1.009s] Level 1:colcon.colcon_core.environment:checking '/home/namiwije/arduinobot_ws/install/arduinobot_cpp_examples/bin'
[1.009s] Level 1:colcon.colcon_core.environment:checking '/home/namiwije/arduinobot_ws/install/arduinobot_cpp_examples/lib/pkgconfig/arduinobot_cpp_examples.pc'
[1.009s] Level 1:colcon.colcon_core.environment:checking '/home/namiwije/arduinobot_ws/install/arduinobot_cpp_examples/lib/python3.10/site-packages'
[1.009s] Level 1:colcon.colcon_core.environment:checking '/home/namiwije/arduinobot_ws/install/arduinobot_cpp_examples/bin'
[1.015s] INFO:colcon.colcon_core.shell:Creating package script '/home/namiwije/arduinobot_ws/install/arduinobot_cpp_examples/share/arduinobot_cpp_examples/package.ps1'
[1.015s] INFO:colcon.colcon_core.shell:Creating package descriptor '/home/namiwije/arduinobot_ws/install/arduinobot_cpp_examples/share/arduinobot_cpp_examples/package.dsv'
[1.015s] INFO:colcon.colcon_core.shell:Creating package script '/home/namiwije/arduinobot_ws/install/arduinobot_cpp_examples/share/arduinobot_cpp_examples/package.sh'
[1.015s] INFO:colcon.colcon_core.shell:Creating package script '/home/namiwije/arduinobot_ws/install/arduinobot_cpp_examples/share/arduinobot_cpp_examples/package.bash'
[1.016s] INFO:colcon.colcon_core.shell:Creating package script '/home/namiwije/arduinobot_ws/install/arduinobot_cpp_examples/share/arduinobot_cpp_examples/package.zsh'
[1.016s] Level 1:colcon.colcon_core.environment:create_file_with_runtime_dependencies(/home/namiwije/arduinobot_ws/install/arduinobot_cpp_examples/share/colcon-core/packages/arduinobot_cpp_examples)
[1.022s] Level 1:colcon.colcon_core.environment:create_environment_scripts_only(arduinobot_description)
[1.027s] Level 1:colcon.colcon_core.environment:checking '/home/namiwije/arduinobot_ws/install/arduinobot_description' for CMake module files
[1.027s] Level 1:colcon.colcon_core.environment:checking '/home/namiwije/arduinobot_ws/install/arduinobot_description' for CMake config files
[1.027s] Level 1:colcon.colcon_core.shell:create_environment_hook('arduinobot_description', 'cmake_prefix_path')
[1.032s] INFO:colcon.colcon_core.shell:Creating environment hook '/home/namiwije/arduinobot_ws/install/arduinobot_description/share/arduinobot_description/hook/cmake_prefix_path.ps1'
[1.032s] INFO:colcon.colcon_core.shell:Creating environment descriptor '/home/namiwije/arduinobot_ws/install/arduinobot_description/share/arduinobot_description/hook/cmake_prefix_path.dsv'
[1.033s] INFO:colcon.colcon_core.shell:Creating environment hook '/home/namiwije/arduinobot_ws/install/arduinobot_description/share/arduinobot_description/hook/cmake_prefix_path.sh'
[1.033s] Level 1:colcon.colcon_core.environment:checking '/home/namiwije/arduinobot_ws/install/arduinobot_description/bin'
[1.033s] Level 1:colcon.colcon_core.environment:checking '/home/namiwije/arduinobot_ws/install/arduinobot_description/lib/pkgconfig/arduinobot_description.pc'
[1.033s] Level 1:colcon.colcon_core.environment:checking '/home/namiwije/arduinobot_ws/install/arduinobot_description/lib/python3.10/site-packages'
[1.033s] Level 1:colcon.colcon_core.environment:checking '/home/namiwije/arduinobot_ws/install/arduinobot_description/bin'
[1.038s] INFO:colcon.colcon_core.shell:Creating package script '/home/namiwije/arduinobot_ws/install/arduinobot_description/share/arduinobot_description/package.ps1'
[1.039s] INFO:colcon.colcon_core.shell:Creating package descriptor '/home/namiwije/arduinobot_ws/install/arduinobot_description/share/arduinobot_description/package.dsv'
[1.039s] INFO:colcon.colcon_core.shell:Creating package script '/home/namiwije/arduinobot_ws/install/arduinobot_description/share/arduinobot_description/package.sh'
[1.039s] INFO:colcon.colcon_core.shell:Creating package script '/home/namiwije/arduinobot_ws/install/arduinobot_description/share/arduinobot_description/package.bash'
[1.039s] INFO:colcon.colcon_core.shell:Creating package script '/home/namiwije/arduinobot_ws/install/arduinobot_description/share/arduinobot_description/package.zsh'
[1.039s] Level 1:colcon.colcon_core.environment:create_file_with_runtime_dependencies(/home/namiwije/arduinobot_ws/install/arduinobot_description/share/colcon-core/packages/arduinobot_description)
[1.163s] DEBUG:colcon.colcon_core.event_handler.log_command:Invoking command in '/home/namiwije/arduinobot_ws/src/arduinobot_py_examples': PYTHONPATH=/home/namiwije/arduinobot_ws/build/arduinobot_py_examples/prefix_override:/home/namiwije/arduinobot_ws/install/arduinobot_py_examples/lib/python3.10/site-packages: /usr/bin/python3 setup.py egg_info --egg-base ../../build/arduinobot_py_examples build --build-base /home/namiwije/arduinobot_ws/build/arduinobot_py_examples/build install --record /home/namiwije/arduinobot_ws/build/arduinobot_py_examples/install.log --single-version-externally-managed
[1.313s] DEBUG:colcon.colcon_core.event_handler.log_command:Invoked command in '/home/namiwije/arduinobot_ws/src/arduinobot_py_examples' returned '0': PYTHONPATH=/home/namiwije/arduinobot_ws/build/arduinobot_py_examples/prefix_override:/home/namiwije/arduinobot_ws/install/arduinobot_py_examples/lib/python3.10/site-packages: /usr/bin/python3 setup.py egg_info --egg-base ../../build/arduinobot_py_examples build --build-base /home/namiwije/arduinobot_ws/build/arduinobot_py_examples/build install --record /home/namiwije/arduinobot_ws/build/arduinobot_py_examples/install.log --single-version-externally-managed
[1.317s] Level 1:colcon.colcon_core.environment:checking '/home/namiwije/arduinobot_ws/install/arduinobot_py_examples' for CMake module files
[1.318s] Level 1:colcon.colcon_core.environment:checking '/home/namiwije/arduinobot_ws/install/arduinobot_py_examples' for CMake config files
[1.318s] Level 1:colcon.colcon_core.environment:checking '/home/namiwije/arduinobot_ws/install/arduinobot_py_examples/lib'
[1.318s] Level 1:colcon.colcon_core.environment:checking '/home/namiwije/arduinobot_ws/install/arduinobot_py_examples/bin'
[1.318s] Level 1:colcon.colcon_core.environment:checking '/home/namiwije/arduinobot_ws/install/arduinobot_py_examples/lib/pkgconfig/arduinobot_py_examples.pc'
[1.319s] Level 1:colcon.colcon_core.environment:checking '/home/namiwije/arduinobot_ws/install/arduinobot_py_examples/lib/python3.10/site-packages'
[1.319s] Level 1:colcon.colcon_core.shell:create_environment_hook('arduinobot_py_examples', 'pythonpath')
[1.323s] INFO:colcon.colcon_core.shell:Creating environment hook '/home/namiwije/arduinobot_ws/install/arduinobot_py_examples/share/arduinobot_py_examples/hook/pythonpath.ps1'
[1.323s] INFO:colcon.colcon_core.shell:Creating environment descriptor '/home/namiwije/arduinobot_ws/install/arduinobot_py_examples/share/arduinobot_py_examples/hook/pythonpath.dsv'
[1.324s] INFO:colcon.colcon_core.shell:Creating environment hook '/home/namiwije/arduinobot_ws/install/arduinobot_py_examples/share/arduinobot_py_examples/hook/pythonpath.sh'
[1.324s] Level 1:colcon.colcon_core.environment:checking '/home/namiwije/arduinobot_ws/install/arduinobot_py_examples/bin'
[1.324s] Level 1:colcon.colcon_core.environment:create_environment_scripts_only(arduinobot_py_examples)
[1.328s] INFO:colcon.colcon_core.shell:Creating package script '/home/namiwije/arduinobot_ws/install/arduinobot_py_examples/share/arduinobot_py_examples/package.ps1'
[1.329s] INFO:colcon.colcon_core.shell:Creating package descriptor '/home/namiwije/arduinobot_ws/install/arduinobot_py_examples/share/arduinobot_py_examples/package.dsv'
[1.329s] INFO:colcon.colcon_core.shell:Creating package script '/home/namiwije/arduinobot_ws/install/arduinobot_py_examples/share/arduinobot_py_examples/package.sh'
[1.329s] INFO:colcon.colcon_core.shell:Creating package script '/home/namiwije/arduinobot_ws/install/arduinobot_py_examples/share/arduinobot_py_examples/package.bash'
[1.329s] INFO:colcon.colcon_core.shell:Creating package script '/home/namiwije/arduinobot_ws/install/arduinobot_py_examples/share/arduinobot_py_examples/package.zsh'
[1.329s] Level 1:colcon.colcon_core.environment:create_file_with_runtime_dependencies(/home/namiwije/arduinobot_ws/install/arduinobot_py_examples/share/colcon-core/packages/arduinobot_py_examples)
[1.330s] DEBUG:colcon.colcon_parallel_executor.executor.parallel:closing loop
[1.330s] DEBUG:colcon.colcon_parallel_executor.executor.parallel:loop closed
[1.330s] DEBUG:colcon.colcon_parallel_executor.executor.parallel:run_until_complete finished with '0'
[1.330s] DEBUG:colcon.colcon_core.event_reactor:joining thread
[1.338s] INFO:colcon.colcon_core.plugin_system:Skipping extension 'colcon_notification.desktop_notification.terminal_notifier': Not used on non-Darwin systems
[1.338s] INFO:colcon.colcon_core.plugin_system:Skipping extension 'colcon_notification.desktop_notification.win32': Not used on non-Windows systems
[1.338s] INFO:colcon.colcon_notification.desktop_notification:Sending desktop notification using 'notify2'
[1.353s] DEBUG:colcon.colcon_core.event_reactor:joined thread
[1.359s] INFO:colcon.colcon_core.shell:Creating prefix script '/home/namiwije/arduinobot_ws/install/local_setup.ps1'
[1.360s] INFO:colcon.colcon_core.shell:Creating prefix util module '/home/namiwije/arduinobot_ws/install/_local_setup_util_ps1.py'
[1.361s] INFO:colcon.colcon_core.shell:Creating prefix chain script '/home/namiwije/arduinobot_ws/install/setup.ps1'
[1.366s] INFO:colcon.colcon_core.shell:Creating prefix script '/home/namiwije/arduinobot_ws/install/local_setup.sh'
[1.367s] INFO:colcon.colcon_core.shell:Creating prefix util module '/home/namiwije/arduinobot_ws/install/_local_setup_util_sh.py'
[1.367s] INFO:colcon.colcon_core.shell:Creating prefix chain script '/home/namiwije/arduinobot_ws/install/setup.sh'
[1.372s] INFO:colcon.colcon_core.shell:Creating prefix script '/home/namiwije/arduinobot_ws/install/local_setup.bash'
[1.373s] INFO:colcon.colcon_core.shell:Creating prefix chain script '/home/namiwije/arduinobot_ws/install/setup.bash'
[1.378s] INFO:colcon.colcon_core.shell:Creating prefix script '/home/namiwije/arduinobot_ws/install/local_setup.zsh'
[1.378s] INFO:colcon.colcon_core.shell:Creating prefix chain script '/home/namiwije/arduinobot_ws/install/setup.zsh'
