[0.077s] Invoking command in '/home/namiwije/arduinobot_ws/src/build/arduinobot_description': CMAKE_PREFIX_PATH=/opt/ros/humble /usr/bin/cmake /home/namiwije/arduinobot_ws/src/arduinobot_description -DCMAKE_INSTALL_PREFIX=/home/namiwije/arduinobot_ws/src/install/arduinobot_description
[0.116s] -- The C compiler identification is GNU 11.4.0
[0.159s] -- The CXX compiler identification is GNU 11.4.0
[0.165s] -- Detecting C compiler ABI info
[0.214s] -- Detecting C compiler ABI info - done
[0.219s] -- Check for working C compiler: /usr/bin/cc - skipped
[0.220s] -- Detecting C compile features
[0.220s] -- Detecting C compile features - done
[0.222s] -- Detecting CXX compiler ABI info
[0.283s] -- Detecting CXX compiler ABI info - done
[0.295s] -- Check for working CXX compiler: /usr/bin/c++ - skipped
[0.295s] -- Detecting CXX compile features
[0.295s] -- Detecting CXX compile features - done
[0.295s] -- Found ament_cmake: 1.3.5 (/opt/ros/humble/share/ament_cmake/cmake)
[0.430s] -- Found Python3: /usr/bin/python3.10 (found version "3.10.12") found components: Interpreter 
[0.495s] -- Found ament_lint_auto: 0.12.8 (/opt/ros/humble/share/ament_lint_auto/cmake)
[0.554s] -- Added test 'flake8' to check Python code syntax and style conventions
[0.554s] -- Added test 'lint_cmake' to check CMake code style
[0.555s] -- Added test 'pep257' to check Python code against some of the docstring style conventions in PEP 257
[0.556s] -- Added test 'xmllint' to check XML markup files
[0.557s] -- Configuring done
[0.560s] -- Generating done
[0.562s] -- Build files have been written to: /home/namiwije/arduinobot_ws/src/build/arduinobot_description
[0.565s] Invoked command in '/home/namiwije/arduinobot_ws/src/build/arduinobot_description' returned '0': CMAKE_PREFIX_PATH=/opt/ros/humble /usr/bin/cmake /home/namiwije/arduinobot_ws/src/arduinobot_description -DCMAKE_INSTALL_PREFIX=/home/namiwije/arduinobot_ws/src/install/arduinobot_description
[0.565s] Invoking command in '/home/namiwije/arduinobot_ws/src/build/arduinobot_description': CMAKE_PREFIX_PATH=/opt/ros/humble /usr/bin/cmake --build /home/namiwije/arduinobot_ws/src/build/arduinobot_description -- -j8 -l8
[0.592s] Invoked command in '/home/namiwije/arduinobot_ws/src/build/arduinobot_description' returned '0': CMAKE_PREFIX_PATH=/opt/ros/humble /usr/bin/cmake --build /home/namiwije/arduinobot_ws/src/build/arduinobot_description -- -j8 -l8
[0.615s] Invoking command in '/home/namiwije/arduinobot_ws/src/build/arduinobot_description': CMAKE_PREFIX_PATH=/opt/ros/humble /usr/bin/cmake --install /home/namiwije/arduinobot_ws/src/build/arduinobot_description
[0.622s] -- Install configuration: ""
[0.622s] -- Installing: /home/namiwije/arduinobot_ws/src/install/arduinobot_description/share/arduinobot_description/meshes
[0.622s] -- Installing: /home/namiwije/arduinobot_ws/src/install/arduinobot_description/share/arduinobot_description/meshes/servo_plate.STL
[0.622s] -- Installing: /home/namiwije/arduinobot_ws/src/install/arduinobot_description/share/arduinobot_description/meshes/plate.STL
[0.625s] -- Installing: /home/namiwije/arduinobot_ws/src/install/arduinobot_description/share/arduinobot_description/meshes/claw_support.STL
[0.627s] -- Installing: /home/namiwije/arduinobot_ws/src/install/arduinobot_description/share/arduinobot_description/meshes/horizontal_arm.STL
[0.630s] -- Installing: /home/namiwije/arduinobot_ws/src/install/arduinobot_description/share/arduinobot_description/meshes/basement.STL
[0.632s] -- Installing: /home/namiwije/arduinobot_ws/src/install/arduinobot_description/share/arduinobot_description/meshes/vertical_drive_arm.STL
[0.634s] -- Installing: /home/namiwije/arduinobot_ws/src/install/arduinobot_description/share/arduinobot_description/meshes/triangular_link.STL
[0.636s] -- Installing: /home/namiwije/arduinobot_ws/src/install/arduinobot_description/share/arduinobot_description/meshes/forward_drive_arm.STL
[0.640s] -- Installing: /home/namiwije/arduinobot_ws/src/install/arduinobot_description/share/arduinobot_description/meshes/pi_camera.STL
[0.640s] -- Installing: /home/namiwije/arduinobot_ws/src/install/arduinobot_description/share/arduinobot_description/meshes/round_plate.STL
[0.641s] -- Installing: /home/namiwije/arduinobot_ws/src/install/arduinobot_description/share/arduinobot_description/meshes/left_finger.STL
[0.642s] -- Installing: /home/namiwije/arduinobot_ws/src/install/arduinobot_description/share/arduinobot_description/meshes/base_plate.STL
[0.646s] -- Installing: /home/namiwije/arduinobot_ws/src/install/arduinobot_description/share/arduinobot_description/meshes/link.STL
[0.647s] -- Installing: /home/namiwije/arduinobot_ws/src/install/arduinobot_description/share/arduinobot_description/meshes/right_finger.STL
[0.648s] -- Installing: /home/namiwije/arduinobot_ws/src/install/arduinobot_description/share/arduinobot_description/urdf
[0.648s] -- Installing: /home/namiwije/arduinobot_ws/src/install/arduinobot_description/share/arduinobot_description/urdf/arduinobot.urdf.xacro
[0.648s] -- Installing: /home/namiwije/arduinobot_ws/src/install/arduinobot_description/share/arduinobot_description/urdf/arduinobot_gazebo.xacro
[0.648s] -- Installing: /home/namiwije/arduinobot_ws/src/install/arduinobot_description/share/arduinobot_description/urdf/arduinobot_ros2_control.xacro
[0.648s] -- Installing: /home/namiwije/arduinobot_ws/src/install/arduinobot_description/share/arduinobot_description/launch
[0.648s] -- Installing: /home/namiwije/arduinobot_ws/src/install/arduinobot_description/share/arduinobot_description/launch/gazebo.launch.py
[0.648s] -- Installing: /home/namiwije/arduinobot_ws/src/install/arduinobot_description/share/arduinobot_description/launch/display.launch.py
[0.649s] -- Installing: /home/namiwije/arduinobot_ws/src/install/arduinobot_description/share/arduinobot_description/rviz
[0.649s] -- Installing: /home/namiwije/arduinobot_ws/src/install/arduinobot_description/share/arduinobot_description/rviz/display.rviz
[0.649s] -- Installing: /home/namiwije/arduinobot_ws/src/install/arduinobot_description/share/ament_index/resource_index/package_run_dependencies/arduinobot_description
[0.649s] -- Installing: /home/namiwije/arduinobot_ws/src/install/arduinobot_description/share/ament_index/resource_index/parent_prefix_path/arduinobot_description
[0.649s] -- Installing: /home/namiwije/arduinobot_ws/src/install/arduinobot_description/share/arduinobot_description/environment/ament_prefix_path.sh
[0.649s] -- Installing: /home/namiwije/arduinobot_ws/src/install/arduinobot_description/share/arduinobot_description/environment/ament_prefix_path.dsv
[0.649s] -- Installing: /home/namiwije/arduinobot_ws/src/install/arduinobot_description/share/arduinobot_description/environment/path.sh
[0.649s] -- Installing: /home/namiwije/arduinobot_ws/src/install/arduinobot_description/share/arduinobot_description/environment/path.dsv
[0.649s] -- Installing: /home/namiwije/arduinobot_ws/src/install/arduinobot_description/share/arduinobot_description/local_setup.bash
[0.649s] -- Installing: /home/namiwije/arduinobot_ws/src/install/arduinobot_description/share/arduinobot_description/local_setup.sh
[0.650s] -- Installing: /home/namiwije/arduinobot_ws/src/install/arduinobot_description/share/arduinobot_description/local_setup.zsh
[0.650s] -- Installing: /home/namiwije/arduinobot_ws/src/install/arduinobot_description/share/arduinobot_description/local_setup.dsv
[0.650s] -- Installing: /home/namiwije/arduinobot_ws/src/install/arduinobot_description/share/arduinobot_description/package.dsv
[0.650s] -- Installing: /home/namiwije/arduinobot_ws/src/install/arduinobot_description/share/ament_index/resource_index/packages/arduinobot_description
[0.650s] -- Installing: /home/namiwije/arduinobot_ws/src/install/arduinobot_description/share/arduinobot_description/cmake/arduinobot_descriptionConfig.cmake
[0.650s] -- Installing: /home/namiwije/arduinobot_ws/src/install/arduinobot_description/share/arduinobot_description/cmake/arduinobot_descriptionConfig-version.cmake
[0.650s] -- Installing: /home/namiwije/arduinobot_ws/src/install/arduinobot_description/share/arduinobot_description/package.xml
[0.709s] Invoked command in '/home/namiwije/arduinobot_ws/src/build/arduinobot_description' returned '0': CMAKE_PREFIX_PATH=/opt/ros/humble /usr/bin/cmake --install /home/namiwije/arduinobot_ws/src/build/arduinobot_description
