[0.679s] Invoking command in '/home/namiwije/arduinobot_ws/src/arduinobot_py_examples': PYTHONPATH=/home/namiwije/arduinobot_ws/src/build/arduinobot_py_examples/prefix_override:/home/namiwije/arduinobot_ws/src/install/arduinobot_py_examples/lib/python3.10/site-packages:${PYTHONPATH} /usr/bin/python3 setup.py egg_info --egg-base ../build/arduinobot_py_examples build --build-base /home/namiwije/arduinobot_ws/src/build/arduinobot_py_examples/build install --record /home/namiwije/arduinobot_ws/src/build/arduinobot_py_examples/install.log --single-version-externally-managed
[0.858s] running egg_info
[0.859s] creating ../build/arduinobot_py_examples/arduinobot_py_examples.egg-info
[0.859s] writing ../build/arduinobot_py_examples/arduinobot_py_examples.egg-info/PKG-INFO
[0.859s] writing dependency_links to ../build/arduinobot_py_examples/arduinobot_py_examples.egg-info/dependency_links.txt
[0.859s] writing entry points to ../build/arduinobot_py_examples/arduinobot_py_examples.egg-info/entry_points.txt
[0.859s] writing requirements to ../build/arduinobot_py_examples/arduinobot_py_examples.egg-info/requires.txt
[0.859s] writing top-level names to ../build/arduinobot_py_examples/arduinobot_py_examples.egg-info/top_level.txt
[0.859s] writing manifest file '../build/arduinobot_py_examples/arduinobot_py_examples.egg-info/SOURCES.txt'
[0.860s] reading manifest file '../build/arduinobot_py_examples/arduinobot_py_examples.egg-info/SOURCES.txt'
[0.861s] writing manifest file '../build/arduinobot_py_examples/arduinobot_py_examples.egg-info/SOURCES.txt'
[0.861s] running build
[0.861s] running build_py
[0.861s] creating /home/namiwije/arduinobot_ws/src/build/arduinobot_py_examples/build
[0.861s] creating /home/namiwije/arduinobot_ws/src/build/arduinobot_py_examples/build/lib
[0.861s] creating /home/namiwije/arduinobot_ws/src/build/arduinobot_py_examples/build/lib/arduinobot_py_examples
[0.861s] copying arduinobot_py_examples/simple_publisher.py -> /home/namiwije/arduinobot_ws/src/build/arduinobot_py_examples/build/lib/arduinobot_py_examples
[0.861s] copying arduinobot_py_examples/simple_subscriber.py -> /home/namiwije/arduinobot_ws/src/build/arduinobot_py_examples/build/lib/arduinobot_py_examples
[0.861s] copying arduinobot_py_examples/simple_parameter.py -> /home/namiwije/arduinobot_ws/src/build/arduinobot_py_examples/build/lib/arduinobot_py_examples
[0.861s] copying arduinobot_py_examples/__init__.py -> /home/namiwije/arduinobot_ws/src/build/arduinobot_py_examples/build/lib/arduinobot_py_examples
[0.862s] running install
[0.862s] /usr/lib/python3/dist-packages/setuptools/command/install.py:34: SetuptoolsDeprecationWarning: setup.py install is deprecated. Use build and pip and other standards-based tools.
[0.862s]   warnings.warn(
[0.862s] running install_lib
[0.862s] creating /home/namiwije/arduinobot_ws/src/install/arduinobot_py_examples/lib/python3.10/site-packages/arduinobot_py_examples
[0.862s] copying /home/namiwije/arduinobot_ws/src/build/arduinobot_py_examples/build/lib/arduinobot_py_examples/simple_publisher.py -> /home/namiwije/arduinobot_ws/src/install/arduinobot_py_examples/lib/python3.10/site-packages/arduinobot_py_examples
[0.862s] copying /home/namiwije/arduinobot_ws/src/build/arduinobot_py_examples/build/lib/arduinobot_py_examples/simple_subscriber.py -> /home/namiwije/arduinobot_ws/src/install/arduinobot_py_examples/lib/python3.10/site-packages/arduinobot_py_examples
[0.862s] copying /home/namiwije/arduinobot_ws/src/build/arduinobot_py_examples/build/lib/arduinobot_py_examples/simple_parameter.py -> /home/namiwije/arduinobot_ws/src/install/arduinobot_py_examples/lib/python3.10/site-packages/arduinobot_py_examples
[0.863s] copying /home/namiwije/arduinobot_ws/src/build/arduinobot_py_examples/build/lib/arduinobot_py_examples/__init__.py -> /home/namiwije/arduinobot_ws/src/install/arduinobot_py_examples/lib/python3.10/site-packages/arduinobot_py_examples
[0.863s] byte-compiling /home/namiwije/arduinobot_ws/src/install/arduinobot_py_examples/lib/python3.10/site-packages/arduinobot_py_examples/simple_publisher.py to simple_publisher.cpython-310.pyc
[0.863s] byte-compiling /home/namiwije/arduinobot_ws/src/install/arduinobot_py_examples/lib/python3.10/site-packages/arduinobot_py_examples/simple_subscriber.py to simple_subscriber.cpython-310.pyc
[0.863s] byte-compiling /home/namiwije/arduinobot_ws/src/install/arduinobot_py_examples/lib/python3.10/site-packages/arduinobot_py_examples/simple_parameter.py to simple_parameter.cpython-310.pyc
[0.864s] byte-compiling /home/namiwije/arduinobot_ws/src/install/arduinobot_py_examples/lib/python3.10/site-packages/arduinobot_py_examples/__init__.py to __init__.cpython-310.pyc
[0.864s] running install_data
[0.864s] creating /home/namiwije/arduinobot_ws/src/install/arduinobot_py_examples/share/ament_index
[0.864s] creating /home/namiwije/arduinobot_ws/src/install/arduinobot_py_examples/share/ament_index/resource_index
[0.864s] creating /home/namiwije/arduinobot_ws/src/install/arduinobot_py_examples/share/ament_index/resource_index/packages
[0.864s] copying resource/arduinobot_py_examples -> /home/namiwije/arduinobot_ws/src/install/arduinobot_py_examples/share/ament_index/resource_index/packages
[0.864s] copying package.xml -> /home/namiwije/arduinobot_ws/src/install/arduinobot_py_examples/share/arduinobot_py_examples
[0.864s] running install_egg_info
[0.866s] Copying ../build/arduinobot_py_examples/arduinobot_py_examples.egg-info to /home/namiwije/arduinobot_ws/src/install/arduinobot_py_examples/lib/python3.10/site-packages/arduinobot_py_examples-0.0.0-py3.10.egg-info
[0.866s] running install_scripts
[0.880s] Installing simple_parameter script to /home/namiwije/arduinobot_ws/src/install/arduinobot_py_examples/lib/arduinobot_py_examples
[0.880s] Installing simple_publisher script to /home/namiwije/arduinobot_ws/src/install/arduinobot_py_examples/lib/arduinobot_py_examples
[0.880s] Installing simple_subscriber script to /home/namiwije/arduinobot_ws/src/install/arduinobot_py_examples/lib/arduinobot_py_examples
[0.880s] writing list of installed files to '/home/namiwije/arduinobot_ws/src/build/arduinobot_py_examples/install.log'
[0.896s] Invoked command in '/home/namiwije/arduinobot_ws/src/arduinobot_py_examples' returned '0': PYTHONPATH=/home/namiwije/arduinobot_ws/src/build/arduinobot_py_examples/prefix_override:/home/namiwije/arduinobot_ws/src/install/arduinobot_py_examples/lib/python3.10/site-packages:${PYTHONPATH} /usr/bin/python3 setup.py egg_info --egg-base ../build/arduinobot_py_examples build --build-base /home/namiwije/arduinobot_ws/src/build/arduinobot_py_examples/build install --record /home/namiwije/arduinobot_ws/src/build/arduinobot_py_examples/install.log --single-version-externally-managed
