[0.061s] Invoking command in '/home/namiwije/arduinobot_ws/build/arduinobot_controller': /usr/bin/cmake --build /home/namiwije/arduinobot_ws/build/arduinobot_controller -- -j8 -l8
[0.232s] Invoked command in '/home/namiwije/arduinobot_ws/build/arduinobot_controller' returned '0': /usr/bin/cmake --build /home/namiwije/arduinobot_ws/build/arduinobot_controller -- -j8 -l8
[0.256s] Invoking command in '/home/namiwije/arduinobot_ws/build/arduinobot_controller': /usr/bin/cmake --install /home/namiwije/arduinobot_ws/build/arduinobot_controller
[0.267s] -- Install configuration: ""
[0.268s] -- Up-to-date: /home/namiwije/arduinobot_ws/install/arduinobot_controller/share/arduinobot_controller/config
[0.268s] -- Up-to-date: /home/namiwije/arduinobot_ws/install/arduinobot_controller/share/arduinobot_controller/config/arduinobot_controllers.yaml
[0.268s] -- Up-to-date: /home/namiwije/arduinobot_ws/install/arduinobot_controller/share/arduinobot_controller/launch
[0.268s] -- Up-to-date: /home/namiwije/arduinobot_ws/install/arduinobot_controller/share/arduinobot_controller/launch/controller.launch.py
[0.268s] -- Up-to-date: /home/namiwije/arduinobot_ws/install/arduinobot_controller/share/ament_index/resource_index/package_run_dependencies/arduinobot_controller
[0.269s] -- Up-to-date: /home/namiwije/arduinobot_ws/install/arduinobot_controller/share/ament_index/resource_index/parent_prefix_path/arduinobot_controller
[0.269s] -- Up-to-date: /home/namiwije/arduinobot_ws/install/arduinobot_controller/share/arduinobot_controller/environment/ament_prefix_path.sh
[0.269s] -- Up-to-date: /home/namiwije/arduinobot_ws/install/arduinobot_controller/share/arduinobot_controller/environment/ament_prefix_path.dsv
[0.269s] -- Up-to-date: /home/namiwije/arduinobot_ws/install/arduinobot_controller/share/arduinobot_controller/environment/path.sh
[0.269s] -- Up-to-date: /home/namiwije/arduinobot_ws/install/arduinobot_controller/share/arduinobot_controller/environment/path.dsv
[0.269s] -- Up-to-date: /home/namiwije/arduinobot_ws/install/arduinobot_controller/share/arduinobot_controller/local_setup.bash
[0.269s] -- Up-to-date: /home/namiwije/arduinobot_ws/install/arduinobot_controller/share/arduinobot_controller/local_setup.sh
[0.269s] -- Up-to-date: /home/namiwije/arduinobot_ws/install/arduinobot_controller/share/arduinobot_controller/local_setup.zsh
[0.269s] -- Up-to-date: /home/namiwije/arduinobot_ws/install/arduinobot_controller/share/arduinobot_controller/local_setup.dsv
[0.269s] -- Installing: /home/namiwije/arduinobot_ws/install/arduinobot_controller/share/arduinobot_controller/package.dsv
[0.269s] -- Up-to-date: /home/namiwije/arduinobot_ws/install/arduinobot_controller/share/ament_index/resource_index/packages/arduinobot_controller
[0.270s] -- Up-to-date: /home/namiwije/arduinobot_ws/install/arduinobot_controller/share/arduinobot_controller/cmake/arduinobot_controllerConfig.cmake
[0.270s] -- Up-to-date: /home/namiwije/arduinobot_ws/install/arduinobot_controller/share/arduinobot_controller/cmake/arduinobot_controllerConfig-version.cmake
[0.270s] -- Up-to-date: /home/namiwije/arduinobot_ws/install/arduinobot_controller/share/arduinobot_controller/package.xml
[0.313s] Invoked command in '/home/namiwije/arduinobot_ws/build/arduinobot_controller' returned '0': /usr/bin/cmake --install /home/namiwije/arduinobot_ws/build/arduinobot_controller
