[0.074s] Invoking command in '/home/namiwije/arduinobot_ws/build/arduinobot_description': CMAKE_PREFIX_PATH=/opt/ros/humble /usr/bin/cmake /home/namiwije/arduinobot_ws/src/arduinobot_description -DCMAKE_INSTALL_PREFIX=/home/namiwije/arduinobot_ws/install/arduinobot_description
[0.124s] -- The C compiler identification is GNU 11.4.0
[0.162s] -- The CXX compiler identification is GNU 11.4.0
[0.167s] -- Detecting C compiler ABI info
[0.218s] -- Detecting C compiler ABI info - done
[0.224s] -- Check for working C compiler: /usr/bin/cc - skipped
[0.224s] -- Detecting C compile features
[0.225s] -- Detecting C compile features - done
[0.227s] -- Detecting CXX compiler ABI info
[0.284s] -- Detecting CXX compiler ABI info - done
[0.289s] -- Check for working CXX compiler: /usr/bin/c++ - skipped
[0.289s] -- Detecting CXX compile features
[0.290s] -- Detecting CXX compile features - done
[0.292s] -- Found ament_cmake: 1.3.5 (/opt/ros/humble/share/ament_cmake/cmake)
[0.418s] -- Found Python3: /usr/bin/python3.10 (found version "3.10.12") found components: Interpreter 
[0.476s] -- Found ament_lint_auto: 0.12.8 (/opt/ros/humble/share/ament_lint_auto/cmake)
[0.535s] -- Added test 'lint_cmake' to check CMake code style
[0.536s] -- Added test 'xmllint' to check XML markup files
[0.538s] -- Configuring done
[0.539s] -- Generating done
[0.540s] -- Build files have been written to: /home/namiwije/arduinobot_ws/build/arduinobot_description
[0.545s] Invoked command in '/home/namiwije/arduinobot_ws/build/arduinobot_description' returned '0': CMAKE_PREFIX_PATH=/opt/ros/humble /usr/bin/cmake /home/namiwije/arduinobot_ws/src/arduinobot_description -DCMAKE_INSTALL_PREFIX=/home/namiwije/arduinobot_ws/install/arduinobot_description
[0.546s] Invoking command in '/home/namiwije/arduinobot_ws/build/arduinobot_description': CMAKE_PREFIX_PATH=/opt/ros/humble /usr/bin/cmake --build /home/namiwije/arduinobot_ws/build/arduinobot_description -- -j8 -l8
[0.572s] Invoked command in '/home/namiwije/arduinobot_ws/build/arduinobot_description' returned '0': CMAKE_PREFIX_PATH=/opt/ros/humble /usr/bin/cmake --build /home/namiwije/arduinobot_ws/build/arduinobot_description -- -j8 -l8
[0.587s] Invoking command in '/home/namiwije/arduinobot_ws/build/arduinobot_description': CMAKE_PREFIX_PATH=/opt/ros/humble /usr/bin/cmake --install /home/namiwije/arduinobot_ws/build/arduinobot_description
[0.593s] -- Install configuration: ""
[0.593s] -- Installing: /home/namiwije/arduinobot_ws/install/arduinobot_description/share/ament_index/resource_index/package_run_dependencies/arduinobot_description
[0.593s] -- Installing: /home/namiwije/arduinobot_ws/install/arduinobot_description/share/ament_index/resource_index/parent_prefix_path/arduinobot_description
[0.593s] -- Installing: /home/namiwije/arduinobot_ws/install/arduinobot_description/share/arduinobot_description/environment/ament_prefix_path.sh
[0.593s] -- Installing: /home/namiwije/arduinobot_ws/install/arduinobot_description/share/arduinobot_description/environment/ament_prefix_path.dsv
[0.594s] -- Installing: /home/namiwije/arduinobot_ws/install/arduinobot_description/share/arduinobot_description/environment/path.sh
[0.594s] -- Installing: /home/namiwije/arduinobot_ws/install/arduinobot_description/share/arduinobot_description/environment/path.dsv
[0.594s] -- Installing: /home/namiwije/arduinobot_ws/install/arduinobot_description/share/arduinobot_description/local_setup.bash
[0.594s] -- Installing: /home/namiwije/arduinobot_ws/install/arduinobot_description/share/arduinobot_description/local_setup.sh
[0.594s] -- Installing: /home/namiwije/arduinobot_ws/install/arduinobot_description/share/arduinobot_description/local_setup.zsh
[0.594s] -- Installing: /home/namiwije/arduinobot_ws/install/arduinobot_description/share/arduinobot_description/local_setup.dsv
[0.594s] -- Installing: /home/namiwije/arduinobot_ws/install/arduinobot_description/share/arduinobot_description/package.dsv
[0.594s] -- Installing: /home/namiwije/arduinobot_ws/install/arduinobot_description/share/ament_index/resource_index/packages/arduinobot_description
[0.594s] -- Installing: /home/namiwije/arduinobot_ws/install/arduinobot_description/share/arduinobot_description/cmake/arduinobot_descriptionConfig.cmake
[0.594s] -- Installing: /home/namiwije/arduinobot_ws/install/arduinobot_description/share/arduinobot_description/cmake/arduinobot_descriptionConfig-version.cmake
[0.595s] -- Installing: /home/namiwije/arduinobot_ws/install/arduinobot_description/share/arduinobot_description/package.xml
[0.596s] Invoked command in '/home/namiwije/arduinobot_ws/build/arduinobot_description' returned '0': CMAKE_PREFIX_PATH=/opt/ros/humble /usr/bin/cmake --install /home/namiwije/arduinobot_ws/build/arduinobot_description
