[0.557s] Invoking command in '/home/namiwije/arduinobot_ws/src/arduinobot_py_examples': PYTHONPATH=/home/namiwije/arduinobot_ws/build/arduinobot_py_examples/prefix_override:/home/namiwije/arduinobot_ws/install/arduinobot_py_examples/lib/python3.10/site-packages:${PYTHONPATH} /usr/bin/python3 setup.py egg_info --egg-base ../../build/arduinobot_py_examples build --build-base /home/namiwije/arduinobot_ws/build/arduinobot_py_examples/build install --record /home/namiwije/arduinobot_ws/build/arduinobot_py_examples/install.log --single-version-externally-managed
[0.713s] running egg_info
[0.713s] creating ../../build/arduinobot_py_examples/arduinobot_py_examples.egg-info
[0.713s] writing ../../build/arduinobot_py_examples/arduinobot_py_examples.egg-info/PKG-INFO
[0.714s] writing dependency_links to ../../build/arduinobot_py_examples/arduinobot_py_examples.egg-info/dependency_links.txt
[0.714s] writing entry points to ../../build/arduinobot_py_examples/arduinobot_py_examples.egg-info/entry_points.txt
[0.714s] writing requirements to ../../build/arduinobot_py_examples/arduinobot_py_examples.egg-info/requires.txt
[0.714s] writing top-level names to ../../build/arduinobot_py_examples/arduinobot_py_examples.egg-info/top_level.txt
[0.714s] writing manifest file '../../build/arduinobot_py_examples/arduinobot_py_examples.egg-info/SOURCES.txt'
[0.715s] reading manifest file '../../build/arduinobot_py_examples/arduinobot_py_examples.egg-info/SOURCES.txt'
[0.716s] writing manifest file '../../build/arduinobot_py_examples/arduinobot_py_examples.egg-info/SOURCES.txt'
[0.716s] running build
[0.716s] running build_py
[0.716s] creating /home/namiwije/arduinobot_ws/build/arduinobot_py_examples/build
[0.716s] creating /home/namiwije/arduinobot_ws/build/arduinobot_py_examples/build/lib
[0.716s] creating /home/namiwije/arduinobot_ws/build/arduinobot_py_examples/build/lib/arduinobot_py_examples
[0.716s] copying arduinobot_py_examples/__init__.py -> /home/namiwije/arduinobot_ws/build/arduinobot_py_examples/build/lib/arduinobot_py_examples
[0.716s] running install
[0.716s] /usr/lib/python3/dist-packages/setuptools/command/install.py:34: SetuptoolsDeprecationWarning: setup.py install is deprecated. Use build and pip and other standards-based tools.
[0.716s]   warnings.warn(
[0.717s] running install_lib
[0.717s] creating /home/namiwije/arduinobot_ws/install/arduinobot_py_examples/lib/python3.10/site-packages/arduinobot_py_examples
[0.717s] copying /home/namiwije/arduinobot_ws/build/arduinobot_py_examples/build/lib/arduinobot_py_examples/__init__.py -> /home/namiwije/arduinobot_ws/install/arduinobot_py_examples/lib/python3.10/site-packages/arduinobot_py_examples
[0.717s] byte-compiling /home/namiwije/arduinobot_ws/install/arduinobot_py_examples/lib/python3.10/site-packages/arduinobot_py_examples/__init__.py to __init__.cpython-310.pyc
[0.718s] running install_data
[0.718s] creating /home/namiwije/arduinobot_ws/install/arduinobot_py_examples/share/ament_index
[0.718s] creating /home/namiwije/arduinobot_ws/install/arduinobot_py_examples/share/ament_index/resource_index
[0.718s] creating /home/namiwije/arduinobot_ws/install/arduinobot_py_examples/share/ament_index/resource_index/packages
[0.718s] copying resource/arduinobot_py_examples -> /home/namiwije/arduinobot_ws/install/arduinobot_py_examples/share/ament_index/resource_index/packages
[0.718s] copying package.xml -> /home/namiwije/arduinobot_ws/install/arduinobot_py_examples/share/arduinobot_py_examples
[0.718s] running install_egg_info
[0.719s] Copying ../../build/arduinobot_py_examples/arduinobot_py_examples.egg-info to /home/namiwije/arduinobot_ws/install/arduinobot_py_examples/lib/python3.10/site-packages/arduinobot_py_examples-0.0.0-py3.10.egg-info
[0.720s] running install_scripts
[0.734s] writing list of installed files to '/home/namiwije/arduinobot_ws/build/arduinobot_py_examples/install.log'
[0.752s] Invoked command in '/home/namiwije/arduinobot_ws/src/arduinobot_py_examples' returned '0': PYTHONPATH=/home/namiwije/arduinobot_ws/build/arduinobot_py_examples/prefix_override:/home/namiwije/arduinobot_ws/install/arduinobot_py_examples/lib/python3.10/site-packages:${PYTHONPATH} /usr/bin/python3 setup.py egg_info --egg-base ../../build/arduinobot_py_examples build --build-base /home/namiwije/arduinobot_ws/build/arduinobot_py_examples/build install --record /home/namiwije/arduinobot_ws/build/arduinobot_py_examples/install.log --single-version-externally-managed
