[0.132s] Invoking command in '/home/namiwije/arduinobot_ws/src/build/arduinobot_controller': CMAKE_PREFIX_PATH=/opt/ros/humble /usr/bin/cmake /home/namiwije/arduinobot_ws/src/arduinobot_controller -DCMAKE_INSTALL_PREFIX=/home/namiwije/arduinobot_ws/src/install/arduinobot_controller
[0.167s] -- The C compiler identification is GNU 11.4.0
[0.209s] -- The CXX compiler identification is GNU 11.4.0
[0.214s] -- Detecting C compiler ABI info
[0.261s] -- Detecting C compiler ABI info - done
[0.271s] -- Check for working C compiler: /usr/bin/cc - skipped
[0.271s] -- Detecting C compile features
[0.271s] -- Detecting C compile features - done
[0.275s] -- Detecting CXX compiler ABI info
[0.331s] -- Detecting CXX compiler ABI info - done
[0.336s] -- Check for working CXX compiler: /usr/bin/c++ - skipped
[0.336s] -- Detecting CXX compile features
[0.337s] -- Detecting CXX compile features - done
[0.339s] -- Found ament_cmake: 1.3.5 (/opt/ros/humble/share/ament_cmake/cmake)
[0.488s] -- Found Python3: /usr/bin/python3.10 (found version "3.10.12") found components: Interpreter 
[0.552s] -- Found ament_lint_auto: 0.12.8 (/opt/ros/humble/share/ament_lint_auto/cmake)
[0.611s] -- Added test 'lint_cmake' to check CMake code style
[0.612s] -- Added test 'xmllint' to check XML markup files
[0.613s] -- Configuring done
[0.616s] -- Generating done
[0.617s] -- Build files have been written to: /home/namiwije/arduinobot_ws/src/build/arduinobot_controller
[0.621s] Invoked command in '/home/namiwije/arduinobot_ws/src/build/arduinobot_controller' returned '0': CMAKE_PREFIX_PATH=/opt/ros/humble /usr/bin/cmake /home/namiwije/arduinobot_ws/src/arduinobot_controller -DCMAKE_INSTALL_PREFIX=/home/namiwije/arduinobot_ws/src/install/arduinobot_controller
[0.622s] Invoking command in '/home/namiwije/arduinobot_ws/src/build/arduinobot_controller': CMAKE_PREFIX_PATH=/opt/ros/humble /usr/bin/cmake --build /home/namiwije/arduinobot_ws/src/build/arduinobot_controller -- -j8 -l8
[0.648s] Invoked command in '/home/namiwije/arduinobot_ws/src/build/arduinobot_controller' returned '0': CMAKE_PREFIX_PATH=/opt/ros/humble /usr/bin/cmake --build /home/namiwije/arduinobot_ws/src/build/arduinobot_controller -- -j8 -l8
[0.670s] Invoking command in '/home/namiwije/arduinobot_ws/src/build/arduinobot_controller': CMAKE_PREFIX_PATH=/opt/ros/humble /usr/bin/cmake --install /home/namiwije/arduinobot_ws/src/build/arduinobot_controller
[0.676s] -- Install configuration: ""
[0.676s] -- Installing: /home/namiwije/arduinobot_ws/src/install/arduinobot_controller/share/ament_index/resource_index/package_run_dependencies/arduinobot_controller
[0.676s] -- Installing: /home/namiwije/arduinobot_ws/src/install/arduinobot_controller/share/ament_index/resource_index/parent_prefix_path/arduinobot_controller
[0.676s] -- Installing: /home/namiwije/arduinobot_ws/src/install/arduinobot_controller/share/arduinobot_controller/environment/ament_prefix_path.sh
[0.676s] -- Installing: /home/namiwije/arduinobot_ws/src/install/arduinobot_controller/share/arduinobot_controller/environment/ament_prefix_path.dsv
[0.676s] -- Installing: /home/namiwije/arduinobot_ws/src/install/arduinobot_controller/share/arduinobot_controller/environment/path.sh
[0.676s] -- Installing: /home/namiwije/arduinobot_ws/src/install/arduinobot_controller/share/arduinobot_controller/environment/path.dsv
[0.676s] -- Installing: /home/namiwije/arduinobot_ws/src/install/arduinobot_controller/share/arduinobot_controller/local_setup.bash
[0.676s] -- Installing: /home/namiwije/arduinobot_ws/src/install/arduinobot_controller/share/arduinobot_controller/local_setup.sh
[0.676s] -- Installing: /home/namiwije/arduinobot_ws/src/install/arduinobot_controller/share/arduinobot_controller/local_setup.zsh
[0.676s] -- Installing: /home/namiwije/arduinobot_ws/src/install/arduinobot_controller/share/arduinobot_controller/local_setup.dsv
[0.676s] -- Installing: /home/namiwije/arduinobot_ws/src/install/arduinobot_controller/share/arduinobot_controller/package.dsv
[0.677s] -- Installing: /home/namiwije/arduinobot_ws/src/install/arduinobot_controller/share/ament_index/resource_index/packages/arduinobot_controller
[0.677s] -- Installing: /home/namiwije/arduinobot_ws/src/install/arduinobot_controller/share/arduinobot_controller/cmake/arduinobot_controllerConfig.cmake
[0.677s] -- Installing: /home/namiwije/arduinobot_ws/src/install/arduinobot_controller/share/arduinobot_controller/cmake/arduinobot_controllerConfig-version.cmake
[0.677s] -- Installing: /home/namiwije/arduinobot_ws/src/install/arduinobot_controller/share/arduinobot_controller/package.xml
[0.680s] Invoked command in '/home/namiwije/arduinobot_ws/src/build/arduinobot_controller' returned '0': CMAKE_PREFIX_PATH=/opt/ros/humble /usr/bin/cmake --install /home/namiwije/arduinobot_ws/src/build/arduinobot_controller
