[0.071s] Invoking command in '/home/namiwije/arduinobot_ws/build/arduinobot_description': CMAKE_PREFIX_PATH=/opt/ros/humble /usr/bin/cmake --build /home/namiwije/arduinobot_ws/build/arduinobot_description -- -j8 -l8
[0.085s] -- Found ament_cmake: 1.3.5 (/opt/ros/humble/share/ament_cmake/cmake)
[0.173s] -- Found ament_lint_auto: 0.12.8 (/opt/ros/humble/share/ament_lint_auto/cmake)
[0.218s] -- Added test 'lint_cmake' to check CMake code style
[0.219s] -- Added test 'xmllint' to check XML markup files
[0.219s] -- Configuring done
[0.221s] -- Generating done
[0.222s] -- Build files have been written to: /home/namiwije/arduinobot_ws/build/arduinobot_description
[0.258s] Invoked command in '/home/namiwije/arduinobot_ws/build/arduinobot_description' returned '0': CMAKE_PREFIX_PATH=/opt/ros/humble /usr/bin/cmake --build /home/namiwije/arduinobot_ws/build/arduinobot_description -- -j8 -l8
[0.276s] Invoking command in '/home/namiwije/arduinobot_ws/build/arduinobot_description': CMAKE_PREFIX_PATH=/opt/ros/humble /usr/bin/cmake --install /home/namiwije/arduinobot_ws/build/arduinobot_description
[0.281s] -- Install configuration: ""
[0.281s] -- Installing: /home/namiwije/arduinobot_ws/install/arduinobot_description/share/arduinobot_description/meshes
[0.281s] -- Installing: /home/namiwije/arduinobot_ws/install/arduinobot_description/share/arduinobot_description/meshes/servo_plate.STL
[0.282s] -- Installing: /home/namiwije/arduinobot_ws/install/arduinobot_description/share/arduinobot_description/meshes/plate.STL
[0.283s] -- Installing: /home/namiwije/arduinobot_ws/install/arduinobot_description/share/arduinobot_description/meshes/claw_support.STL
[0.284s] -- Installing: /home/namiwije/arduinobot_ws/install/arduinobot_description/share/arduinobot_description/meshes/horizontal_arm.STL
[0.285s] -- Installing: /home/namiwije/arduinobot_ws/install/arduinobot_description/share/arduinobot_description/meshes/basement.STL
[0.286s] -- Installing: /home/namiwije/arduinobot_ws/install/arduinobot_description/share/arduinobot_description/meshes/vertical_drive_arm.STL
[0.286s] -- Installing: /home/namiwije/arduinobot_ws/install/arduinobot_description/share/arduinobot_description/meshes/triangular_link.STL
[0.287s] -- Installing: /home/namiwije/arduinobot_ws/install/arduinobot_description/share/arduinobot_description/meshes/forward_drive_arm.STL
[0.288s] -- Installing: /home/namiwije/arduinobot_ws/install/arduinobot_description/share/arduinobot_description/meshes/round_plate.STL
[0.288s] -- Installing: /home/namiwije/arduinobot_ws/install/arduinobot_description/share/arduinobot_description/meshes/left_finger.STL
[0.289s] -- Installing: /home/namiwije/arduinobot_ws/install/arduinobot_description/share/arduinobot_description/meshes/base_plate.STL
[0.290s] -- Installing: /home/namiwije/arduinobot_ws/install/arduinobot_description/share/arduinobot_description/meshes/link.STL
[0.291s] -- Installing: /home/namiwije/arduinobot_ws/install/arduinobot_description/share/arduinobot_description/meshes/right_finger.STL
[0.291s] -- Installing: /home/namiwije/arduinobot_ws/install/arduinobot_description/share/arduinobot_description/urdf
[0.291s] -- Installing: /home/namiwije/arduinobot_ws/install/arduinobot_description/share/arduinobot_description/urdf/arduinobot.urdf.xacro
[0.291s] -- Up-to-date: /home/namiwije/arduinobot_ws/install/arduinobot_description/share/ament_index/resource_index/package_run_dependencies/arduinobot_description
[0.291s] -- Up-to-date: /home/namiwije/arduinobot_ws/install/arduinobot_description/share/ament_index/resource_index/parent_prefix_path/arduinobot_description
[0.291s] -- Up-to-date: /home/namiwije/arduinobot_ws/install/arduinobot_description/share/arduinobot_description/environment/ament_prefix_path.sh
[0.291s] -- Installing: /home/namiwije/arduinobot_ws/install/arduinobot_description/share/arduinobot_description/environment/ament_prefix_path.dsv
[0.291s] -- Up-to-date: /home/namiwije/arduinobot_ws/install/arduinobot_description/share/arduinobot_description/environment/path.sh
[0.291s] -- Installing: /home/namiwije/arduinobot_ws/install/arduinobot_description/share/arduinobot_description/environment/path.dsv
[0.291s] -- Up-to-date: /home/namiwije/arduinobot_ws/install/arduinobot_description/share/arduinobot_description/local_setup.bash
[0.292s] -- Up-to-date: /home/namiwije/arduinobot_ws/install/arduinobot_description/share/arduinobot_description/local_setup.sh
[0.292s] -- Up-to-date: /home/namiwije/arduinobot_ws/install/arduinobot_description/share/arduinobot_description/local_setup.zsh
[0.292s] -- Installing: /home/namiwije/arduinobot_ws/install/arduinobot_description/share/arduinobot_description/local_setup.dsv
[0.292s] -- Installing: /home/namiwije/arduinobot_ws/install/arduinobot_description/share/arduinobot_description/package.dsv
[0.292s] -- Up-to-date: /home/namiwije/arduinobot_ws/install/arduinobot_description/share/ament_index/resource_index/packages/arduinobot_description
[0.292s] -- Up-to-date: /home/namiwije/arduinobot_ws/install/arduinobot_description/share/arduinobot_description/cmake/arduinobot_descriptionConfig.cmake
[0.292s] -- Up-to-date: /home/namiwije/arduinobot_ws/install/arduinobot_description/share/arduinobot_description/cmake/arduinobot_descriptionConfig-version.cmake
[0.292s] -- Up-to-date: /home/namiwije/arduinobot_ws/install/arduinobot_description/share/arduinobot_description/package.xml
[0.324s] Invoked command in '/home/namiwije/arduinobot_ws/build/arduinobot_description' returned '0': CMAKE_PREFIX_PATH=/opt/ros/humble /usr/bin/cmake --install /home/namiwije/arduinobot_ws/build/arduinobot_description
