[0.169s] Invoking command in '/home/namiwije/arduinobot_ws/build/arduinobot_controller': CMAKE_PREFIX_PATH=${CMAKE_PREFIX_PATH}:/home/namiwije/arduinobot_ws/install/arduinobot_py_examples:/opt/ros/humble /usr/bin/cmake --build /home/namiwije/arduinobot_ws/build/arduinobot_controller -- -j8 -l8
[0.379s] Invoked command in '/home/namiwije/arduinobot_ws/build/arduinobot_controller' returned '0': CMAKE_PREFIX_PATH=${CMAKE_PREFIX_PATH}:/home/namiwije/arduinobot_ws/install/arduinobot_py_examples:/opt/ros/humble /usr/bin/cmake --build /home/namiwije/arduinobot_ws/build/arduinobot_controller -- -j8 -l8
[0.401s] Invoking command in '/home/namiwije/arduinobot_ws/build/arduinobot_controller': CMAKE_PREFIX_PATH=${CMAKE_PREFIX_PATH}:/home/namiwije/arduinobot_ws/install/arduinobot_py_examples:/opt/ros/humble /usr/bin/cmake --install /home/namiwije/arduinobot_ws/build/arduinobot_controller
[0.406s] -- Install configuration: ""
[0.407s] -- Up-to-date: /home/namiwije/arduinobot_ws/install/arduinobot_controller/share/ament_index/resource_index/package_run_dependencies/arduinobot_controller
[0.407s] -- Up-to-date: /home/namiwije/arduinobot_ws/install/arduinobot_controller/share/ament_index/resource_index/parent_prefix_path/arduinobot_controller
[0.407s] -- Up-to-date: /home/namiwije/arduinobot_ws/install/arduinobot_controller/share/arduinobot_controller/environment/ament_prefix_path.sh
[0.407s] -- Up-to-date: /home/namiwije/arduinobot_ws/install/arduinobot_controller/share/arduinobot_controller/environment/ament_prefix_path.dsv
[0.407s] -- Up-to-date: /home/namiwije/arduinobot_ws/install/arduinobot_controller/share/arduinobot_controller/environment/path.sh
[0.407s] -- Up-to-date: /home/namiwije/arduinobot_ws/install/arduinobot_controller/share/arduinobot_controller/environment/path.dsv
[0.408s] -- Up-to-date: /home/namiwije/arduinobot_ws/install/arduinobot_controller/share/arduinobot_controller/local_setup.bash
[0.408s] -- Up-to-date: /home/namiwije/arduinobot_ws/install/arduinobot_controller/share/arduinobot_controller/local_setup.sh
[0.408s] -- Up-to-date: /home/namiwije/arduinobot_ws/install/arduinobot_controller/share/arduinobot_controller/local_setup.zsh
[0.408s] -- Up-to-date: /home/namiwije/arduinobot_ws/install/arduinobot_controller/share/arduinobot_controller/local_setup.dsv
[0.408s] -- Installing: /home/namiwije/arduinobot_ws/install/arduinobot_controller/share/arduinobot_controller/package.dsv
[0.411s] -- Up-to-date: /home/namiwije/arduinobot_ws/install/arduinobot_controller/share/ament_index/resource_index/packages/arduinobot_controller
[0.411s] -- Up-to-date: /home/namiwije/arduinobot_ws/install/arduinobot_controller/share/arduinobot_controller/cmake/arduinobot_controllerConfig.cmake
[0.411s] -- Up-to-date: /home/namiwije/arduinobot_ws/install/arduinobot_controller/share/arduinobot_controller/cmake/arduinobot_controllerConfig-version.cmake
[0.411s] -- Up-to-date: /home/namiwije/arduinobot_ws/install/arduinobot_controller/share/arduinobot_controller/package.xml
[0.524s] Invoked command in '/home/namiwije/arduinobot_ws/build/arduinobot_controller' returned '0': CMAKE_PREFIX_PATH=${CMAKE_PREFIX_PATH}:/home/namiwije/arduinobot_ws/install/arduinobot_py_examples:/opt/ros/humble /usr/bin/cmake --install /home/namiwije/arduinobot_ws/build/arduinobot_controller
