[0.672s] DEBUG:colcon:Command line arguments: ['/usr/bin/colcon', 'build']
[0.672s] DEBUG:colcon:Parsed command line arguments: Namespace(log_base=None, log_level=None, verb_name='build', build_base='build', install_base='install', merge_install=False, symlink_install=False, test_result_base=None, continue_on_error=False, executor='parallel', parallel_workers=8, event_handlers=None, ignore_user_meta=False, metas=['./colcon.meta'], base_paths=['.'], packages_ignore=None, packages_ignore_regex=None, paths=None, packages_up_to=None, packages_up_to_regex=None, packages_above=None, packages_above_and_dependencies=None, packages_above_depth=None, packages_select_by_dep=None, packages_skip_by_dep=None, packages_skip_up_to=None, packages_select_build_failed=False, packages_skip_build_finished=False, packages_select_test_failures=False, packages_skip_test_passed=False, packages_select=None, packages_skip=None, packages_select_regex=None, packages_skip_regex=None, packages_start=None, packages_end=None, allow_overriding=[], cmake_args=None, cmake_target=None, cmake_target_skip_unavailable=False, cmake_clean_cache=False, cmake_clean_first=False, cmake_force_configure=False, ament_cmake_args=None, catkin_cmake_args=None, catkin_skip_building_tests=False, verb_parser=<colcon_defaults.argument_parser.defaults.DefaultArgumentsDecorator object at 0x7fa640534040>, verb_extension=<colcon_core.verb.build.BuildVerb object at 0x7fa640537d30>, main=<bound method BuildVerb.main of <colcon_core.verb.build.BuildVerb object at 0x7fa640537d30>>)
[0.702s] Level 1:colcon.colcon_core.package_discovery:discover_packages(colcon_meta) check parameters
[0.702s] Level 1:colcon.colcon_core.package_discovery:discover_packages(recursive) check parameters
[0.702s] Level 1:colcon.colcon_core.package_discovery:discover_packages(ignore) check parameters
[0.702s] Level 1:colcon.colcon_core.package_discovery:discover_packages(path) check parameters
[0.702s] Level 1:colcon.colcon_core.package_discovery:discover_packages(colcon_meta) discover
[0.702s] Level 1:colcon.colcon_core.package_discovery:discover_packages(recursive) discover
[0.702s] INFO:colcon.colcon_core.package_discovery:Crawling recursively for packages in '/home/namiwije/arduinobot_ws'
[0.702s] Level 1:colcon.colcon_core.package_identification:_identify(.) by extensions ['ignore', 'ignore_ament_install']
[0.702s] Level 1:colcon.colcon_core.package_identification:_identify(.) by extension 'ignore'
[0.702s] Level 1:colcon.colcon_core.package_identification:_identify(.) by extension 'ignore_ament_install'
[0.702s] Level 1:colcon.colcon_core.package_identification:_identify(.) by extensions ['colcon_pkg']
[0.702s] Level 1:colcon.colcon_core.package_identification:_identify(.) by extension 'colcon_pkg'
[0.703s] Level 1:colcon.colcon_core.package_identification:_identify(.) by extensions ['colcon_meta']
[0.703s] Level 1:colcon.colcon_core.package_identification:_identify(.) by extension 'colcon_meta'
[0.703s] Level 1:colcon.colcon_core.package_identification:_identify(.) by extensions ['ros']
[0.703s] Level 1:colcon.colcon_core.package_identification:_identify(.) by extension 'ros'
[0.710s] Level 1:colcon.colcon_core.package_identification:_identify(.) by extensions ['cmake', 'python']
[0.710s] Level 1:colcon.colcon_core.package_identification:_identify(.) by extension 'cmake'
[0.710s] Level 1:colcon.colcon_core.package_identification:_identify(.) by extension 'python'
[0.710s] Level 1:colcon.colcon_core.package_identification:_identify(.) by extensions ['python_setup_py']
[0.710s] Level 1:colcon.colcon_core.package_identification:_identify(.) by extension 'python_setup_py'
[0.710s] Level 1:colcon.colcon_core.package_identification:_identify(build) by extensions ['ignore', 'ignore_ament_install']
[0.710s] Level 1:colcon.colcon_core.package_identification:_identify(build) by extension 'ignore'
[0.710s] Level 1:colcon.colcon_core.package_identification:_identify(build) ignored
[0.710s] Level 1:colcon.colcon_core.package_identification:_identify(install) by extensions ['ignore', 'ignore_ament_install']
[0.710s] Level 1:colcon.colcon_core.package_identification:_identify(install) by extension 'ignore'
[0.710s] Level 1:colcon.colcon_core.package_identification:_identify(install) ignored
[0.710s] Level 1:colcon.colcon_core.package_identification:_identify(log) by extensions ['ignore', 'ignore_ament_install']
[0.710s] Level 1:colcon.colcon_core.package_identification:_identify(log) by extension 'ignore'
[0.710s] Level 1:colcon.colcon_core.package_identification:_identify(log) ignored
[0.710s] Level 1:colcon.colcon_core.package_identification:_identify(src) by extensions ['ignore', 'ignore_ament_install']
[0.710s] Level 1:colcon.colcon_core.package_identification:_identify(src) by extension 'ignore'
[0.710s] Level 1:colcon.colcon_core.package_identification:_identify(src) by extension 'ignore_ament_install'
[0.710s] Level 1:colcon.colcon_core.package_identification:_identify(src) by extensions ['colcon_pkg']
[0.711s] Level 1:colcon.colcon_core.package_identification:_identify(src) by extension 'colcon_pkg'
[0.711s] Level 1:colcon.colcon_core.package_identification:_identify(src) by extensions ['colcon_meta']
[0.711s] Level 1:colcon.colcon_core.package_identification:_identify(src) by extension 'colcon_meta'
[0.711s] Level 1:colcon.colcon_core.package_identification:_identify(src) by extensions ['ros']
[0.711s] Level 1:colcon.colcon_core.package_identification:_identify(src) by extension 'ros'
[0.711s] Level 1:colcon.colcon_core.package_identification:_identify(src) by extensions ['cmake', 'python']
[0.711s] Level 1:colcon.colcon_core.package_identification:_identify(src) by extension 'cmake'
[0.711s] Level 1:colcon.colcon_core.package_identification:_identify(src) by extension 'python'
[0.711s] Level 1:colcon.colcon_core.package_identification:_identify(src) by extensions ['python_setup_py']
[0.711s] Level 1:colcon.colcon_core.package_identification:_identify(src) by extension 'python_setup_py'
[0.711s] Level 1:colcon.colcon_core.package_identification:_identify(src/arduinobot_cpp_examples) by extensions ['ignore', 'ignore_ament_install']
[0.711s] Level 1:colcon.colcon_core.package_identification:_identify(src/arduinobot_cpp_examples) by extension 'ignore'
[0.711s] Level 1:colcon.colcon_core.package_identification:_identify(src/arduinobot_cpp_examples) by extension 'ignore_ament_install'
[0.711s] Level 1:colcon.colcon_core.package_identification:_identify(src/arduinobot_cpp_examples) by extensions ['colcon_pkg']
[0.711s] Level 1:colcon.colcon_core.package_identification:_identify(src/arduinobot_cpp_examples) by extension 'colcon_pkg'
[0.711s] Level 1:colcon.colcon_core.package_identification:_identify(src/arduinobot_cpp_examples) by extensions ['colcon_meta']
[0.711s] Level 1:colcon.colcon_core.package_identification:_identify(src/arduinobot_cpp_examples) by extension 'colcon_meta'
[0.711s] Level 1:colcon.colcon_core.package_identification:_identify(src/arduinobot_cpp_examples) by extensions ['ros']
[0.711s] Level 1:colcon.colcon_core.package_identification:_identify(src/arduinobot_cpp_examples) by extension 'ros'
[0.713s] DEBUG:colcon.colcon_core.package_identification:Package 'src/arduinobot_cpp_examples' with type 'ros.ament_cmake' and name 'arduinobot_cpp_examples'
[0.713s] Level 1:colcon.colcon_core.package_identification:_identify(src/arduinobot_description) by extensions ['ignore', 'ignore_ament_install']
[0.713s] Level 1:colcon.colcon_core.package_identification:_identify(src/arduinobot_description) by extension 'ignore'
[0.713s] Level 1:colcon.colcon_core.package_identification:_identify(src/arduinobot_description) by extension 'ignore_ament_install'
[0.713s] Level 1:colcon.colcon_core.package_identification:_identify(src/arduinobot_description) by extensions ['colcon_pkg']
[0.713s] Level 1:colcon.colcon_core.package_identification:_identify(src/arduinobot_description) by extension 'colcon_pkg'
[0.713s] Level 1:colcon.colcon_core.package_identification:_identify(src/arduinobot_description) by extensions ['colcon_meta']
[0.713s] Level 1:colcon.colcon_core.package_identification:_identify(src/arduinobot_description) by extension 'colcon_meta'
[0.713s] Level 1:colcon.colcon_core.package_identification:_identify(src/arduinobot_description) by extensions ['ros']
[0.713s] Level 1:colcon.colcon_core.package_identification:_identify(src/arduinobot_description) by extension 'ros'
[0.713s] DEBUG:colcon.colcon_core.package_identification:Package 'src/arduinobot_description' with type 'ros.ament_cmake' and name 'arduinobot_description'
[0.713s] Level 1:colcon.colcon_core.package_identification:_identify(src/arduinobot_py_examples) by extensions ['ignore', 'ignore_ament_install']
[0.713s] Level 1:colcon.colcon_core.package_identification:_identify(src/arduinobot_py_examples) by extension 'ignore'
[0.713s] Level 1:colcon.colcon_core.package_identification:_identify(src/arduinobot_py_examples) by extension 'ignore_ament_install'
[0.713s] Level 1:colcon.colcon_core.package_identification:_identify(src/arduinobot_py_examples) by extensions ['colcon_pkg']
[0.713s] Level 1:colcon.colcon_core.package_identification:_identify(src/arduinobot_py_examples) by extension 'colcon_pkg'
[0.713s] Level 1:colcon.colcon_core.package_identification:_identify(src/arduinobot_py_examples) by extensions ['colcon_meta']
[0.713s] Level 1:colcon.colcon_core.package_identification:_identify(src/arduinobot_py_examples) by extension 'colcon_meta'
[0.713s] Level 1:colcon.colcon_core.package_identification:_identify(src/arduinobot_py_examples) by extensions ['ros']
[0.714s] Level 1:colcon.colcon_core.package_identification:_identify(src/arduinobot_py_examples) by extension 'ros'
[0.714s] DEBUG:colcon.colcon_core.package_identification:Package 'src/arduinobot_py_examples' with type 'ros.ament_python' and name 'arduinobot_py_examples'
[0.714s] Level 1:colcon.colcon_core.package_discovery:discover_packages(recursive) using defaults
[0.714s] Level 1:colcon.colcon_core.package_discovery:discover_packages(ignore) discover
[0.714s] Level 1:colcon.colcon_core.package_discovery:discover_packages(ignore) using defaults
[0.714s] Level 1:colcon.colcon_core.package_discovery:discover_packages(path) discover
[0.714s] Level 1:colcon.colcon_core.package_discovery:discover_packages(path) using defaults
[0.774s] Level 1:colcon.colcon_core.package_discovery:discover_packages(prefix_path) check parameters
[0.774s] Level 1:colcon.colcon_core.package_discovery:discover_packages(prefix_path) discover
[0.794s] DEBUG:colcon.colcon_installed_package_information.package_discovery:Found 3 installed packages in /home/namiwije/arduinobot_ws/install
[0.804s] DEBUG:colcon.colcon_installed_package_information.package_discovery:Found 359 installed packages in /opt/ros/humble
[0.805s] Level 1:colcon.colcon_core.package_discovery:discover_packages(prefix_path) using defaults
[0.879s] Level 5:colcon.colcon_core.verb:set package 'arduinobot_cpp_examples' build argument 'cmake_args' from command line to 'None'
[0.879s] Level 5:colcon.colcon_core.verb:set package 'arduinobot_cpp_examples' build argument 'cmake_target' from command line to 'None'
[0.879s] Level 5:colcon.colcon_core.verb:set package 'arduinobot_cpp_examples' build argument 'cmake_target_skip_unavailable' from command line to 'False'
[0.879s] Level 5:colcon.colcon_core.verb:set package 'arduinobot_cpp_examples' build argument 'cmake_clean_cache' from command line to 'False'
[0.879s] Level 5:colcon.colcon_core.verb:set package 'arduinobot_cpp_examples' build argument 'cmake_clean_first' from command line to 'False'
[0.879s] Level 5:colcon.colcon_core.verb:set package 'arduinobot_cpp_examples' build argument 'cmake_force_configure' from command line to 'False'
[0.879s] Level 5:colcon.colcon_core.verb:set package 'arduinobot_cpp_examples' build argument 'ament_cmake_args' from command line to 'None'
[0.879s] Level 5:colcon.colcon_core.verb:set package 'arduinobot_cpp_examples' build argument 'catkin_cmake_args' from command line to 'None'
[0.879s] Level 5:colcon.colcon_core.verb:set package 'arduinobot_cpp_examples' build argument 'catkin_skip_building_tests' from command line to 'False'
[0.879s] DEBUG:colcon.colcon_core.verb:Building package 'arduinobot_cpp_examples' with the following arguments: {'ament_cmake_args': None, 'build_base': '/home/namiwije/arduinobot_ws/build/arduinobot_cpp_examples', 'catkin_cmake_args': None, 'catkin_skip_building_tests': False, 'cmake_args': None, 'cmake_clean_cache': False, 'cmake_clean_first': False, 'cmake_force_configure': False, 'cmake_target': None, 'cmake_target_skip_unavailable': False, 'install_base': '/home/namiwije/arduinobot_ws/install/arduinobot_cpp_examples', 'merge_install': False, 'path': '/home/namiwije/arduinobot_ws/src/arduinobot_cpp_examples', 'symlink_install': False, 'test_result_base': None}
[0.888s] Level 5:colcon.colcon_core.verb:set package 'arduinobot_description' build argument 'cmake_args' from command line to 'None'
[0.888s] Level 5:colcon.colcon_core.verb:set package 'arduinobot_description' build argument 'cmake_target' from command line to 'None'
[0.888s] Level 5:colcon.colcon_core.verb:set package 'arduinobot_description' build argument 'cmake_target_skip_unavailable' from command line to 'False'
[0.888s] Level 5:colcon.colcon_core.verb:set package 'arduinobot_description' build argument 'cmake_clean_cache' from command line to 'False'
[0.888s] Level 5:colcon.colcon_core.verb:set package 'arduinobot_description' build argument 'cmake_clean_first' from command line to 'False'
[0.888s] Level 5:colcon.colcon_core.verb:set package 'arduinobot_description' build argument 'cmake_force_configure' from command line to 'False'
[0.888s] Level 5:colcon.colcon_core.verb:set package 'arduinobot_description' build argument 'ament_cmake_args' from command line to 'None'
[0.888s] Level 5:colcon.colcon_core.verb:set package 'arduinobot_description' build argument 'catkin_cmake_args' from command line to 'None'
[0.888s] Level 5:colcon.colcon_core.verb:set package 'arduinobot_description' build argument 'catkin_skip_building_tests' from command line to 'False'
[0.888s] DEBUG:colcon.colcon_core.verb:Building package 'arduinobot_description' with the following arguments: {'ament_cmake_args': None, 'build_base': '/home/namiwije/arduinobot_ws/build/arduinobot_description', 'catkin_cmake_args': None, 'catkin_skip_building_tests': False, 'cmake_args': None, 'cmake_clean_cache': False, 'cmake_clean_first': False, 'cmake_force_configure': False, 'cmake_target': None, 'cmake_target_skip_unavailable': False, 'install_base': '/home/namiwije/arduinobot_ws/install/arduinobot_description', 'merge_install': False, 'path': '/home/namiwije/arduinobot_ws/src/arduinobot_description', 'symlink_install': False, 'test_result_base': None}
[0.898s] Level 5:colcon.colcon_core.verb:set package 'arduinobot_py_examples' build argument 'cmake_args' from command line to 'None'
[0.898s] Level 5:colcon.colcon_core.verb:set package 'arduinobot_py_examples' build argument 'cmake_target' from command line to 'None'
[0.898s] Level 5:colcon.colcon_core.verb:set package 'arduinobot_py_examples' build argument 'cmake_target_skip_unavailable' from command line to 'False'
[0.898s] Level 5:colcon.colcon_core.verb:set package 'arduinobot_py_examples' build argument 'cmake_clean_cache' from command line to 'False'
[0.898s] Level 5:colcon.colcon_core.verb:set package 'arduinobot_py_examples' build argument 'cmake_clean_first' from command line to 'False'
[0.898s] Level 5:colcon.colcon_core.verb:set package 'arduinobot_py_examples' build argument 'cmake_force_configure' from command line to 'False'
[0.898s] Level 5:colcon.colcon_core.verb:set package 'arduinobot_py_examples' build argument 'ament_cmake_args' from command line to 'None'
[0.898s] Level 5:colcon.colcon_core.verb:set package 'arduinobot_py_examples' build argument 'catkin_cmake_args' from command line to 'None'
[0.898s] Level 5:colcon.colcon_core.verb:set package 'arduinobot_py_examples' build argument 'catkin_skip_building_tests' from command line to 'False'
[0.898s] DEBUG:colcon.colcon_core.verb:Building package 'arduinobot_py_examples' with the following arguments: {'ament_cmake_args': None, 'build_base': '/home/namiwije/arduinobot_ws/build/arduinobot_py_examples', 'catkin_cmake_args': None, 'catkin_skip_building_tests': False, 'cmake_args': None, 'cmake_clean_cache': False, 'cmake_clean_first': False, 'cmake_force_configure': False, 'cmake_target': None, 'cmake_target_skip_unavailable': False, 'install_base': '/home/namiwije/arduinobot_ws/install/arduinobot_py_examples', 'merge_install': False, 'path': '/home/namiwije/arduinobot_ws/src/arduinobot_py_examples', 'symlink_install': False, 'test_result_base': None}
[0.906s] INFO:colcon.colcon_core.executor:Executing jobs using 'parallel' executor
[0.916s] DEBUG:colcon.colcon_parallel_executor.executor.parallel:run_until_complete
[0.916s] INFO:colcon.colcon_ros.task.ament_cmake.build:Building ROS package in '/home/namiwije/arduinobot_ws/src/arduinobot_cpp_examples' with build type 'ament_cmake'
[0.916s] INFO:colcon.colcon_cmake.task.cmake.build:Building CMake package in '/home/namiwije/arduinobot_ws/src/arduinobot_cpp_examples'
[0.928s] INFO:colcon.colcon_core.plugin_system:Skipping extension 'colcon_core.shell.bat': Not used on non-Windows systems
[0.928s] INFO:colcon.colcon_core.shell:Skip shell extension 'powershell' for command environment: Not usable outside of PowerShell
[0.928s] DEBUG:colcon.colcon_core.shell:Skip shell extension 'dsv' for command environment
[0.959s] INFO:colcon.colcon_ros.task.ament_cmake.build:Building ROS package in '/home/namiwije/arduinobot_ws/src/arduinobot_description' with build type 'ament_cmake'
[0.959s] INFO:colcon.colcon_cmake.task.cmake.build:Building CMake package in '/home/namiwije/arduinobot_ws/src/arduinobot_description'
[0.969s] INFO:colcon.colcon_core.shell:Skip shell extension 'powershell' for command environment: Not usable outside of PowerShell
[0.969s] DEBUG:colcon.colcon_core.shell:Skip shell extension 'dsv' for command environment
[0.998s] INFO:colcon.colcon_ros.task.ament_python.build:Building ROS package in '/home/namiwije/arduinobot_ws/src/arduinobot_py_examples' with build type 'ament_python'
[0.998s] Level 1:colcon.colcon_core.shell:create_environment_hook('arduinobot_py_examples', 'ament_prefix_path')
[1.009s] INFO:colcon.colcon_core.shell:Creating environment hook '/home/namiwije/arduinobot_ws/install/arduinobot_py_examples/share/arduinobot_py_examples/hook/ament_prefix_path.ps1'
[1.009s] INFO:colcon.colcon_core.shell:Creating environment descriptor '/home/namiwije/arduinobot_ws/install/arduinobot_py_examples/share/arduinobot_py_examples/hook/ament_prefix_path.dsv'
[1.010s] INFO:colcon.colcon_core.shell:Creating environment hook '/home/namiwije/arduinobot_ws/install/arduinobot_py_examples/share/arduinobot_py_examples/hook/ament_prefix_path.sh'
[1.020s] INFO:colcon.colcon_core.shell:Skip shell extension 'powershell' for command environment: Not usable outside of PowerShell
[1.020s] DEBUG:colcon.colcon_core.shell:Skip shell extension 'dsv' for command environment
[1.052s] DEBUG:colcon.colcon_core.event_handler.log_command:Invoking command in '/home/namiwije/arduinobot_ws/build/arduinobot_cpp_examples': CMAKE_PREFIX_PATH=${CMAKE_PREFIX_PATH}:/home/namiwije/arduinobot_ws/install/arduinobot_py_examples:/opt/ros/humble /usr/bin/cmake --build /home/namiwije/arduinobot_ws/build/arduinobot_cpp_examples -- -j8 -l8
[1.055s] DEBUG:colcon.colcon_core.event_handler.log_command:Invoking command in '/home/namiwije/arduinobot_ws/build/arduinobot_description': CMAKE_PREFIX_PATH=${CMAKE_PREFIX_PATH}:/home/namiwije/arduinobot_ws/install/arduinobot_py_examples:/opt/ros/humble /usr/bin/cmake --build /home/namiwije/arduinobot_ws/build/arduinobot_description -- -j8 -l8
[1.223s] INFO:colcon.colcon_core.task.python.build:Building Python package in '/home/namiwije/arduinobot_ws/src/arduinobot_py_examples'
[1.233s] INFO:colcon.colcon_core.shell:Skip shell extension 'powershell' for command environment: Not usable outside of PowerShell
[1.233s] DEBUG:colcon.colcon_core.shell:Skip shell extension 'dsv' for command environment
[1.264s] DEBUG:colcon.colcon_core.event_handler.log_command:Invoked command in '/home/namiwije/arduinobot_ws/build/arduinobot_description' returned '0': CMAKE_PREFIX_PATH=${CMAKE_PREFIX_PATH}:/home/namiwije/arduinobot_ws/install/arduinobot_py_examples:/opt/ros/humble /usr/bin/cmake --build /home/namiwije/arduinobot_ws/build/arduinobot_description -- -j8 -l8
[1.264s] DEBUG:colcon.colcon_core.event_handler.log_command:Invoked command in '/home/namiwije/arduinobot_ws/build/arduinobot_cpp_examples' returned '0': CMAKE_PREFIX_PATH=${CMAKE_PREFIX_PATH}:/home/namiwije/arduinobot_ws/install/arduinobot_py_examples:/opt/ros/humble /usr/bin/cmake --build /home/namiwije/arduinobot_ws/build/arduinobot_cpp_examples -- -j8 -l8
[1.286s] DEBUG:colcon.colcon_core.event_handler.log_command:Invoking command in '/home/namiwije/arduinobot_ws/build/arduinobot_cpp_examples': CMAKE_PREFIX_PATH=${CMAKE_PREFIX_PATH}:/home/namiwije/arduinobot_ws/install/arduinobot_py_examples:/opt/ros/humble /usr/bin/cmake --install /home/namiwije/arduinobot_ws/build/arduinobot_cpp_examples
[1.288s] DEBUG:colcon.colcon_core.event_handler.log_command:Invoking command in '/home/namiwije/arduinobot_ws/build/arduinobot_description': CMAKE_PREFIX_PATH=${CMAKE_PREFIX_PATH}:/home/namiwije/arduinobot_ws/install/arduinobot_py_examples:/opt/ros/humble /usr/bin/cmake --install /home/namiwije/arduinobot_ws/build/arduinobot_description
[1.294s] Level 1:colcon.colcon_core.environment:create_environment_scripts_only(arduinobot_cpp_examples)
[1.302s] DEBUG:colcon.colcon_core.event_handler.log_command:Invoked command in '/home/namiwije/arduinobot_ws/build/arduinobot_cpp_examples' returned '0': CMAKE_PREFIX_PATH=${CMAKE_PREFIX_PATH}:/home/namiwije/arduinobot_ws/install/arduinobot_py_examples:/opt/ros/humble /usr/bin/cmake --install /home/namiwije/arduinobot_ws/build/arduinobot_cpp_examples
[1.314s] Level 1:colcon.colcon_core.environment:checking '/home/namiwije/arduinobot_ws/install/arduinobot_cpp_examples' for CMake module files
[1.314s] Level 1:colcon.colcon_core.environment:checking '/home/namiwije/arduinobot_ws/install/arduinobot_cpp_examples' for CMake config files
[1.314s] Level 1:colcon.colcon_core.shell:create_environment_hook('arduinobot_cpp_examples', 'cmake_prefix_path')
[1.324s] INFO:colcon.colcon_core.shell:Creating environment hook '/home/namiwije/arduinobot_ws/install/arduinobot_cpp_examples/share/arduinobot_cpp_examples/hook/cmake_prefix_path.ps1'
[1.324s] INFO:colcon.colcon_core.shell:Creating environment descriptor '/home/namiwije/arduinobot_ws/install/arduinobot_cpp_examples/share/arduinobot_cpp_examples/hook/cmake_prefix_path.dsv'
[1.324s] INFO:colcon.colcon_core.shell:Creating environment hook '/home/namiwije/arduinobot_ws/install/arduinobot_cpp_examples/share/arduinobot_cpp_examples/hook/cmake_prefix_path.sh'
[1.325s] Level 1:colcon.colcon_core.environment:checking '/home/namiwije/arduinobot_ws/install/arduinobot_cpp_examples/bin'
[1.325s] Level 1:colcon.colcon_core.environment:checking '/home/namiwije/arduinobot_ws/install/arduinobot_cpp_examples/lib/pkgconfig/arduinobot_cpp_examples.pc'
[1.325s] Level 1:colcon.colcon_core.environment:checking '/home/namiwije/arduinobot_ws/install/arduinobot_cpp_examples/lib/python3.10/site-packages'
[1.325s] Level 1:colcon.colcon_core.environment:checking '/home/namiwije/arduinobot_ws/install/arduinobot_cpp_examples/bin'
[1.335s] INFO:colcon.colcon_core.shell:Creating package script '/home/namiwije/arduinobot_ws/install/arduinobot_cpp_examples/share/arduinobot_cpp_examples/package.ps1'
[1.335s] INFO:colcon.colcon_core.shell:Creating package descriptor '/home/namiwije/arduinobot_ws/install/arduinobot_cpp_examples/share/arduinobot_cpp_examples/package.dsv'
[1.336s] INFO:colcon.colcon_core.shell:Creating package script '/home/namiwije/arduinobot_ws/install/arduinobot_cpp_examples/share/arduinobot_cpp_examples/package.sh'
[1.336s] INFO:colcon.colcon_core.shell:Creating package script '/home/namiwije/arduinobot_ws/install/arduinobot_cpp_examples/share/arduinobot_cpp_examples/package.bash'
[1.337s] INFO:colcon.colcon_core.shell:Creating package script '/home/namiwije/arduinobot_ws/install/arduinobot_cpp_examples/share/arduinobot_cpp_examples/package.zsh'
[1.338s] Level 1:colcon.colcon_core.environment:create_file_with_runtime_dependencies(/home/namiwije/arduinobot_ws/install/arduinobot_cpp_examples/share/colcon-core/packages/arduinobot_cpp_examples)
[1.339s] Level 1:colcon.colcon_core.environment:create_environment_scripts_only(arduinobot_description)
[1.339s] DEBUG:colcon.colcon_core.event_handler.log_command:Invoked command in '/home/namiwije/arduinobot_ws/build/arduinobot_description' returned '0': CMAKE_PREFIX_PATH=${CMAKE_PREFIX_PATH}:/home/namiwije/arduinobot_ws/install/arduinobot_py_examples:/opt/ros/humble /usr/bin/cmake --install /home/namiwije/arduinobot_ws/build/arduinobot_description
[1.352s] Level 1:colcon.colcon_core.environment:checking '/home/namiwije/arduinobot_ws/install/arduinobot_description' for CMake module files
[1.352s] Level 1:colcon.colcon_core.environment:checking '/home/namiwije/arduinobot_ws/install/arduinobot_description' for CMake config files
[1.352s] Level 1:colcon.colcon_core.shell:create_environment_hook('arduinobot_description', 'cmake_prefix_path')
[1.362s] INFO:colcon.colcon_core.shell:Creating environment hook '/home/namiwije/arduinobot_ws/install/arduinobot_description/share/arduinobot_description/hook/cmake_prefix_path.ps1'
[1.362s] INFO:colcon.colcon_core.shell:Creating environment descriptor '/home/namiwije/arduinobot_ws/install/arduinobot_description/share/arduinobot_description/hook/cmake_prefix_path.dsv'
[1.362s] INFO:colcon.colcon_core.shell:Creating environment hook '/home/namiwije/arduinobot_ws/install/arduinobot_description/share/arduinobot_description/hook/cmake_prefix_path.sh'
[1.363s] Level 1:colcon.colcon_core.environment:checking '/home/namiwije/arduinobot_ws/install/arduinobot_description/bin'
[1.363s] Level 1:colcon.colcon_core.environment:checking '/home/namiwije/arduinobot_ws/install/arduinobot_description/lib/pkgconfig/arduinobot_description.pc'
[1.363s] Level 1:colcon.colcon_core.environment:checking '/home/namiwije/arduinobot_ws/install/arduinobot_description/lib/python3.10/site-packages'
[1.363s] Level 1:colcon.colcon_core.environment:checking '/home/namiwije/arduinobot_ws/install/arduinobot_description/bin'
[1.373s] INFO:colcon.colcon_core.shell:Creating package script '/home/namiwije/arduinobot_ws/install/arduinobot_description/share/arduinobot_description/package.ps1'
[1.373s] INFO:colcon.colcon_core.shell:Creating package descriptor '/home/namiwije/arduinobot_ws/install/arduinobot_description/share/arduinobot_description/package.dsv'
[1.373s] INFO:colcon.colcon_core.shell:Creating package script '/home/namiwije/arduinobot_ws/install/arduinobot_description/share/arduinobot_description/package.sh'
[1.374s] INFO:colcon.colcon_core.shell:Creating package script '/home/namiwije/arduinobot_ws/install/arduinobot_description/share/arduinobot_description/package.bash'
[1.374s] INFO:colcon.colcon_core.shell:Creating package script '/home/namiwije/arduinobot_ws/install/arduinobot_description/share/arduinobot_description/package.zsh'
[1.374s] Level 1:colcon.colcon_core.environment:create_file_with_runtime_dependencies(/home/namiwije/arduinobot_ws/install/arduinobot_description/share/colcon-core/packages/arduinobot_description)
[1.384s] Level 1:colcon.colcon_core.environment:create_environment_scripts_only(arduinobot_cpp_examples)
[1.394s] Level 1:colcon.colcon_core.environment:checking '/home/namiwije/arduinobot_ws/install/arduinobot_cpp_examples' for CMake module files
[1.395s] Level 1:colcon.colcon_core.environment:checking '/home/namiwije/arduinobot_ws/install/arduinobot_cpp_examples' for CMake config files
[1.395s] Level 1:colcon.colcon_core.shell:create_environment_hook('arduinobot_cpp_examples', 'cmake_prefix_path')
[1.404s] INFO:colcon.colcon_core.shell:Creating environment hook '/home/namiwije/arduinobot_ws/install/arduinobot_cpp_examples/share/arduinobot_cpp_examples/hook/cmake_prefix_path.ps1'
[1.405s] INFO:colcon.colcon_core.shell:Creating environment descriptor '/home/namiwije/arduinobot_ws/install/arduinobot_cpp_examples/share/arduinobot_cpp_examples/hook/cmake_prefix_path.dsv'
[1.405s] INFO:colcon.colcon_core.shell:Creating environment hook '/home/namiwije/arduinobot_ws/install/arduinobot_cpp_examples/share/arduinobot_cpp_examples/hook/cmake_prefix_path.sh'
[1.405s] Level 1:colcon.colcon_core.environment:checking '/home/namiwije/arduinobot_ws/install/arduinobot_cpp_examples/bin'
[1.405s] Level 1:colcon.colcon_core.environment:checking '/home/namiwije/arduinobot_ws/install/arduinobot_cpp_examples/lib/pkgconfig/arduinobot_cpp_examples.pc'
[1.405s] Level 1:colcon.colcon_core.environment:checking '/home/namiwije/arduinobot_ws/install/arduinobot_cpp_examples/lib/python3.10/site-packages'
[1.405s] Level 1:colcon.colcon_core.environment:checking '/home/namiwije/arduinobot_ws/install/arduinobot_cpp_examples/bin'
[1.415s] INFO:colcon.colcon_core.shell:Creating package script '/home/namiwije/arduinobot_ws/install/arduinobot_cpp_examples/share/arduinobot_cpp_examples/package.ps1'
[1.416s] INFO:colcon.colcon_core.shell:Creating package descriptor '/home/namiwije/arduinobot_ws/install/arduinobot_cpp_examples/share/arduinobot_cpp_examples/package.dsv'
[1.416s] INFO:colcon.colcon_core.shell:Creating package script '/home/namiwije/arduinobot_ws/install/arduinobot_cpp_examples/share/arduinobot_cpp_examples/package.sh'
[1.416s] INFO:colcon.colcon_core.shell:Creating package script '/home/namiwije/arduinobot_ws/install/arduinobot_cpp_examples/share/arduinobot_cpp_examples/package.bash'
[1.417s] INFO:colcon.colcon_core.shell:Creating package script '/home/namiwije/arduinobot_ws/install/arduinobot_cpp_examples/share/arduinobot_cpp_examples/package.zsh'
[1.417s] Level 1:colcon.colcon_core.environment:create_file_with_runtime_dependencies(/home/namiwije/arduinobot_ws/install/arduinobot_cpp_examples/share/colcon-core/packages/arduinobot_cpp_examples)
[1.427s] Level 1:colcon.colcon_core.environment:create_environment_scripts_only(arduinobot_description)
[1.439s] Level 1:colcon.colcon_core.environment:checking '/home/namiwije/arduinobot_ws/install/arduinobot_description' for CMake module files
[1.439s] Level 1:colcon.colcon_core.environment:checking '/home/namiwije/arduinobot_ws/install/arduinobot_description' for CMake config files
[1.439s] Level 1:colcon.colcon_core.shell:create_environment_hook('arduinobot_description', 'cmake_prefix_path')
[1.449s] INFO:colcon.colcon_core.shell:Creating environment hook '/home/namiwije/arduinobot_ws/install/arduinobot_description/share/arduinobot_description/hook/cmake_prefix_path.ps1'
[1.449s] INFO:colcon.colcon_core.shell:Creating environment descriptor '/home/namiwije/arduinobot_ws/install/arduinobot_description/share/arduinobot_description/hook/cmake_prefix_path.dsv'
[1.450s] INFO:colcon.colcon_core.shell:Creating environment hook '/home/namiwije/arduinobot_ws/install/arduinobot_description/share/arduinobot_description/hook/cmake_prefix_path.sh'
[1.450s] Level 1:colcon.colcon_core.environment:checking '/home/namiwije/arduinobot_ws/install/arduinobot_description/bin'
[1.450s] Level 1:colcon.colcon_core.environment:checking '/home/namiwije/arduinobot_ws/install/arduinobot_description/lib/pkgconfig/arduinobot_description.pc'
[1.450s] Level 1:colcon.colcon_core.environment:checking '/home/namiwije/arduinobot_ws/install/arduinobot_description/lib/python3.10/site-packages'
[1.450s] Level 1:colcon.colcon_core.environment:checking '/home/namiwije/arduinobot_ws/install/arduinobot_description/bin'
[1.460s] INFO:colcon.colcon_core.shell:Creating package script '/home/namiwije/arduinobot_ws/install/arduinobot_description/share/arduinobot_description/package.ps1'
[1.461s] INFO:colcon.colcon_core.shell:Creating package descriptor '/home/namiwije/arduinobot_ws/install/arduinobot_description/share/arduinobot_description/package.dsv'
[1.461s] INFO:colcon.colcon_core.shell:Creating package script '/home/namiwije/arduinobot_ws/install/arduinobot_description/share/arduinobot_description/package.sh'
[1.461s] INFO:colcon.colcon_core.shell:Creating package script '/home/namiwije/arduinobot_ws/install/arduinobot_description/share/arduinobot_description/package.bash'
[1.461s] INFO:colcon.colcon_core.shell:Creating package script '/home/namiwije/arduinobot_ws/install/arduinobot_description/share/arduinobot_description/package.zsh'
[1.462s] Level 1:colcon.colcon_core.environment:create_file_with_runtime_dependencies(/home/namiwije/arduinobot_ws/install/arduinobot_description/share/colcon-core/packages/arduinobot_description)
[1.588s] DEBUG:colcon.colcon_core.event_handler.log_command:Invoking command in '/home/namiwije/arduinobot_ws/src/arduinobot_py_examples': PYTHONPATH=/home/namiwije/arduinobot_ws/build/arduinobot_py_examples/prefix_override:/home/namiwije/arduinobot_ws/install/arduinobot_py_examples/lib/python3.10/site-packages:${PYTHONPATH} /usr/bin/python3 setup.py egg_info --egg-base ../../build/arduinobot_py_examples build --build-base /home/namiwije/arduinobot_ws/build/arduinobot_py_examples/build install --record /home/namiwije/arduinobot_ws/build/arduinobot_py_examples/install.log --single-version-externally-managed
[1.783s] DEBUG:colcon.colcon_core.event_handler.log_command:Invoked command in '/home/namiwije/arduinobot_ws/src/arduinobot_py_examples' returned '0': PYTHONPATH=/home/namiwije/arduinobot_ws/build/arduinobot_py_examples/prefix_override:/home/namiwije/arduinobot_ws/install/arduinobot_py_examples/lib/python3.10/site-packages:${PYTHONPATH} /usr/bin/python3 setup.py egg_info --egg-base ../../build/arduinobot_py_examples build --build-base /home/namiwije/arduinobot_ws/build/arduinobot_py_examples/build install --record /home/namiwije/arduinobot_ws/build/arduinobot_py_examples/install.log --single-version-externally-managed
[1.792s] Level 1:colcon.colcon_core.environment:checking '/home/namiwije/arduinobot_ws/install/arduinobot_py_examples' for CMake module files
[1.792s] Level 1:colcon.colcon_core.environment:checking '/home/namiwije/arduinobot_ws/install/arduinobot_py_examples' for CMake config files
[1.793s] Level 1:colcon.colcon_core.environment:checking '/home/namiwije/arduinobot_ws/install/arduinobot_py_examples/lib'
[1.793s] Level 1:colcon.colcon_core.environment:checking '/home/namiwije/arduinobot_ws/install/arduinobot_py_examples/bin'
[1.793s] Level 1:colcon.colcon_core.environment:checking '/home/namiwije/arduinobot_ws/install/arduinobot_py_examples/lib/pkgconfig/arduinobot_py_examples.pc'
[1.793s] Level 1:colcon.colcon_core.environment:checking '/home/namiwije/arduinobot_ws/install/arduinobot_py_examples/lib/python3.10/site-packages'
[1.793s] Level 1:colcon.colcon_core.shell:create_environment_hook('arduinobot_py_examples', 'pythonpath')
[1.802s] INFO:colcon.colcon_core.shell:Creating environment hook '/home/namiwije/arduinobot_ws/install/arduinobot_py_examples/share/arduinobot_py_examples/hook/pythonpath.ps1'
[1.803s] INFO:colcon.colcon_core.shell:Creating environment descriptor '/home/namiwije/arduinobot_ws/install/arduinobot_py_examples/share/arduinobot_py_examples/hook/pythonpath.dsv'
[1.803s] INFO:colcon.colcon_core.shell:Creating environment hook '/home/namiwije/arduinobot_ws/install/arduinobot_py_examples/share/arduinobot_py_examples/hook/pythonpath.sh'
[1.803s] Level 1:colcon.colcon_core.environment:checking '/home/namiwije/arduinobot_ws/install/arduinobot_py_examples/bin'
[1.803s] Level 1:colcon.colcon_core.environment:create_environment_scripts_only(arduinobot_py_examples)
[1.812s] INFO:colcon.colcon_core.shell:Creating package script '/home/namiwije/arduinobot_ws/install/arduinobot_py_examples/share/arduinobot_py_examples/package.ps1'
[1.813s] INFO:colcon.colcon_core.shell:Creating package descriptor '/home/namiwije/arduinobot_ws/install/arduinobot_py_examples/share/arduinobot_py_examples/package.dsv'
[1.813s] INFO:colcon.colcon_core.shell:Creating package script '/home/namiwije/arduinobot_ws/install/arduinobot_py_examples/share/arduinobot_py_examples/package.sh'
[1.813s] INFO:colcon.colcon_core.shell:Creating package script '/home/namiwije/arduinobot_ws/install/arduinobot_py_examples/share/arduinobot_py_examples/package.bash'
[1.813s] INFO:colcon.colcon_core.shell:Creating package script '/home/namiwije/arduinobot_ws/install/arduinobot_py_examples/share/arduinobot_py_examples/package.zsh'
[1.814s] Level 1:colcon.colcon_core.environment:create_file_with_runtime_dependencies(/home/namiwije/arduinobot_ws/install/arduinobot_py_examples/share/colcon-core/packages/arduinobot_py_examples)
[1.814s] DEBUG:colcon.colcon_parallel_executor.executor.parallel:closing loop
[1.814s] DEBUG:colcon.colcon_parallel_executor.executor.parallel:loop closed
[1.814s] DEBUG:colcon.colcon_parallel_executor.executor.parallel:run_until_complete finished with '0'
[1.814s] DEBUG:colcon.colcon_core.event_reactor:joining thread
[1.828s] INFO:colcon.colcon_core.plugin_system:Skipping extension 'colcon_notification.desktop_notification.terminal_notifier': Not used on non-Darwin systems
[1.828s] INFO:colcon.colcon_core.plugin_system:Skipping extension 'colcon_notification.desktop_notification.win32': Not used on non-Windows systems
[1.828s] INFO:colcon.colcon_notification.desktop_notification:Sending desktop notification using 'notify2'
[1.839s] DEBUG:colcon.colcon_core.event_reactor:joined thread
[1.849s] INFO:colcon.colcon_core.shell:Creating prefix script '/home/namiwije/arduinobot_ws/install/local_setup.ps1'
[1.850s] INFO:colcon.colcon_core.shell:Creating prefix util module '/home/namiwije/arduinobot_ws/install/_local_setup_util_ps1.py'
[1.851s] INFO:colcon.colcon_core.shell:Creating prefix chain script '/home/namiwije/arduinobot_ws/install/setup.ps1'
[1.861s] INFO:colcon.colcon_core.shell:Creating prefix script '/home/namiwije/arduinobot_ws/install/local_setup.sh'
[1.861s] INFO:colcon.colcon_core.shell:Creating prefix util module '/home/namiwije/arduinobot_ws/install/_local_setup_util_sh.py'
[1.861s] INFO:colcon.colcon_core.shell:Creating prefix chain script '/home/namiwije/arduinobot_ws/install/setup.sh'
[1.871s] INFO:colcon.colcon_core.shell:Creating prefix script '/home/namiwije/arduinobot_ws/install/local_setup.bash'
[1.871s] INFO:colcon.colcon_core.shell:Creating prefix chain script '/home/namiwije/arduinobot_ws/install/setup.bash'
[1.881s] INFO:colcon.colcon_core.shell:Creating prefix script '/home/namiwije/arduinobot_ws/install/local_setup.zsh'
[1.881s] INFO:colcon.colcon_core.shell:Creating prefix chain script '/home/namiwije/arduinobot_ws/install/setup.zsh'
