[0.576s] DEBUG:colcon:Command line arguments: ['/usr/bin/colcon', 'build']
[0.576s] DEBUG:colcon:Parsed command line arguments: Namespace(log_base=None, log_level=None, verb_name='build', build_base='build', install_base='install', merge_install=False, symlink_install=False, test_result_base=None, continue_on_error=False, executor='parallel', parallel_workers=8, event_handlers=None, ignore_user_meta=False, metas=['./colcon.meta'], base_paths=['.'], packages_ignore=None, packages_ignore_regex=None, paths=None, packages_up_to=None, packages_up_to_regex=None, packages_above=None, packages_above_and_dependencies=None, packages_above_depth=None, packages_select_by_dep=None, packages_skip_by_dep=None, packages_skip_up_to=None, packages_select_build_failed=False, packages_skip_build_finished=False, packages_select_test_failures=False, packages_skip_test_passed=False, packages_select=None, packages_skip=None, packages_select_regex=None, packages_skip_regex=None, packages_start=None, packages_end=None, allow_overriding=[], cmake_args=None, cmake_target=None, cmake_target_skip_unavailable=False, cmake_clean_cache=False, cmake_clean_first=False, cmake_force_configure=False, ament_cmake_args=None, catkin_cmake_args=None, catkin_skip_building_tests=False, verb_parser=<colcon_defaults.argument_parser.defaults.DefaultArgumentsDecorator object at 0x7fb967279240>, verb_extension=<colcon_core.verb.build.BuildVerb object at 0x7fb967278310>, main=<bound method BuildVerb.main of <colcon_core.verb.build.BuildVerb object at 0x7fb967278310>>)
[0.603s] Level 1:colcon.colcon_core.package_discovery:discover_packages(colcon_meta) check parameters
[0.603s] Level 1:colcon.colcon_core.package_discovery:discover_packages(recursive) check parameters
[0.603s] Level 1:colcon.colcon_core.package_discovery:discover_packages(ignore) check parameters
[0.603s] Level 1:colcon.colcon_core.package_discovery:discover_packages(path) check parameters
[0.603s] Level 1:colcon.colcon_core.package_discovery:discover_packages(colcon_meta) discover
[0.603s] Level 1:colcon.colcon_core.package_discovery:discover_packages(recursive) discover
[0.603s] INFO:colcon.colcon_core.package_discovery:Crawling recursively for packages in '/home/namiwije/arduinobot_ws'
[0.603s] Level 1:colcon.colcon_core.package_identification:_identify(.) by extensions ['ignore', 'ignore_ament_install']
[0.604s] Level 1:colcon.colcon_core.package_identification:_identify(.) by extension 'ignore'
[0.604s] Level 1:colcon.colcon_core.package_identification:_identify(.) by extension 'ignore_ament_install'
[0.604s] Level 1:colcon.colcon_core.package_identification:_identify(.) by extensions ['colcon_pkg']
[0.604s] Level 1:colcon.colcon_core.package_identification:_identify(.) by extension 'colcon_pkg'
[0.604s] Level 1:colcon.colcon_core.package_identification:_identify(.) by extensions ['colcon_meta']
[0.604s] Level 1:colcon.colcon_core.package_identification:_identify(.) by extension 'colcon_meta'
[0.604s] Level 1:colcon.colcon_core.package_identification:_identify(.) by extensions ['ros']
[0.604s] Level 1:colcon.colcon_core.package_identification:_identify(.) by extension 'ros'
[0.610s] Level 1:colcon.colcon_core.package_identification:_identify(.) by extensions ['cmake', 'python']
[0.610s] Level 1:colcon.colcon_core.package_identification:_identify(.) by extension 'cmake'
[0.610s] Level 1:colcon.colcon_core.package_identification:_identify(.) by extension 'python'
[0.610s] Level 1:colcon.colcon_core.package_identification:_identify(.) by extensions ['python_setup_py']
[0.610s] Level 1:colcon.colcon_core.package_identification:_identify(.) by extension 'python_setup_py'
[0.610s] Level 1:colcon.colcon_core.package_identification:_identify(build) by extensions ['ignore', 'ignore_ament_install']
[0.610s] Level 1:colcon.colcon_core.package_identification:_identify(build) by extension 'ignore'
[0.610s] Level 1:colcon.colcon_core.package_identification:_identify(build) ignored
[0.610s] Level 1:colcon.colcon_core.package_identification:_identify(install) by extensions ['ignore', 'ignore_ament_install']
[0.610s] Level 1:colcon.colcon_core.package_identification:_identify(install) by extension 'ignore'
[0.610s] Level 1:colcon.colcon_core.package_identification:_identify(install) ignored
[0.611s] Level 1:colcon.colcon_core.package_identification:_identify(log) by extensions ['ignore', 'ignore_ament_install']
[0.611s] Level 1:colcon.colcon_core.package_identification:_identify(log) by extension 'ignore'
[0.611s] Level 1:colcon.colcon_core.package_identification:_identify(log) ignored
[0.611s] Level 1:colcon.colcon_core.package_identification:_identify(src) by extensions ['ignore', 'ignore_ament_install']
[0.611s] Level 1:colcon.colcon_core.package_identification:_identify(src) by extension 'ignore'
[0.611s] Level 1:colcon.colcon_core.package_identification:_identify(src) by extension 'ignore_ament_install'
[0.611s] Level 1:colcon.colcon_core.package_identification:_identify(src) by extensions ['colcon_pkg']
[0.611s] Level 1:colcon.colcon_core.package_identification:_identify(src) by extension 'colcon_pkg'
[0.611s] Level 1:colcon.colcon_core.package_identification:_identify(src) by extensions ['colcon_meta']
[0.611s] Level 1:colcon.colcon_core.package_identification:_identify(src) by extension 'colcon_meta'
[0.611s] Level 1:colcon.colcon_core.package_identification:_identify(src) by extensions ['ros']
[0.611s] Level 1:colcon.colcon_core.package_identification:_identify(src) by extension 'ros'
[0.611s] Level 1:colcon.colcon_core.package_identification:_identify(src) by extensions ['cmake', 'python']
[0.611s] Level 1:colcon.colcon_core.package_identification:_identify(src) by extension 'cmake'
[0.611s] Level 1:colcon.colcon_core.package_identification:_identify(src) by extension 'python'
[0.611s] Level 1:colcon.colcon_core.package_identification:_identify(src) by extensions ['python_setup_py']
[0.611s] Level 1:colcon.colcon_core.package_identification:_identify(src) by extension 'python_setup_py'
[0.611s] Level 1:colcon.colcon_core.package_identification:_identify(src/arduinobot_controller) by extensions ['ignore', 'ignore_ament_install']
[0.611s] Level 1:colcon.colcon_core.package_identification:_identify(src/arduinobot_controller) by extension 'ignore'
[0.611s] Level 1:colcon.colcon_core.package_identification:_identify(src/arduinobot_controller) by extension 'ignore_ament_install'
[0.611s] Level 1:colcon.colcon_core.package_identification:_identify(src/arduinobot_controller) by extensions ['colcon_pkg']
[0.611s] Level 1:colcon.colcon_core.package_identification:_identify(src/arduinobot_controller) by extension 'colcon_pkg'
[0.611s] Level 1:colcon.colcon_core.package_identification:_identify(src/arduinobot_controller) by extensions ['colcon_meta']
[0.611s] Level 1:colcon.colcon_core.package_identification:_identify(src/arduinobot_controller) by extension 'colcon_meta'
[0.611s] Level 1:colcon.colcon_core.package_identification:_identify(src/arduinobot_controller) by extensions ['ros']
[0.611s] Level 1:colcon.colcon_core.package_identification:_identify(src/arduinobot_controller) by extension 'ros'
[0.613s] DEBUG:colcon.colcon_core.package_identification:Package 'src/arduinobot_controller' with type 'ros.ament_cmake' and name 'arduinobot_controller'
[0.613s] Level 1:colcon.colcon_core.package_identification:_identify(src/arduinobot_cpp_examples) by extensions ['ignore', 'ignore_ament_install']
[0.613s] Level 1:colcon.colcon_core.package_identification:_identify(src/arduinobot_cpp_examples) by extension 'ignore'
[0.613s] Level 1:colcon.colcon_core.package_identification:_identify(src/arduinobot_cpp_examples) by extension 'ignore_ament_install'
[0.613s] Level 1:colcon.colcon_core.package_identification:_identify(src/arduinobot_cpp_examples) by extensions ['colcon_pkg']
[0.613s] Level 1:colcon.colcon_core.package_identification:_identify(src/arduinobot_cpp_examples) by extension 'colcon_pkg'
[0.613s] Level 1:colcon.colcon_core.package_identification:_identify(src/arduinobot_cpp_examples) by extensions ['colcon_meta']
[0.613s] Level 1:colcon.colcon_core.package_identification:_identify(src/arduinobot_cpp_examples) by extension 'colcon_meta'
[0.613s] Level 1:colcon.colcon_core.package_identification:_identify(src/arduinobot_cpp_examples) by extensions ['ros']
[0.613s] Level 1:colcon.colcon_core.package_identification:_identify(src/arduinobot_cpp_examples) by extension 'ros'
[0.613s] DEBUG:colcon.colcon_core.package_identification:Package 'src/arduinobot_cpp_examples' with type 'ros.ament_cmake' and name 'arduinobot_cpp_examples'
[0.613s] Level 1:colcon.colcon_core.package_identification:_identify(src/arduinobot_description) by extensions ['ignore', 'ignore_ament_install']
[0.613s] Level 1:colcon.colcon_core.package_identification:_identify(src/arduinobot_description) by extension 'ignore'
[0.613s] Level 1:colcon.colcon_core.package_identification:_identify(src/arduinobot_description) by extension 'ignore_ament_install'
[0.613s] Level 1:colcon.colcon_core.package_identification:_identify(src/arduinobot_description) by extensions ['colcon_pkg']
[0.613s] Level 1:colcon.colcon_core.package_identification:_identify(src/arduinobot_description) by extension 'colcon_pkg'
[0.613s] Level 1:colcon.colcon_core.package_identification:_identify(src/arduinobot_description) by extensions ['colcon_meta']
[0.613s] Level 1:colcon.colcon_core.package_identification:_identify(src/arduinobot_description) by extension 'colcon_meta'
[0.613s] Level 1:colcon.colcon_core.package_identification:_identify(src/arduinobot_description) by extensions ['ros']
[0.613s] Level 1:colcon.colcon_core.package_identification:_identify(src/arduinobot_description) by extension 'ros'
[0.614s] DEBUG:colcon.colcon_core.package_identification:Package 'src/arduinobot_description' with type 'ros.ament_cmake' and name 'arduinobot_description'
[0.614s] Level 1:colcon.colcon_core.package_identification:_identify(src/arduinobot_py_examples) by extensions ['ignore', 'ignore_ament_install']
[0.614s] Level 1:colcon.colcon_core.package_identification:_identify(src/arduinobot_py_examples) by extension 'ignore'
[0.614s] Level 1:colcon.colcon_core.package_identification:_identify(src/arduinobot_py_examples) by extension 'ignore_ament_install'
[0.614s] Level 1:colcon.colcon_core.package_identification:_identify(src/arduinobot_py_examples) by extensions ['colcon_pkg']
[0.614s] Level 1:colcon.colcon_core.package_identification:_identify(src/arduinobot_py_examples) by extension 'colcon_pkg'
[0.614s] Level 1:colcon.colcon_core.package_identification:_identify(src/arduinobot_py_examples) by extensions ['colcon_meta']
[0.614s] Level 1:colcon.colcon_core.package_identification:_identify(src/arduinobot_py_examples) by extension 'colcon_meta'
[0.614s] Level 1:colcon.colcon_core.package_identification:_identify(src/arduinobot_py_examples) by extensions ['ros']
[0.614s] Level 1:colcon.colcon_core.package_identification:_identify(src/arduinobot_py_examples) by extension 'ros'
[0.614s] DEBUG:colcon.colcon_core.package_identification:Package 'src/arduinobot_py_examples' with type 'ros.ament_python' and name 'arduinobot_py_examples'
[0.614s] Level 1:colcon.colcon_core.package_identification:_identify(src/build) by extensions ['ignore', 'ignore_ament_install']
[0.614s] Level 1:colcon.colcon_core.package_identification:_identify(src/build) by extension 'ignore'
[0.614s] Level 1:colcon.colcon_core.package_identification:_identify(src/build) ignored
[0.614s] Level 1:colcon.colcon_core.package_identification:_identify(src/install) by extensions ['ignore', 'ignore_ament_install']
[0.614s] Level 1:colcon.colcon_core.package_identification:_identify(src/install) by extension 'ignore'
[0.614s] Level 1:colcon.colcon_core.package_identification:_identify(src/install) ignored
[0.614s] Level 1:colcon.colcon_core.package_identification:_identify(src/log) by extensions ['ignore', 'ignore_ament_install']
[0.615s] Level 1:colcon.colcon_core.package_identification:_identify(src/log) by extension 'ignore'
[0.615s] Level 1:colcon.colcon_core.package_identification:_identify(src/log) ignored
[0.615s] Level 1:colcon.colcon_core.package_discovery:discover_packages(recursive) using defaults
[0.615s] Level 1:colcon.colcon_core.package_discovery:discover_packages(ignore) discover
[0.615s] Level 1:colcon.colcon_core.package_discovery:discover_packages(ignore) using defaults
[0.615s] Level 1:colcon.colcon_core.package_discovery:discover_packages(path) discover
[0.615s] Level 1:colcon.colcon_core.package_discovery:discover_packages(path) using defaults
[0.669s] Level 1:colcon.colcon_core.package_discovery:discover_packages(prefix_path) check parameters
[0.669s] Level 1:colcon.colcon_core.package_discovery:discover_packages(prefix_path) discover
[0.687s] DEBUG:colcon.colcon_installed_package_information.package_discovery:Found 359 installed packages in /opt/ros/humble
[0.688s] Level 1:colcon.colcon_core.package_discovery:discover_packages(prefix_path) using defaults
[0.754s] Level 5:colcon.colcon_core.verb:set package 'arduinobot_controller' build argument 'cmake_args' from command line to 'None'
[0.754s] Level 5:colcon.colcon_core.verb:set package 'arduinobot_controller' build argument 'cmake_target' from command line to 'None'
[0.754s] Level 5:colcon.colcon_core.verb:set package 'arduinobot_controller' build argument 'cmake_target_skip_unavailable' from command line to 'False'
[0.754s] Level 5:colcon.colcon_core.verb:set package 'arduinobot_controller' build argument 'cmake_clean_cache' from command line to 'False'
[0.754s] Level 5:colcon.colcon_core.verb:set package 'arduinobot_controller' build argument 'cmake_clean_first' from command line to 'False'
[0.754s] Level 5:colcon.colcon_core.verb:set package 'arduinobot_controller' build argument 'cmake_force_configure' from command line to 'False'
[0.754s] Level 5:colcon.colcon_core.verb:set package 'arduinobot_controller' build argument 'ament_cmake_args' from command line to 'None'
[0.754s] Level 5:colcon.colcon_core.verb:set package 'arduinobot_controller' build argument 'catkin_cmake_args' from command line to 'None'
[0.754s] Level 5:colcon.colcon_core.verb:set package 'arduinobot_controller' build argument 'catkin_skip_building_tests' from command line to 'False'
[0.754s] DEBUG:colcon.colcon_core.verb:Building package 'arduinobot_controller' with the following arguments: {'ament_cmake_args': None, 'build_base': '/home/namiwije/arduinobot_ws/build/arduinobot_controller', 'catkin_cmake_args': None, 'catkin_skip_building_tests': False, 'cmake_args': None, 'cmake_clean_cache': False, 'cmake_clean_first': False, 'cmake_force_configure': False, 'cmake_target': None, 'cmake_target_skip_unavailable': False, 'install_base': '/home/namiwije/arduinobot_ws/install/arduinobot_controller', 'merge_install': False, 'path': '/home/namiwije/arduinobot_ws/src/arduinobot_controller', 'symlink_install': False, 'test_result_base': None}
[0.762s] Level 5:colcon.colcon_core.verb:set package 'arduinobot_cpp_examples' build argument 'cmake_args' from command line to 'None'
[0.762s] Level 5:colcon.colcon_core.verb:set package 'arduinobot_cpp_examples' build argument 'cmake_target' from command line to 'None'
[0.762s] Level 5:colcon.colcon_core.verb:set package 'arduinobot_cpp_examples' build argument 'cmake_target_skip_unavailable' from command line to 'False'
[0.762s] Level 5:colcon.colcon_core.verb:set package 'arduinobot_cpp_examples' build argument 'cmake_clean_cache' from command line to 'False'
[0.762s] Level 5:colcon.colcon_core.verb:set package 'arduinobot_cpp_examples' build argument 'cmake_clean_first' from command line to 'False'
[0.762s] Level 5:colcon.colcon_core.verb:set package 'arduinobot_cpp_examples' build argument 'cmake_force_configure' from command line to 'False'
[0.762s] Level 5:colcon.colcon_core.verb:set package 'arduinobot_cpp_examples' build argument 'ament_cmake_args' from command line to 'None'
[0.762s] Level 5:colcon.colcon_core.verb:set package 'arduinobot_cpp_examples' build argument 'catkin_cmake_args' from command line to 'None'
[0.762s] Level 5:colcon.colcon_core.verb:set package 'arduinobot_cpp_examples' build argument 'catkin_skip_building_tests' from command line to 'False'
[0.762s] DEBUG:colcon.colcon_core.verb:Building package 'arduinobot_cpp_examples' with the following arguments: {'ament_cmake_args': None, 'build_base': '/home/namiwije/arduinobot_ws/build/arduinobot_cpp_examples', 'catkin_cmake_args': None, 'catkin_skip_building_tests': False, 'cmake_args': None, 'cmake_clean_cache': False, 'cmake_clean_first': False, 'cmake_force_configure': False, 'cmake_target': None, 'cmake_target_skip_unavailable': False, 'install_base': '/home/namiwije/arduinobot_ws/install/arduinobot_cpp_examples', 'merge_install': False, 'path': '/home/namiwije/arduinobot_ws/src/arduinobot_cpp_examples', 'symlink_install': False, 'test_result_base': None}
[0.771s] Level 5:colcon.colcon_core.verb:set package 'arduinobot_description' build argument 'cmake_args' from command line to 'None'
[0.771s] Level 5:colcon.colcon_core.verb:set package 'arduinobot_description' build argument 'cmake_target' from command line to 'None'
[0.771s] Level 5:colcon.colcon_core.verb:set package 'arduinobot_description' build argument 'cmake_target_skip_unavailable' from command line to 'False'
[0.771s] Level 5:colcon.colcon_core.verb:set package 'arduinobot_description' build argument 'cmake_clean_cache' from command line to 'False'
[0.771s] Level 5:colcon.colcon_core.verb:set package 'arduinobot_description' build argument 'cmake_clean_first' from command line to 'False'
[0.771s] Level 5:colcon.colcon_core.verb:set package 'arduinobot_description' build argument 'cmake_force_configure' from command line to 'False'
[0.771s] Level 5:colcon.colcon_core.verb:set package 'arduinobot_description' build argument 'ament_cmake_args' from command line to 'None'
[0.771s] Level 5:colcon.colcon_core.verb:set package 'arduinobot_description' build argument 'catkin_cmake_args' from command line to 'None'
[0.771s] Level 5:colcon.colcon_core.verb:set package 'arduinobot_description' build argument 'catkin_skip_building_tests' from command line to 'False'
[0.771s] DEBUG:colcon.colcon_core.verb:Building package 'arduinobot_description' with the following arguments: {'ament_cmake_args': None, 'build_base': '/home/namiwije/arduinobot_ws/build/arduinobot_description', 'catkin_cmake_args': None, 'catkin_skip_building_tests': False, 'cmake_args': None, 'cmake_clean_cache': False, 'cmake_clean_first': False, 'cmake_force_configure': False, 'cmake_target': None, 'cmake_target_skip_unavailable': False, 'install_base': '/home/namiwije/arduinobot_ws/install/arduinobot_description', 'merge_install': False, 'path': '/home/namiwije/arduinobot_ws/src/arduinobot_description', 'symlink_install': False, 'test_result_base': None}
[0.779s] Level 5:colcon.colcon_core.verb:set package 'arduinobot_py_examples' build argument 'cmake_args' from command line to 'None'
[0.779s] Level 5:colcon.colcon_core.verb:set package 'arduinobot_py_examples' build argument 'cmake_target' from command line to 'None'
[0.779s] Level 5:colcon.colcon_core.verb:set package 'arduinobot_py_examples' build argument 'cmake_target_skip_unavailable' from command line to 'False'
[0.779s] Level 5:colcon.colcon_core.verb:set package 'arduinobot_py_examples' build argument 'cmake_clean_cache' from command line to 'False'
[0.779s] Level 5:colcon.colcon_core.verb:set package 'arduinobot_py_examples' build argument 'cmake_clean_first' from command line to 'False'
[0.779s] Level 5:colcon.colcon_core.verb:set package 'arduinobot_py_examples' build argument 'cmake_force_configure' from command line to 'False'
[0.779s] Level 5:colcon.colcon_core.verb:set package 'arduinobot_py_examples' build argument 'ament_cmake_args' from command line to 'None'
[0.779s] Level 5:colcon.colcon_core.verb:set package 'arduinobot_py_examples' build argument 'catkin_cmake_args' from command line to 'None'
[0.779s] Level 5:colcon.colcon_core.verb:set package 'arduinobot_py_examples' build argument 'catkin_skip_building_tests' from command line to 'False'
[0.779s] DEBUG:colcon.colcon_core.verb:Building package 'arduinobot_py_examples' with the following arguments: {'ament_cmake_args': None, 'build_base': '/home/namiwije/arduinobot_ws/build/arduinobot_py_examples', 'catkin_cmake_args': None, 'catkin_skip_building_tests': False, 'cmake_args': None, 'cmake_clean_cache': False, 'cmake_clean_first': False, 'cmake_force_configure': False, 'cmake_target': None, 'cmake_target_skip_unavailable': False, 'install_base': '/home/namiwije/arduinobot_ws/install/arduinobot_py_examples', 'merge_install': False, 'path': '/home/namiwije/arduinobot_ws/src/arduinobot_py_examples', 'symlink_install': False, 'test_result_base': None}
[0.787s] INFO:colcon.colcon_core.executor:Executing jobs using 'parallel' executor
[0.796s] DEBUG:colcon.colcon_parallel_executor.executor.parallel:run_until_complete
[0.797s] INFO:colcon.colcon_ros.task.ament_cmake.build:Building ROS package in '/home/namiwije/arduinobot_ws/src/arduinobot_controller' with build type 'ament_cmake'
[0.797s] INFO:colcon.colcon_cmake.task.cmake.build:Building CMake package in '/home/namiwije/arduinobot_ws/src/arduinobot_controller'
[0.807s] INFO:colcon.colcon_core.plugin_system:Skipping extension 'colcon_core.shell.bat': Not used on non-Windows systems
[0.807s] INFO:colcon.colcon_core.shell:Skip shell extension 'powershell' for command environment: Not usable outside of PowerShell
[0.807s] DEBUG:colcon.colcon_core.shell:Skip shell extension 'dsv' for command environment
[0.826s] INFO:colcon.colcon_ros.task.ament_cmake.build:Building ROS package in '/home/namiwije/arduinobot_ws/src/arduinobot_cpp_examples' with build type 'ament_cmake'
[0.826s] INFO:colcon.colcon_cmake.task.cmake.build:Building CMake package in '/home/namiwije/arduinobot_ws/src/arduinobot_cpp_examples'
[0.837s] INFO:colcon.colcon_core.shell:Skip shell extension 'powershell' for command environment: Not usable outside of PowerShell
[0.837s] DEBUG:colcon.colcon_core.shell:Skip shell extension 'dsv' for command environment
[0.855s] INFO:colcon.colcon_ros.task.ament_cmake.build:Building ROS package in '/home/namiwije/arduinobot_ws/src/arduinobot_description' with build type 'ament_cmake'
[0.855s] INFO:colcon.colcon_cmake.task.cmake.build:Building CMake package in '/home/namiwije/arduinobot_ws/src/arduinobot_description'
[0.865s] INFO:colcon.colcon_core.shell:Skip shell extension 'powershell' for command environment: Not usable outside of PowerShell
[0.865s] DEBUG:colcon.colcon_core.shell:Skip shell extension 'dsv' for command environment
[0.882s] INFO:colcon.colcon_ros.task.ament_python.build:Building ROS package in '/home/namiwije/arduinobot_ws/src/arduinobot_py_examples' with build type 'ament_python'
[0.883s] Level 1:colcon.colcon_core.shell:create_environment_hook('arduinobot_py_examples', 'ament_prefix_path')
[0.892s] INFO:colcon.colcon_core.shell:Creating environment hook '/home/namiwije/arduinobot_ws/install/arduinobot_py_examples/share/arduinobot_py_examples/hook/ament_prefix_path.ps1'
[0.892s] INFO:colcon.colcon_core.shell:Creating environment descriptor '/home/namiwije/arduinobot_ws/install/arduinobot_py_examples/share/arduinobot_py_examples/hook/ament_prefix_path.dsv'
[0.893s] INFO:colcon.colcon_core.shell:Creating environment hook '/home/namiwije/arduinobot_ws/install/arduinobot_py_examples/share/arduinobot_py_examples/hook/ament_prefix_path.sh'
[0.902s] INFO:colcon.colcon_core.shell:Skip shell extension 'powershell' for command environment: Not usable outside of PowerShell
[0.903s] DEBUG:colcon.colcon_core.shell:Skip shell extension 'dsv' for command environment
[0.925s] DEBUG:colcon.colcon_core.event_handler.log_command:Invoking command in '/home/namiwije/arduinobot_ws/build/arduinobot_controller': CMAKE_PREFIX_PATH=/opt/ros/humble /usr/bin/cmake --build /home/namiwije/arduinobot_ws/build/arduinobot_controller -- -j8 -l8
[0.926s] DEBUG:colcon.colcon_core.event_handler.log_command:Invoking command in '/home/namiwije/arduinobot_ws/build/arduinobot_cpp_examples': CMAKE_PREFIX_PATH=/opt/ros/humble /usr/bin/cmake --build /home/namiwije/arduinobot_ws/build/arduinobot_cpp_examples -- -j8 -l8
[0.929s] DEBUG:colcon.colcon_core.event_handler.log_command:Invoking command in '/home/namiwije/arduinobot_ws/build/arduinobot_description': CMAKE_PREFIX_PATH=/opt/ros/humble /usr/bin/cmake --build /home/namiwije/arduinobot_ws/build/arduinobot_description -- -j8 -l8
[1.084s] INFO:colcon.colcon_core.task.python.build:Building Python package in '/home/namiwije/arduinobot_ws/src/arduinobot_py_examples'
[1.092s] INFO:colcon.colcon_core.shell:Skip shell extension 'powershell' for command environment: Not usable outside of PowerShell
[1.092s] DEBUG:colcon.colcon_core.shell:Skip shell extension 'dsv' for command environment
[1.111s] DEBUG:colcon.colcon_core.event_handler.log_command:Invoked command in '/home/namiwije/arduinobot_ws/build/arduinobot_description' returned '0': CMAKE_PREFIX_PATH=/opt/ros/humble /usr/bin/cmake --build /home/namiwije/arduinobot_ws/build/arduinobot_description -- -j8 -l8
[1.113s] DEBUG:colcon.colcon_core.event_handler.log_command:Invoked command in '/home/namiwije/arduinobot_ws/build/arduinobot_cpp_examples' returned '0': CMAKE_PREFIX_PATH=/opt/ros/humble /usr/bin/cmake --build /home/namiwije/arduinobot_ws/build/arduinobot_cpp_examples -- -j8 -l8
[1.114s] DEBUG:colcon.colcon_core.event_handler.log_command:Invoked command in '/home/namiwije/arduinobot_ws/build/arduinobot_controller' returned '0': CMAKE_PREFIX_PATH=/opt/ros/humble /usr/bin/cmake --build /home/namiwije/arduinobot_ws/build/arduinobot_controller -- -j8 -l8
[1.130s] DEBUG:colcon.colcon_core.event_handler.log_command:Invoking command in '/home/namiwije/arduinobot_ws/build/arduinobot_description': CMAKE_PREFIX_PATH=/opt/ros/humble /usr/bin/cmake --install /home/namiwije/arduinobot_ws/build/arduinobot_description
[1.131s] DEBUG:colcon.colcon_core.event_handler.log_command:Invoking command in '/home/namiwije/arduinobot_ws/build/arduinobot_cpp_examples': CMAKE_PREFIX_PATH=/opt/ros/humble /usr/bin/cmake --install /home/namiwije/arduinobot_ws/build/arduinobot_cpp_examples
[1.133s] DEBUG:colcon.colcon_core.event_handler.log_command:Invoking command in '/home/namiwije/arduinobot_ws/build/arduinobot_controller': CMAKE_PREFIX_PATH=/opt/ros/humble /usr/bin/cmake --install /home/namiwije/arduinobot_ws/build/arduinobot_controller
[1.137s] Level 1:colcon.colcon_core.environment:create_environment_scripts_only(arduinobot_description)
[1.139s] DEBUG:colcon.colcon_core.event_handler.log_command:Invoked command in '/home/namiwije/arduinobot_ws/build/arduinobot_description' returned '0': CMAKE_PREFIX_PATH=/opt/ros/humble /usr/bin/cmake --install /home/namiwije/arduinobot_ws/build/arduinobot_description
[1.150s] Level 1:colcon.colcon_core.environment:checking '/home/namiwije/arduinobot_ws/install/arduinobot_description' for CMake module files
[1.150s] Level 1:colcon.colcon_core.environment:checking '/home/namiwije/arduinobot_ws/install/arduinobot_description' for CMake config files
[1.150s] Level 1:colcon.colcon_core.shell:create_environment_hook('arduinobot_description', 'cmake_prefix_path')
[1.159s] INFO:colcon.colcon_core.shell:Creating environment hook '/home/namiwije/arduinobot_ws/install/arduinobot_description/share/arduinobot_description/hook/cmake_prefix_path.ps1'
[1.159s] INFO:colcon.colcon_core.shell:Creating environment descriptor '/home/namiwije/arduinobot_ws/install/arduinobot_description/share/arduinobot_description/hook/cmake_prefix_path.dsv'
[1.160s] INFO:colcon.colcon_core.shell:Creating environment hook '/home/namiwije/arduinobot_ws/install/arduinobot_description/share/arduinobot_description/hook/cmake_prefix_path.sh'
[1.160s] Level 1:colcon.colcon_core.environment:checking '/home/namiwije/arduinobot_ws/install/arduinobot_description/bin'
[1.160s] Level 1:colcon.colcon_core.environment:checking '/home/namiwije/arduinobot_ws/install/arduinobot_description/lib/pkgconfig/arduinobot_description.pc'
[1.160s] Level 1:colcon.colcon_core.environment:checking '/home/namiwije/arduinobot_ws/install/arduinobot_description/lib/python3.10/site-packages'
[1.160s] Level 1:colcon.colcon_core.environment:checking '/home/namiwije/arduinobot_ws/install/arduinobot_description/bin'
[1.169s] INFO:colcon.colcon_core.shell:Creating package script '/home/namiwije/arduinobot_ws/install/arduinobot_description/share/arduinobot_description/package.ps1'
[1.170s] INFO:colcon.colcon_core.shell:Creating package descriptor '/home/namiwije/arduinobot_ws/install/arduinobot_description/share/arduinobot_description/package.dsv'
[1.170s] INFO:colcon.colcon_core.shell:Creating package script '/home/namiwije/arduinobot_ws/install/arduinobot_description/share/arduinobot_description/package.sh'
[1.171s] INFO:colcon.colcon_core.shell:Creating package script '/home/namiwije/arduinobot_ws/install/arduinobot_description/share/arduinobot_description/package.bash'
[1.171s] INFO:colcon.colcon_core.shell:Creating package script '/home/namiwije/arduinobot_ws/install/arduinobot_description/share/arduinobot_description/package.zsh'
[1.172s] Level 1:colcon.colcon_core.environment:create_file_with_runtime_dependencies(/home/namiwije/arduinobot_ws/install/arduinobot_description/share/colcon-core/packages/arduinobot_description)
[1.173s] Level 1:colcon.colcon_core.environment:create_environment_scripts_only(arduinobot_cpp_examples)
[1.174s] DEBUG:colcon.colcon_core.event_handler.log_command:Invoked command in '/home/namiwije/arduinobot_ws/build/arduinobot_cpp_examples' returned '0': CMAKE_PREFIX_PATH=/opt/ros/humble /usr/bin/cmake --install /home/namiwije/arduinobot_ws/build/arduinobot_cpp_examples
[1.183s] Level 1:colcon.colcon_core.environment:checking '/home/namiwije/arduinobot_ws/install/arduinobot_cpp_examples' for CMake module files
[1.184s] Level 1:colcon.colcon_core.environment:checking '/home/namiwije/arduinobot_ws/install/arduinobot_cpp_examples' for CMake config files
[1.184s] Level 1:colcon.colcon_core.shell:create_environment_hook('arduinobot_cpp_examples', 'cmake_prefix_path')
[1.193s] INFO:colcon.colcon_core.shell:Creating environment hook '/home/namiwije/arduinobot_ws/install/arduinobot_cpp_examples/share/arduinobot_cpp_examples/hook/cmake_prefix_path.ps1'
[1.193s] INFO:colcon.colcon_core.shell:Creating environment descriptor '/home/namiwije/arduinobot_ws/install/arduinobot_cpp_examples/share/arduinobot_cpp_examples/hook/cmake_prefix_path.dsv'
[1.193s] INFO:colcon.colcon_core.shell:Creating environment hook '/home/namiwije/arduinobot_ws/install/arduinobot_cpp_examples/share/arduinobot_cpp_examples/hook/cmake_prefix_path.sh'
[1.194s] Level 1:colcon.colcon_core.environment:checking '/home/namiwije/arduinobot_ws/install/arduinobot_cpp_examples/bin'
[1.194s] Level 1:colcon.colcon_core.environment:checking '/home/namiwije/arduinobot_ws/install/arduinobot_cpp_examples/lib/pkgconfig/arduinobot_cpp_examples.pc'
[1.194s] Level 1:colcon.colcon_core.environment:checking '/home/namiwije/arduinobot_ws/install/arduinobot_cpp_examples/lib/python3.10/site-packages'
[1.194s] Level 1:colcon.colcon_core.environment:checking '/home/namiwije/arduinobot_ws/install/arduinobot_cpp_examples/bin'
[1.204s] INFO:colcon.colcon_core.shell:Creating package script '/home/namiwije/arduinobot_ws/install/arduinobot_cpp_examples/share/arduinobot_cpp_examples/package.ps1'
[1.204s] INFO:colcon.colcon_core.shell:Creating package descriptor '/home/namiwije/arduinobot_ws/install/arduinobot_cpp_examples/share/arduinobot_cpp_examples/package.dsv'
[1.204s] INFO:colcon.colcon_core.shell:Creating package script '/home/namiwije/arduinobot_ws/install/arduinobot_cpp_examples/share/arduinobot_cpp_examples/package.sh'
[1.204s] INFO:colcon.colcon_core.shell:Creating package script '/home/namiwije/arduinobot_ws/install/arduinobot_cpp_examples/share/arduinobot_cpp_examples/package.bash'
[1.204s] INFO:colcon.colcon_core.shell:Creating package script '/home/namiwije/arduinobot_ws/install/arduinobot_cpp_examples/share/arduinobot_cpp_examples/package.zsh'
[1.205s] Level 1:colcon.colcon_core.environment:create_file_with_runtime_dependencies(/home/namiwije/arduinobot_ws/install/arduinobot_cpp_examples/share/colcon-core/packages/arduinobot_cpp_examples)
[1.205s] Level 1:colcon.colcon_core.environment:create_environment_scripts_only(arduinobot_controller)
[1.206s] DEBUG:colcon.colcon_core.event_handler.log_command:Invoked command in '/home/namiwije/arduinobot_ws/build/arduinobot_controller' returned '0': CMAKE_PREFIX_PATH=/opt/ros/humble /usr/bin/cmake --install /home/namiwije/arduinobot_ws/build/arduinobot_controller
[1.215s] Level 1:colcon.colcon_core.environment:checking '/home/namiwije/arduinobot_ws/install/arduinobot_controller' for CMake module files
[1.216s] Level 1:colcon.colcon_core.environment:checking '/home/namiwije/arduinobot_ws/install/arduinobot_controller' for CMake config files
[1.216s] Level 1:colcon.colcon_core.shell:create_environment_hook('arduinobot_controller', 'cmake_prefix_path')
[1.226s] INFO:colcon.colcon_core.shell:Creating environment hook '/home/namiwije/arduinobot_ws/install/arduinobot_controller/share/arduinobot_controller/hook/cmake_prefix_path.ps1'
[1.226s] INFO:colcon.colcon_core.shell:Creating environment descriptor '/home/namiwije/arduinobot_ws/install/arduinobot_controller/share/arduinobot_controller/hook/cmake_prefix_path.dsv'
[1.226s] INFO:colcon.colcon_core.shell:Creating environment hook '/home/namiwije/arduinobot_ws/install/arduinobot_controller/share/arduinobot_controller/hook/cmake_prefix_path.sh'
[1.227s] Level 1:colcon.colcon_core.environment:checking '/home/namiwije/arduinobot_ws/install/arduinobot_controller/bin'
[1.227s] Level 1:colcon.colcon_core.environment:checking '/home/namiwije/arduinobot_ws/install/arduinobot_controller/lib/pkgconfig/arduinobot_controller.pc'
[1.227s] Level 1:colcon.colcon_core.environment:checking '/home/namiwije/arduinobot_ws/install/arduinobot_controller/lib/python3.10/site-packages'
[1.227s] Level 1:colcon.colcon_core.environment:checking '/home/namiwije/arduinobot_ws/install/arduinobot_controller/bin'
[1.236s] INFO:colcon.colcon_core.shell:Creating package script '/home/namiwije/arduinobot_ws/install/arduinobot_controller/share/arduinobot_controller/package.ps1'
[1.236s] INFO:colcon.colcon_core.shell:Creating package descriptor '/home/namiwije/arduinobot_ws/install/arduinobot_controller/share/arduinobot_controller/package.dsv'
[1.236s] INFO:colcon.colcon_core.shell:Creating package script '/home/namiwije/arduinobot_ws/install/arduinobot_controller/share/arduinobot_controller/package.sh'
[1.237s] INFO:colcon.colcon_core.shell:Creating package script '/home/namiwije/arduinobot_ws/install/arduinobot_controller/share/arduinobot_controller/package.bash'
[1.237s] INFO:colcon.colcon_core.shell:Creating package script '/home/namiwije/arduinobot_ws/install/arduinobot_controller/share/arduinobot_controller/package.zsh'
[1.237s] Level 1:colcon.colcon_core.environment:create_file_with_runtime_dependencies(/home/namiwije/arduinobot_ws/install/arduinobot_controller/share/colcon-core/packages/arduinobot_controller)
[1.248s] Level 1:colcon.colcon_core.environment:create_environment_scripts_only(arduinobot_description)
[1.257s] Level 1:colcon.colcon_core.environment:checking '/home/namiwije/arduinobot_ws/install/arduinobot_description' for CMake module files
[1.257s] Level 1:colcon.colcon_core.environment:checking '/home/namiwije/arduinobot_ws/install/arduinobot_description' for CMake config files
[1.258s] Level 1:colcon.colcon_core.shell:create_environment_hook('arduinobot_description', 'cmake_prefix_path')
[1.266s] INFO:colcon.colcon_core.shell:Creating environment hook '/home/namiwije/arduinobot_ws/install/arduinobot_description/share/arduinobot_description/hook/cmake_prefix_path.ps1'
[1.266s] INFO:colcon.colcon_core.shell:Creating environment descriptor '/home/namiwije/arduinobot_ws/install/arduinobot_description/share/arduinobot_description/hook/cmake_prefix_path.dsv'
[1.266s] INFO:colcon.colcon_core.shell:Creating environment hook '/home/namiwije/arduinobot_ws/install/arduinobot_description/share/arduinobot_description/hook/cmake_prefix_path.sh'
[1.267s] Level 1:colcon.colcon_core.environment:checking '/home/namiwije/arduinobot_ws/install/arduinobot_description/bin'
[1.267s] Level 1:colcon.colcon_core.environment:checking '/home/namiwije/arduinobot_ws/install/arduinobot_description/lib/pkgconfig/arduinobot_description.pc'
[1.267s] Level 1:colcon.colcon_core.environment:checking '/home/namiwije/arduinobot_ws/install/arduinobot_description/lib/python3.10/site-packages'
[1.267s] Level 1:colcon.colcon_core.environment:checking '/home/namiwije/arduinobot_ws/install/arduinobot_description/bin'
[1.275s] INFO:colcon.colcon_core.shell:Creating package script '/home/namiwije/arduinobot_ws/install/arduinobot_description/share/arduinobot_description/package.ps1'
[1.276s] INFO:colcon.colcon_core.shell:Creating package descriptor '/home/namiwije/arduinobot_ws/install/arduinobot_description/share/arduinobot_description/package.dsv'
[1.276s] INFO:colcon.colcon_core.shell:Creating package script '/home/namiwije/arduinobot_ws/install/arduinobot_description/share/arduinobot_description/package.sh'
[1.276s] INFO:colcon.colcon_core.shell:Creating package script '/home/namiwije/arduinobot_ws/install/arduinobot_description/share/arduinobot_description/package.bash'
[1.276s] INFO:colcon.colcon_core.shell:Creating package script '/home/namiwije/arduinobot_ws/install/arduinobot_description/share/arduinobot_description/package.zsh'
[1.277s] Level 1:colcon.colcon_core.environment:create_file_with_runtime_dependencies(/home/namiwije/arduinobot_ws/install/arduinobot_description/share/colcon-core/packages/arduinobot_description)
[1.286s] Level 1:colcon.colcon_core.environment:create_environment_scripts_only(arduinobot_cpp_examples)
[1.296s] Level 1:colcon.colcon_core.environment:checking '/home/namiwije/arduinobot_ws/install/arduinobot_cpp_examples' for CMake module files
[1.296s] Level 1:colcon.colcon_core.environment:checking '/home/namiwije/arduinobot_ws/install/arduinobot_cpp_examples' for CMake config files
[1.296s] Level 1:colcon.colcon_core.shell:create_environment_hook('arduinobot_cpp_examples', 'cmake_prefix_path')
[1.306s] INFO:colcon.colcon_core.shell:Creating environment hook '/home/namiwije/arduinobot_ws/install/arduinobot_cpp_examples/share/arduinobot_cpp_examples/hook/cmake_prefix_path.ps1'
[1.306s] INFO:colcon.colcon_core.shell:Creating environment descriptor '/home/namiwije/arduinobot_ws/install/arduinobot_cpp_examples/share/arduinobot_cpp_examples/hook/cmake_prefix_path.dsv'
[1.306s] INFO:colcon.colcon_core.shell:Creating environment hook '/home/namiwije/arduinobot_ws/install/arduinobot_cpp_examples/share/arduinobot_cpp_examples/hook/cmake_prefix_path.sh'
[1.306s] Level 1:colcon.colcon_core.environment:checking '/home/namiwije/arduinobot_ws/install/arduinobot_cpp_examples/bin'
[1.306s] Level 1:colcon.colcon_core.environment:checking '/home/namiwije/arduinobot_ws/install/arduinobot_cpp_examples/lib/pkgconfig/arduinobot_cpp_examples.pc'
[1.307s] Level 1:colcon.colcon_core.environment:checking '/home/namiwije/arduinobot_ws/install/arduinobot_cpp_examples/lib/python3.10/site-packages'
[1.307s] Level 1:colcon.colcon_core.environment:checking '/home/namiwije/arduinobot_ws/install/arduinobot_cpp_examples/bin'
[1.317s] INFO:colcon.colcon_core.shell:Creating package script '/home/namiwije/arduinobot_ws/install/arduinobot_cpp_examples/share/arduinobot_cpp_examples/package.ps1'
[1.317s] INFO:colcon.colcon_core.shell:Creating package descriptor '/home/namiwije/arduinobot_ws/install/arduinobot_cpp_examples/share/arduinobot_cpp_examples/package.dsv'
[1.317s] INFO:colcon.colcon_core.shell:Creating package script '/home/namiwije/arduinobot_ws/install/arduinobot_cpp_examples/share/arduinobot_cpp_examples/package.sh'
[1.317s] INFO:colcon.colcon_core.shell:Creating package script '/home/namiwije/arduinobot_ws/install/arduinobot_cpp_examples/share/arduinobot_cpp_examples/package.bash'
[1.318s] INFO:colcon.colcon_core.shell:Creating package script '/home/namiwije/arduinobot_ws/install/arduinobot_cpp_examples/share/arduinobot_cpp_examples/package.zsh'
[1.318s] Level 1:colcon.colcon_core.environment:create_file_with_runtime_dependencies(/home/namiwije/arduinobot_ws/install/arduinobot_cpp_examples/share/colcon-core/packages/arduinobot_cpp_examples)
[1.328s] Level 1:colcon.colcon_core.environment:create_environment_scripts_only(arduinobot_controller)
[1.338s] Level 1:colcon.colcon_core.environment:checking '/home/namiwije/arduinobot_ws/install/arduinobot_controller' for CMake module files
[1.338s] Level 1:colcon.colcon_core.environment:checking '/home/namiwije/arduinobot_ws/install/arduinobot_controller' for CMake config files
[1.339s] Level 1:colcon.colcon_core.shell:create_environment_hook('arduinobot_controller', 'cmake_prefix_path')
[1.348s] INFO:colcon.colcon_core.shell:Creating environment hook '/home/namiwije/arduinobot_ws/install/arduinobot_controller/share/arduinobot_controller/hook/cmake_prefix_path.ps1'
[1.348s] INFO:colcon.colcon_core.shell:Creating environment descriptor '/home/namiwije/arduinobot_ws/install/arduinobot_controller/share/arduinobot_controller/hook/cmake_prefix_path.dsv'
[1.348s] INFO:colcon.colcon_core.shell:Creating environment hook '/home/namiwije/arduinobot_ws/install/arduinobot_controller/share/arduinobot_controller/hook/cmake_prefix_path.sh'
[1.349s] Level 1:colcon.colcon_core.environment:checking '/home/namiwije/arduinobot_ws/install/arduinobot_controller/bin'
[1.349s] Level 1:colcon.colcon_core.environment:checking '/home/namiwije/arduinobot_ws/install/arduinobot_controller/lib/pkgconfig/arduinobot_controller.pc'
[1.349s] Level 1:colcon.colcon_core.environment:checking '/home/namiwije/arduinobot_ws/install/arduinobot_controller/lib/python3.10/site-packages'
[1.349s] Level 1:colcon.colcon_core.environment:checking '/home/namiwije/arduinobot_ws/install/arduinobot_controller/bin'
[1.357s] INFO:colcon.colcon_core.shell:Creating package script '/home/namiwije/arduinobot_ws/install/arduinobot_controller/share/arduinobot_controller/package.ps1'
[1.358s] INFO:colcon.colcon_core.shell:Creating package descriptor '/home/namiwije/arduinobot_ws/install/arduinobot_controller/share/arduinobot_controller/package.dsv'
[1.358s] INFO:colcon.colcon_core.shell:Creating package script '/home/namiwije/arduinobot_ws/install/arduinobot_controller/share/arduinobot_controller/package.sh'
[1.358s] INFO:colcon.colcon_core.shell:Creating package script '/home/namiwije/arduinobot_ws/install/arduinobot_controller/share/arduinobot_controller/package.bash'
[1.358s] INFO:colcon.colcon_core.shell:Creating package script '/home/namiwije/arduinobot_ws/install/arduinobot_controller/share/arduinobot_controller/package.zsh'
[1.359s] Level 1:colcon.colcon_core.environment:create_file_with_runtime_dependencies(/home/namiwije/arduinobot_ws/install/arduinobot_controller/share/colcon-core/packages/arduinobot_controller)
[1.361s] DEBUG:colcon.colcon_core.event_handler.log_command:Invoking command in '/home/namiwije/arduinobot_ws/src/arduinobot_py_examples': PYTHONPATH=/home/namiwije/arduinobot_ws/build/arduinobot_py_examples/prefix_override:/home/namiwije/arduinobot_ws/install/arduinobot_py_examples/lib/python3.10/site-packages:${PYTHONPATH} /usr/bin/python3 setup.py egg_info --egg-base ../../build/arduinobot_py_examples build --build-base /home/namiwije/arduinobot_ws/build/arduinobot_py_examples/build install --record /home/namiwije/arduinobot_ws/build/arduinobot_py_examples/install.log --single-version-externally-managed
[1.537s] DEBUG:colcon.colcon_core.event_handler.log_command:Invoked command in '/home/namiwije/arduinobot_ws/src/arduinobot_py_examples' returned '0': PYTHONPATH=/home/namiwije/arduinobot_ws/build/arduinobot_py_examples/prefix_override:/home/namiwije/arduinobot_ws/install/arduinobot_py_examples/lib/python3.10/site-packages:${PYTHONPATH} /usr/bin/python3 setup.py egg_info --egg-base ../../build/arduinobot_py_examples build --build-base /home/namiwije/arduinobot_ws/build/arduinobot_py_examples/build install --record /home/namiwije/arduinobot_ws/build/arduinobot_py_examples/install.log --single-version-externally-managed
[1.546s] Level 1:colcon.colcon_core.environment:checking '/home/namiwije/arduinobot_ws/install/arduinobot_py_examples' for CMake module files
[1.546s] Level 1:colcon.colcon_core.environment:checking '/home/namiwije/arduinobot_ws/install/arduinobot_py_examples' for CMake config files
[1.546s] Level 1:colcon.colcon_core.environment:checking '/home/namiwije/arduinobot_ws/install/arduinobot_py_examples/lib'
[1.546s] Level 1:colcon.colcon_core.environment:checking '/home/namiwije/arduinobot_ws/install/arduinobot_py_examples/bin'
[1.546s] Level 1:colcon.colcon_core.environment:checking '/home/namiwije/arduinobot_ws/install/arduinobot_py_examples/lib/pkgconfig/arduinobot_py_examples.pc'
[1.547s] Level 1:colcon.colcon_core.environment:checking '/home/namiwije/arduinobot_ws/install/arduinobot_py_examples/lib/python3.10/site-packages'
[1.547s] Level 1:colcon.colcon_core.shell:create_environment_hook('arduinobot_py_examples', 'pythonpath')
[1.560s] INFO:colcon.colcon_core.shell:Creating environment hook '/home/namiwije/arduinobot_ws/install/arduinobot_py_examples/share/arduinobot_py_examples/hook/pythonpath.ps1'
[1.561s] INFO:colcon.colcon_core.shell:Creating environment descriptor '/home/namiwije/arduinobot_ws/install/arduinobot_py_examples/share/arduinobot_py_examples/hook/pythonpath.dsv'
[1.561s] INFO:colcon.colcon_core.shell:Creating environment hook '/home/namiwije/arduinobot_ws/install/arduinobot_py_examples/share/arduinobot_py_examples/hook/pythonpath.sh'
[1.562s] Level 1:colcon.colcon_core.environment:checking '/home/namiwije/arduinobot_ws/install/arduinobot_py_examples/bin'
[1.562s] Level 1:colcon.colcon_core.environment:create_environment_scripts_only(arduinobot_py_examples)
[1.575s] INFO:colcon.colcon_core.shell:Creating package script '/home/namiwije/arduinobot_ws/install/arduinobot_py_examples/share/arduinobot_py_examples/package.ps1'
[1.576s] INFO:colcon.colcon_core.shell:Creating package descriptor '/home/namiwije/arduinobot_ws/install/arduinobot_py_examples/share/arduinobot_py_examples/package.dsv'
[1.576s] INFO:colcon.colcon_core.shell:Creating package script '/home/namiwije/arduinobot_ws/install/arduinobot_py_examples/share/arduinobot_py_examples/package.sh'
[1.576s] INFO:colcon.colcon_core.shell:Creating package script '/home/namiwije/arduinobot_ws/install/arduinobot_py_examples/share/arduinobot_py_examples/package.bash'
[1.577s] INFO:colcon.colcon_core.shell:Creating package script '/home/namiwije/arduinobot_ws/install/arduinobot_py_examples/share/arduinobot_py_examples/package.zsh'
[1.577s] Level 1:colcon.colcon_core.environment:create_file_with_runtime_dependencies(/home/namiwije/arduinobot_ws/install/arduinobot_py_examples/share/colcon-core/packages/arduinobot_py_examples)
[1.577s] DEBUG:colcon.colcon_parallel_executor.executor.parallel:closing loop
[1.578s] DEBUG:colcon.colcon_parallel_executor.executor.parallel:loop closed
[1.578s] DEBUG:colcon.colcon_parallel_executor.executor.parallel:run_until_complete finished with '0'
[1.578s] DEBUG:colcon.colcon_core.event_reactor:joining thread
[1.591s] INFO:colcon.colcon_core.plugin_system:Skipping extension 'colcon_notification.desktop_notification.terminal_notifier': Not used on non-Darwin systems
[1.591s] INFO:colcon.colcon_core.plugin_system:Skipping extension 'colcon_notification.desktop_notification.win32': Not used on non-Windows systems
[1.591s] INFO:colcon.colcon_notification.desktop_notification:Sending desktop notification using 'notify2'
[1.599s] DEBUG:colcon.colcon_core.event_reactor:joined thread
[1.609s] INFO:colcon.colcon_core.shell:Creating prefix script '/home/namiwije/arduinobot_ws/install/local_setup.ps1'
[1.609s] INFO:colcon.colcon_core.shell:Creating prefix util module '/home/namiwije/arduinobot_ws/install/_local_setup_util_ps1.py'
[1.610s] INFO:colcon.colcon_core.shell:Creating prefix chain script '/home/namiwije/arduinobot_ws/install/setup.ps1'
[1.620s] INFO:colcon.colcon_core.shell:Creating prefix script '/home/namiwije/arduinobot_ws/install/local_setup.sh'
[1.620s] INFO:colcon.colcon_core.shell:Creating prefix util module '/home/namiwije/arduinobot_ws/install/_local_setup_util_sh.py'
[1.621s] INFO:colcon.colcon_core.shell:Creating prefix chain script '/home/namiwije/arduinobot_ws/install/setup.sh'
[1.630s] INFO:colcon.colcon_core.shell:Creating prefix script '/home/namiwije/arduinobot_ws/install/local_setup.bash'
[1.630s] INFO:colcon.colcon_core.shell:Creating prefix chain script '/home/namiwije/arduinobot_ws/install/setup.bash'
[1.648s] INFO:colcon.colcon_core.shell:Creating prefix script '/home/namiwije/arduinobot_ws/install/local_setup.zsh'
[1.649s] INFO:colcon.colcon_core.shell:Creating prefix chain script '/home/namiwije/arduinobot_ws/install/setup.zsh'
