[0.621s] Invoking command in '/home/namiwije/arduinobot_ws/src/arduinobot_py_examples': PYTHONPATH=/home/namiwije/arduinobot_ws/build/arduinobot_py_examples/prefix_override:/home/namiwije/arduinobot_ws/install/arduinobot_py_examples/lib/python3.10/site-packages:${PYTHONPATH} /usr/bin/python3 setup.py egg_info --egg-base ../../build/arduinobot_py_examples build --build-base /home/namiwije/arduinobot_ws/build/arduinobot_py_examples/build install --record /home/namiwije/arduinobot_ws/build/arduinobot_py_examples/install.log --single-version-externally-managed
[0.773s] running egg_info
[0.773s] writing ../../build/arduinobot_py_examples/arduinobot_py_examples.egg-info/PKG-INFO
[0.773s] writing dependency_links to ../../build/arduinobot_py_examples/arduinobot_py_examples.egg-info/dependency_links.txt
[0.773s] writing entry points to ../../build/arduinobot_py_examples/arduinobot_py_examples.egg-info/entry_points.txt
[0.773s] writing requirements to ../../build/arduinobot_py_examples/arduinobot_py_examples.egg-info/requires.txt
[0.773s] writing top-level names to ../../build/arduinobot_py_examples/arduinobot_py_examples.egg-info/top_level.txt
[0.774s] reading manifest file '../../build/arduinobot_py_examples/arduinobot_py_examples.egg-info/SOURCES.txt'
[0.779s] writing manifest file '../../build/arduinobot_py_examples/arduinobot_py_examples.egg-info/SOURCES.txt'
[0.779s] running build
[0.779s] running build_py
[0.779s] copying arduinobot_py_examples/simple_parameter.py -> /home/namiwije/arduinobot_ws/build/arduinobot_py_examples/build/lib/arduinobot_py_examples
[0.779s] running install
[0.780s] /usr/lib/python3/dist-packages/setuptools/command/install.py:34: SetuptoolsDeprecationWarning: setup.py install is deprecated. Use build and pip and other standards-based tools.
[0.780s]   warnings.warn(
[0.780s] running install_lib
[0.780s] copying /home/namiwije/arduinobot_ws/build/arduinobot_py_examples/build/lib/arduinobot_py_examples/simple_parameter.py -> /home/namiwije/arduinobot_ws/install/arduinobot_py_examples/lib/python3.10/site-packages/arduinobot_py_examples
[0.781s] byte-compiling /home/namiwije/arduinobot_ws/install/arduinobot_py_examples/lib/python3.10/site-packages/arduinobot_py_examples/simple_parameter.py to simple_parameter.cpython-310.pyc
[0.781s] running install_data
[0.781s] copying package.xml -> /home/namiwije/arduinobot_ws/install/arduinobot_py_examples/share/arduinobot_py_examples
[0.782s] running install_egg_info
[0.783s] removing '/home/namiwije/arduinobot_ws/install/arduinobot_py_examples/lib/python3.10/site-packages/arduinobot_py_examples-0.0.0-py3.10.egg-info' (and everything under it)
[0.783s] Copying ../../build/arduinobot_py_examples/arduinobot_py_examples.egg-info to /home/namiwije/arduinobot_ws/install/arduinobot_py_examples/lib/python3.10/site-packages/arduinobot_py_examples-0.0.0-py3.10.egg-info
[0.783s] running install_scripts
[0.797s] Installing simple_parameter script to /home/namiwije/arduinobot_ws/install/arduinobot_py_examples/lib/arduinobot_py_examples
[0.797s] Installing simple_publisher script to /home/namiwije/arduinobot_ws/install/arduinobot_py_examples/lib/arduinobot_py_examples
[0.797s] Installing simple_subscriber script to /home/namiwije/arduinobot_ws/install/arduinobot_py_examples/lib/arduinobot_py_examples
[0.798s] writing list of installed files to '/home/namiwije/arduinobot_ws/build/arduinobot_py_examples/install.log'
[0.815s] Invoked command in '/home/namiwije/arduinobot_ws/src/arduinobot_py_examples' returned '0': PYTHONPATH=/home/namiwije/arduinobot_ws/build/arduinobot_py_examples/prefix_override:/home/namiwije/arduinobot_ws/install/arduinobot_py_examples/lib/python3.10/site-packages:${PYTHONPATH} /usr/bin/python3 setup.py egg_info --egg-base ../../build/arduinobot_py_examples build --build-base /home/namiwije/arduinobot_ws/build/arduinobot_py_examples/build install --record /home/namiwije/arduinobot_ws/build/arduinobot_py_examples/install.log --single-version-externally-managed
