[0.607s] DEBUG:colcon:Command line arguments: ['/usr/bin/colcon', 'build']
[0.607s] DEBUG:colcon:Parsed command line arguments: Namespace(log_base=None, log_level=None, verb_name='build', build_base='build', install_base='install', merge_install=False, symlink_install=False, test_result_base=None, continue_on_error=False, executor='parallel', parallel_workers=8, event_handlers=None, ignore_user_meta=False, metas=['./colcon.meta'], base_paths=['.'], packages_ignore=None, packages_ignore_regex=None, paths=None, packages_up_to=None, packages_up_to_regex=None, packages_above=None, packages_above_and_dependencies=None, packages_above_depth=None, packages_select_by_dep=None, packages_skip_by_dep=None, packages_skip_up_to=None, packages_select_build_failed=False, packages_skip_build_finished=False, packages_select_test_failures=False, packages_skip_test_passed=False, packages_select=None, packages_skip=None, packages_select_regex=None, packages_skip_regex=None, packages_start=None, packages_end=None, allow_overriding=[], cmake_args=None, cmake_target=None, cmake_target_skip_unavailable=False, cmake_clean_cache=False, cmake_clean_first=False, cmake_force_configure=False, ament_cmake_args=None, catkin_cmake_args=None, catkin_skip_building_tests=False, verb_parser=<colcon_defaults.argument_parser.defaults.DefaultArgumentsDecorator object at 0x7fa80c0d2e30>, verb_extension=<colcon_core.verb.build.BuildVerb object at 0x7fa80c10d570>, main=<bound method BuildVerb.main of <colcon_core.verb.build.BuildVerb object at 0x7fa80c10d570>>)
[0.637s] Level 1:colcon.colcon_core.package_discovery:discover_packages(colcon_meta) check parameters
[0.637s] Level 1:colcon.colcon_core.package_discovery:discover_packages(recursive) check parameters
[0.637s] Level 1:colcon.colcon_core.package_discovery:discover_packages(ignore) check parameters
[0.637s] Level 1:colcon.colcon_core.package_discovery:discover_packages(path) check parameters
[0.637s] Level 1:colcon.colcon_core.package_discovery:discover_packages(colcon_meta) discover
[0.637s] Level 1:colcon.colcon_core.package_discovery:discover_packages(recursive) discover
[0.637s] INFO:colcon.colcon_core.package_discovery:Crawling recursively for packages in '/home/namiwije/arduinobot_ws'
[0.637s] Level 1:colcon.colcon_core.package_identification:_identify(.) by extensions ['ignore', 'ignore_ament_install']
[0.638s] Level 1:colcon.colcon_core.package_identification:_identify(.) by extension 'ignore'
[0.638s] Level 1:colcon.colcon_core.package_identification:_identify(.) by extension 'ignore_ament_install'
[0.638s] Level 1:colcon.colcon_core.package_identification:_identify(.) by extensions ['colcon_pkg']
[0.638s] Level 1:colcon.colcon_core.package_identification:_identify(.) by extension 'colcon_pkg'
[0.638s] Level 1:colcon.colcon_core.package_identification:_identify(.) by extensions ['colcon_meta']
[0.638s] Level 1:colcon.colcon_core.package_identification:_identify(.) by extension 'colcon_meta'
[0.638s] Level 1:colcon.colcon_core.package_identification:_identify(.) by extensions ['ros']
[0.638s] Level 1:colcon.colcon_core.package_identification:_identify(.) by extension 'ros'
[0.645s] Level 1:colcon.colcon_core.package_identification:_identify(.) by extensions ['cmake', 'python']
[0.645s] Level 1:colcon.colcon_core.package_identification:_identify(.) by extension 'cmake'
[0.645s] Level 1:colcon.colcon_core.package_identification:_identify(.) by extension 'python'
[0.645s] Level 1:colcon.colcon_core.package_identification:_identify(.) by extensions ['python_setup_py']
[0.645s] Level 1:colcon.colcon_core.package_identification:_identify(.) by extension 'python_setup_py'
[0.645s] Level 1:colcon.colcon_core.package_identification:_identify(build) by extensions ['ignore', 'ignore_ament_install']
[0.645s] Level 1:colcon.colcon_core.package_identification:_identify(build) by extension 'ignore'
[0.645s] Level 1:colcon.colcon_core.package_identification:_identify(build) ignored
[0.645s] Level 1:colcon.colcon_core.package_identification:_identify(install) by extensions ['ignore', 'ignore_ament_install']
[0.645s] Level 1:colcon.colcon_core.package_identification:_identify(install) by extension 'ignore'
[0.645s] Level 1:colcon.colcon_core.package_identification:_identify(install) ignored
[0.645s] Level 1:colcon.colcon_core.package_identification:_identify(log) by extensions ['ignore', 'ignore_ament_install']
[0.645s] Level 1:colcon.colcon_core.package_identification:_identify(log) by extension 'ignore'
[0.645s] Level 1:colcon.colcon_core.package_identification:_identify(log) ignored
[0.645s] Level 1:colcon.colcon_core.package_identification:_identify(src) by extensions ['ignore', 'ignore_ament_install']
[0.645s] Level 1:colcon.colcon_core.package_identification:_identify(src) by extension 'ignore'
[0.645s] Level 1:colcon.colcon_core.package_identification:_identify(src) by extension 'ignore_ament_install'
[0.645s] Level 1:colcon.colcon_core.package_identification:_identify(src) by extensions ['colcon_pkg']
[0.645s] Level 1:colcon.colcon_core.package_identification:_identify(src) by extension 'colcon_pkg'
[0.645s] Level 1:colcon.colcon_core.package_identification:_identify(src) by extensions ['colcon_meta']
[0.646s] Level 1:colcon.colcon_core.package_identification:_identify(src) by extension 'colcon_meta'
[0.646s] Level 1:colcon.colcon_core.package_identification:_identify(src) by extensions ['ros']
[0.646s] Level 1:colcon.colcon_core.package_identification:_identify(src) by extension 'ros'
[0.646s] Level 1:colcon.colcon_core.package_identification:_identify(src) by extensions ['cmake', 'python']
[0.646s] Level 1:colcon.colcon_core.package_identification:_identify(src) by extension 'cmake'
[0.646s] Level 1:colcon.colcon_core.package_identification:_identify(src) by extension 'python'
[0.646s] Level 1:colcon.colcon_core.package_identification:_identify(src) by extensions ['python_setup_py']
[0.646s] Level 1:colcon.colcon_core.package_identification:_identify(src) by extension 'python_setup_py'
[0.646s] Level 1:colcon.colcon_core.package_identification:_identify(src/arduinobot_cpp_examples) by extensions ['ignore', 'ignore_ament_install']
[0.646s] Level 1:colcon.colcon_core.package_identification:_identify(src/arduinobot_cpp_examples) by extension 'ignore'
[0.646s] Level 1:colcon.colcon_core.package_identification:_identify(src/arduinobot_cpp_examples) by extension 'ignore_ament_install'
[0.646s] Level 1:colcon.colcon_core.package_identification:_identify(src/arduinobot_cpp_examples) by extensions ['colcon_pkg']
[0.646s] Level 1:colcon.colcon_core.package_identification:_identify(src/arduinobot_cpp_examples) by extension 'colcon_pkg'
[0.646s] Level 1:colcon.colcon_core.package_identification:_identify(src/arduinobot_cpp_examples) by extensions ['colcon_meta']
[0.646s] Level 1:colcon.colcon_core.package_identification:_identify(src/arduinobot_cpp_examples) by extension 'colcon_meta'
[0.646s] Level 1:colcon.colcon_core.package_identification:_identify(src/arduinobot_cpp_examples) by extensions ['ros']
[0.646s] Level 1:colcon.colcon_core.package_identification:_identify(src/arduinobot_cpp_examples) by extension 'ros'
[0.647s] DEBUG:colcon.colcon_core.package_identification:Package 'src/arduinobot_cpp_examples' with type 'ros.ament_cmake' and name 'arduinobot_cpp_examples'
[0.647s] Level 1:colcon.colcon_core.package_identification:_identify(src/arduinobot_description) by extensions ['ignore', 'ignore_ament_install']
[0.648s] Level 1:colcon.colcon_core.package_identification:_identify(src/arduinobot_description) by extension 'ignore'
[0.648s] Level 1:colcon.colcon_core.package_identification:_identify(src/arduinobot_description) by extension 'ignore_ament_install'
[0.648s] Level 1:colcon.colcon_core.package_identification:_identify(src/arduinobot_description) by extensions ['colcon_pkg']
[0.648s] Level 1:colcon.colcon_core.package_identification:_identify(src/arduinobot_description) by extension 'colcon_pkg'
[0.648s] Level 1:colcon.colcon_core.package_identification:_identify(src/arduinobot_description) by extensions ['colcon_meta']
[0.648s] Level 1:colcon.colcon_core.package_identification:_identify(src/arduinobot_description) by extension 'colcon_meta'
[0.648s] Level 1:colcon.colcon_core.package_identification:_identify(src/arduinobot_description) by extensions ['ros']
[0.648s] Level 1:colcon.colcon_core.package_identification:_identify(src/arduinobot_description) by extension 'ros'
[0.648s] DEBUG:colcon.colcon_core.package_identification:Package 'src/arduinobot_description' with type 'ros.ament_cmake' and name 'arduinobot_description'
[0.648s] Level 1:colcon.colcon_core.package_identification:_identify(src/arduinobot_py_examples) by extensions ['ignore', 'ignore_ament_install']
[0.648s] Level 1:colcon.colcon_core.package_identification:_identify(src/arduinobot_py_examples) by extension 'ignore'
[0.648s] Level 1:colcon.colcon_core.package_identification:_identify(src/arduinobot_py_examples) by extension 'ignore_ament_install'
[0.648s] Level 1:colcon.colcon_core.package_identification:_identify(src/arduinobot_py_examples) by extensions ['colcon_pkg']
[0.648s] Level 1:colcon.colcon_core.package_identification:_identify(src/arduinobot_py_examples) by extension 'colcon_pkg'
[0.648s] Level 1:colcon.colcon_core.package_identification:_identify(src/arduinobot_py_examples) by extensions ['colcon_meta']
[0.648s] Level 1:colcon.colcon_core.package_identification:_identify(src/arduinobot_py_examples) by extension 'colcon_meta'
[0.648s] Level 1:colcon.colcon_core.package_identification:_identify(src/arduinobot_py_examples) by extensions ['ros']
[0.648s] Level 1:colcon.colcon_core.package_identification:_identify(src/arduinobot_py_examples) by extension 'ros'
[0.649s] DEBUG:colcon.colcon_core.package_identification:Package 'src/arduinobot_py_examples' with type 'ros.ament_python' and name 'arduinobot_py_examples'
[0.649s] Level 1:colcon.colcon_core.package_discovery:discover_packages(recursive) using defaults
[0.649s] Level 1:colcon.colcon_core.package_discovery:discover_packages(ignore) discover
[0.649s] Level 1:colcon.colcon_core.package_discovery:discover_packages(ignore) using defaults
[0.649s] Level 1:colcon.colcon_core.package_discovery:discover_packages(path) discover
[0.649s] Level 1:colcon.colcon_core.package_discovery:discover_packages(path) using defaults
[0.705s] Level 1:colcon.colcon_core.package_discovery:discover_packages(prefix_path) check parameters
[0.705s] Level 1:colcon.colcon_core.package_discovery:discover_packages(prefix_path) discover
[0.724s] DEBUG:colcon.colcon_installed_package_information.package_discovery:Found 353 installed packages in /opt/ros/humble
[0.725s] Level 1:colcon.colcon_core.package_discovery:discover_packages(prefix_path) using defaults
[0.796s] Level 5:colcon.colcon_core.verb:set package 'arduinobot_cpp_examples' build argument 'cmake_args' from command line to 'None'
[0.796s] Level 5:colcon.colcon_core.verb:set package 'arduinobot_cpp_examples' build argument 'cmake_target' from command line to 'None'
[0.796s] Level 5:colcon.colcon_core.verb:set package 'arduinobot_cpp_examples' build argument 'cmake_target_skip_unavailable' from command line to 'False'
[0.796s] Level 5:colcon.colcon_core.verb:set package 'arduinobot_cpp_examples' build argument 'cmake_clean_cache' from command line to 'False'
[0.796s] Level 5:colcon.colcon_core.verb:set package 'arduinobot_cpp_examples' build argument 'cmake_clean_first' from command line to 'False'
[0.796s] Level 5:colcon.colcon_core.verb:set package 'arduinobot_cpp_examples' build argument 'cmake_force_configure' from command line to 'False'
[0.796s] Level 5:colcon.colcon_core.verb:set package 'arduinobot_cpp_examples' build argument 'ament_cmake_args' from command line to 'None'
[0.796s] Level 5:colcon.colcon_core.verb:set package 'arduinobot_cpp_examples' build argument 'catkin_cmake_args' from command line to 'None'
[0.796s] Level 5:colcon.colcon_core.verb:set package 'arduinobot_cpp_examples' build argument 'catkin_skip_building_tests' from command line to 'False'
[0.796s] DEBUG:colcon.colcon_core.verb:Building package 'arduinobot_cpp_examples' with the following arguments: {'ament_cmake_args': None, 'build_base': '/home/namiwije/arduinobot_ws/build/arduinobot_cpp_examples', 'catkin_cmake_args': None, 'catkin_skip_building_tests': False, 'cmake_args': None, 'cmake_clean_cache': False, 'cmake_clean_first': False, 'cmake_force_configure': False, 'cmake_target': None, 'cmake_target_skip_unavailable': False, 'install_base': '/home/namiwije/arduinobot_ws/install/arduinobot_cpp_examples', 'merge_install': False, 'path': '/home/namiwije/arduinobot_ws/src/arduinobot_cpp_examples', 'symlink_install': False, 'test_result_base': None}
[0.805s] Level 5:colcon.colcon_core.verb:set package 'arduinobot_description' build argument 'cmake_args' from command line to 'None'
[0.805s] Level 5:colcon.colcon_core.verb:set package 'arduinobot_description' build argument 'cmake_target' from command line to 'None'
[0.805s] Level 5:colcon.colcon_core.verb:set package 'arduinobot_description' build argument 'cmake_target_skip_unavailable' from command line to 'False'
[0.805s] Level 5:colcon.colcon_core.verb:set package 'arduinobot_description' build argument 'cmake_clean_cache' from command line to 'False'
[0.805s] Level 5:colcon.colcon_core.verb:set package 'arduinobot_description' build argument 'cmake_clean_first' from command line to 'False'
[0.805s] Level 5:colcon.colcon_core.verb:set package 'arduinobot_description' build argument 'cmake_force_configure' from command line to 'False'
[0.805s] Level 5:colcon.colcon_core.verb:set package 'arduinobot_description' build argument 'ament_cmake_args' from command line to 'None'
[0.805s] Level 5:colcon.colcon_core.verb:set package 'arduinobot_description' build argument 'catkin_cmake_args' from command line to 'None'
[0.805s] Level 5:colcon.colcon_core.verb:set package 'arduinobot_description' build argument 'catkin_skip_building_tests' from command line to 'False'
[0.805s] DEBUG:colcon.colcon_core.verb:Building package 'arduinobot_description' with the following arguments: {'ament_cmake_args': None, 'build_base': '/home/namiwije/arduinobot_ws/build/arduinobot_description', 'catkin_cmake_args': None, 'catkin_skip_building_tests': False, 'cmake_args': None, 'cmake_clean_cache': False, 'cmake_clean_first': False, 'cmake_force_configure': False, 'cmake_target': None, 'cmake_target_skip_unavailable': False, 'install_base': '/home/namiwije/arduinobot_ws/install/arduinobot_description', 'merge_install': False, 'path': '/home/namiwije/arduinobot_ws/src/arduinobot_description', 'symlink_install': False, 'test_result_base': None}
[0.814s] Level 5:colcon.colcon_core.verb:set package 'arduinobot_py_examples' build argument 'cmake_args' from command line to 'None'
[0.814s] Level 5:colcon.colcon_core.verb:set package 'arduinobot_py_examples' build argument 'cmake_target' from command line to 'None'
[0.814s] Level 5:colcon.colcon_core.verb:set package 'arduinobot_py_examples' build argument 'cmake_target_skip_unavailable' from command line to 'False'
[0.814s] Level 5:colcon.colcon_core.verb:set package 'arduinobot_py_examples' build argument 'cmake_clean_cache' from command line to 'False'
[0.814s] Level 5:colcon.colcon_core.verb:set package 'arduinobot_py_examples' build argument 'cmake_clean_first' from command line to 'False'
[0.814s] Level 5:colcon.colcon_core.verb:set package 'arduinobot_py_examples' build argument 'cmake_force_configure' from command line to 'False'
[0.814s] Level 5:colcon.colcon_core.verb:set package 'arduinobot_py_examples' build argument 'ament_cmake_args' from command line to 'None'
[0.814s] Level 5:colcon.colcon_core.verb:set package 'arduinobot_py_examples' build argument 'catkin_cmake_args' from command line to 'None'
[0.814s] Level 5:colcon.colcon_core.verb:set package 'arduinobot_py_examples' build argument 'catkin_skip_building_tests' from command line to 'False'
[0.814s] DEBUG:colcon.colcon_core.verb:Building package 'arduinobot_py_examples' with the following arguments: {'ament_cmake_args': None, 'build_base': '/home/namiwije/arduinobot_ws/build/arduinobot_py_examples', 'catkin_cmake_args': None, 'catkin_skip_building_tests': False, 'cmake_args': None, 'cmake_clean_cache': False, 'cmake_clean_first': False, 'cmake_force_configure': False, 'cmake_target': None, 'cmake_target_skip_unavailable': False, 'install_base': '/home/namiwije/arduinobot_ws/install/arduinobot_py_examples', 'merge_install': False, 'path': '/home/namiwije/arduinobot_ws/src/arduinobot_py_examples', 'symlink_install': False, 'test_result_base': None}
[0.823s] INFO:colcon.colcon_core.executor:Executing jobs using 'parallel' executor
[0.832s] DEBUG:colcon.colcon_parallel_executor.executor.parallel:run_until_complete
[0.832s] INFO:colcon.colcon_ros.task.ament_cmake.build:Building ROS package in '/home/namiwije/arduinobot_ws/src/arduinobot_cpp_examples' with build type 'ament_cmake'
[0.832s] INFO:colcon.colcon_cmake.task.cmake.build:Building CMake package in '/home/namiwije/arduinobot_ws/src/arduinobot_cpp_examples'
[0.843s] INFO:colcon.colcon_core.plugin_system:Skipping extension 'colcon_core.shell.bat': Not used on non-Windows systems
[0.843s] INFO:colcon.colcon_core.shell:Skip shell extension 'powershell' for command environment: Not usable outside of PowerShell
[0.843s] DEBUG:colcon.colcon_core.shell:Skip shell extension 'dsv' for command environment
[0.862s] INFO:colcon.colcon_ros.task.ament_cmake.build:Building ROS package in '/home/namiwije/arduinobot_ws/src/arduinobot_description' with build type 'ament_cmake'
[0.863s] INFO:colcon.colcon_cmake.task.cmake.build:Building CMake package in '/home/namiwije/arduinobot_ws/src/arduinobot_description'
[0.872s] INFO:colcon.colcon_core.shell:Skip shell extension 'powershell' for command environment: Not usable outside of PowerShell
[0.872s] DEBUG:colcon.colcon_core.shell:Skip shell extension 'dsv' for command environment
[0.892s] INFO:colcon.colcon_ros.task.ament_python.build:Building ROS package in '/home/namiwije/arduinobot_ws/src/arduinobot_py_examples' with build type 'ament_python'
[0.892s] Level 1:colcon.colcon_core.shell:create_environment_hook('arduinobot_py_examples', 'ament_prefix_path')
[0.901s] INFO:colcon.colcon_core.shell:Creating environment hook '/home/namiwije/arduinobot_ws/install/arduinobot_py_examples/share/arduinobot_py_examples/hook/ament_prefix_path.ps1'
[0.902s] INFO:colcon.colcon_core.shell:Creating environment descriptor '/home/namiwije/arduinobot_ws/install/arduinobot_py_examples/share/arduinobot_py_examples/hook/ament_prefix_path.dsv'
[0.902s] INFO:colcon.colcon_core.shell:Creating environment hook '/home/namiwije/arduinobot_ws/install/arduinobot_py_examples/share/arduinobot_py_examples/hook/ament_prefix_path.sh'
[0.912s] INFO:colcon.colcon_core.shell:Skip shell extension 'powershell' for command environment: Not usable outside of PowerShell
[0.912s] DEBUG:colcon.colcon_core.shell:Skip shell extension 'dsv' for command environment
[0.935s] DEBUG:colcon.colcon_core.event_handler.log_command:Invoking command in '/home/namiwije/arduinobot_ws/build/arduinobot_cpp_examples': CMAKE_PREFIX_PATH=/opt/ros/humble /usr/bin/cmake --build /home/namiwije/arduinobot_ws/build/arduinobot_cpp_examples -- -j8 -l8
[0.937s] DEBUG:colcon.colcon_core.event_handler.log_command:Invoking command in '/home/namiwije/arduinobot_ws/build/arduinobot_description': CMAKE_PREFIX_PATH=/opt/ros/humble /usr/bin/cmake /home/namiwije/arduinobot_ws/src/arduinobot_description -DCMAKE_INSTALL_PREFIX=/home/namiwije/arduinobot_ws/install/arduinobot_description
[1.110s] INFO:colcon.colcon_core.task.python.build:Building Python package in '/home/namiwije/arduinobot_ws/src/arduinobot_py_examples'
[1.119s] INFO:colcon.colcon_core.shell:Skip shell extension 'powershell' for command environment: Not usable outside of PowerShell
[1.120s] DEBUG:colcon.colcon_core.shell:Skip shell extension 'dsv' for command environment
[1.141s] DEBUG:colcon.colcon_core.event_handler.log_command:Invoked command in '/home/namiwije/arduinobot_ws/build/arduinobot_cpp_examples' returned '0': CMAKE_PREFIX_PATH=/opt/ros/humble /usr/bin/cmake --build /home/namiwije/arduinobot_ws/build/arduinobot_cpp_examples -- -j8 -l8
[1.162s] DEBUG:colcon.colcon_core.event_handler.log_command:Invoking command in '/home/namiwije/arduinobot_ws/build/arduinobot_cpp_examples': CMAKE_PREFIX_PATH=/opt/ros/humble /usr/bin/cmake --install /home/namiwije/arduinobot_ws/build/arduinobot_cpp_examples
[1.169s] Level 1:colcon.colcon_core.environment:create_environment_scripts_only(arduinobot_cpp_examples)
[1.169s] DEBUG:colcon.colcon_core.event_handler.log_command:Invoked command in '/home/namiwije/arduinobot_ws/build/arduinobot_cpp_examples' returned '0': CMAKE_PREFIX_PATH=/opt/ros/humble /usr/bin/cmake --install /home/namiwije/arduinobot_ws/build/arduinobot_cpp_examples
[1.186s] Level 1:colcon.colcon_core.environment:checking '/home/namiwije/arduinobot_ws/install/arduinobot_cpp_examples' for CMake module files
[1.186s] Level 1:colcon.colcon_core.environment:checking '/home/namiwije/arduinobot_ws/install/arduinobot_cpp_examples' for CMake config files
[1.186s] Level 1:colcon.colcon_core.shell:create_environment_hook('arduinobot_cpp_examples', 'cmake_prefix_path')
[1.197s] INFO:colcon.colcon_core.shell:Creating environment hook '/home/namiwije/arduinobot_ws/install/arduinobot_cpp_examples/share/arduinobot_cpp_examples/hook/cmake_prefix_path.ps1'
[1.198s] INFO:colcon.colcon_core.shell:Creating environment descriptor '/home/namiwije/arduinobot_ws/install/arduinobot_cpp_examples/share/arduinobot_cpp_examples/hook/cmake_prefix_path.dsv'
[1.198s] INFO:colcon.colcon_core.shell:Creating environment hook '/home/namiwije/arduinobot_ws/install/arduinobot_cpp_examples/share/arduinobot_cpp_examples/hook/cmake_prefix_path.sh'
[1.198s] Level 1:colcon.colcon_core.environment:checking '/home/namiwije/arduinobot_ws/install/arduinobot_cpp_examples/bin'
[1.198s] Level 1:colcon.colcon_core.environment:checking '/home/namiwije/arduinobot_ws/install/arduinobot_cpp_examples/lib/pkgconfig/arduinobot_cpp_examples.pc'
[1.198s] Level 1:colcon.colcon_core.environment:checking '/home/namiwije/arduinobot_ws/install/arduinobot_cpp_examples/lib/python3.10/site-packages'
[1.199s] Level 1:colcon.colcon_core.environment:checking '/home/namiwije/arduinobot_ws/install/arduinobot_cpp_examples/bin'
[1.209s] INFO:colcon.colcon_core.shell:Creating package script '/home/namiwije/arduinobot_ws/install/arduinobot_cpp_examples/share/arduinobot_cpp_examples/package.ps1'
[1.210s] INFO:colcon.colcon_core.shell:Creating package descriptor '/home/namiwije/arduinobot_ws/install/arduinobot_cpp_examples/share/arduinobot_cpp_examples/package.dsv'
[1.210s] INFO:colcon.colcon_core.shell:Creating package script '/home/namiwije/arduinobot_ws/install/arduinobot_cpp_examples/share/arduinobot_cpp_examples/package.sh'
[1.211s] INFO:colcon.colcon_core.shell:Creating package script '/home/namiwije/arduinobot_ws/install/arduinobot_cpp_examples/share/arduinobot_cpp_examples/package.bash'
[1.211s] INFO:colcon.colcon_core.shell:Creating package script '/home/namiwije/arduinobot_ws/install/arduinobot_cpp_examples/share/arduinobot_cpp_examples/package.zsh'
[1.211s] Level 1:colcon.colcon_core.environment:create_file_with_runtime_dependencies(/home/namiwije/arduinobot_ws/install/arduinobot_cpp_examples/share/colcon-core/packages/arduinobot_cpp_examples)
[1.235s] Level 1:colcon.colcon_core.environment:create_environment_scripts_only(arduinobot_cpp_examples)
[1.245s] Level 1:colcon.colcon_core.environment:checking '/home/namiwije/arduinobot_ws/install/arduinobot_cpp_examples' for CMake module files
[1.245s] Level 1:colcon.colcon_core.environment:checking '/home/namiwije/arduinobot_ws/install/arduinobot_cpp_examples' for CMake config files
[1.246s] Level 1:colcon.colcon_core.shell:create_environment_hook('arduinobot_cpp_examples', 'cmake_prefix_path')
[1.255s] INFO:colcon.colcon_core.shell:Creating environment hook '/home/namiwije/arduinobot_ws/install/arduinobot_cpp_examples/share/arduinobot_cpp_examples/hook/cmake_prefix_path.ps1'
[1.256s] INFO:colcon.colcon_core.shell:Creating environment descriptor '/home/namiwije/arduinobot_ws/install/arduinobot_cpp_examples/share/arduinobot_cpp_examples/hook/cmake_prefix_path.dsv'
[1.256s] INFO:colcon.colcon_core.shell:Creating environment hook '/home/namiwije/arduinobot_ws/install/arduinobot_cpp_examples/share/arduinobot_cpp_examples/hook/cmake_prefix_path.sh'
[1.256s] Level 1:colcon.colcon_core.environment:checking '/home/namiwije/arduinobot_ws/install/arduinobot_cpp_examples/bin'
[1.256s] Level 1:colcon.colcon_core.environment:checking '/home/namiwije/arduinobot_ws/install/arduinobot_cpp_examples/lib/pkgconfig/arduinobot_cpp_examples.pc'
[1.256s] Level 1:colcon.colcon_core.environment:checking '/home/namiwije/arduinobot_ws/install/arduinobot_cpp_examples/lib/python3.10/site-packages'
[1.257s] Level 1:colcon.colcon_core.environment:checking '/home/namiwije/arduinobot_ws/install/arduinobot_cpp_examples/bin'
[1.266s] INFO:colcon.colcon_core.shell:Creating package script '/home/namiwije/arduinobot_ws/install/arduinobot_cpp_examples/share/arduinobot_cpp_examples/package.ps1'
[1.267s] INFO:colcon.colcon_core.shell:Creating package descriptor '/home/namiwije/arduinobot_ws/install/arduinobot_cpp_examples/share/arduinobot_cpp_examples/package.dsv'
[1.267s] INFO:colcon.colcon_core.shell:Creating package script '/home/namiwije/arduinobot_ws/install/arduinobot_cpp_examples/share/arduinobot_cpp_examples/package.sh'
[1.267s] INFO:colcon.colcon_core.shell:Creating package script '/home/namiwije/arduinobot_ws/install/arduinobot_cpp_examples/share/arduinobot_cpp_examples/package.bash'
[1.268s] INFO:colcon.colcon_core.shell:Creating package script '/home/namiwije/arduinobot_ws/install/arduinobot_cpp_examples/share/arduinobot_cpp_examples/package.zsh'
[1.268s] Level 1:colcon.colcon_core.environment:create_file_with_runtime_dependencies(/home/namiwije/arduinobot_ws/install/arduinobot_cpp_examples/share/colcon-core/packages/arduinobot_cpp_examples)
[1.401s] DEBUG:colcon.colcon_core.event_handler.log_command:Invoking command in '/home/namiwije/arduinobot_ws/src/arduinobot_py_examples': PYTHONPATH=/home/namiwije/arduinobot_ws/build/arduinobot_py_examples/prefix_override:/home/namiwije/arduinobot_ws/install/arduinobot_py_examples/lib/python3.10/site-packages:${PYTHONPATH} /usr/bin/python3 setup.py egg_info --egg-base ../../build/arduinobot_py_examples build --build-base /home/namiwije/arduinobot_ws/build/arduinobot_py_examples/build install --record /home/namiwije/arduinobot_ws/build/arduinobot_py_examples/install.log --single-version-externally-managed
[1.408s] DEBUG:colcon.colcon_core.event_handler.log_command:Invoked command in '/home/namiwije/arduinobot_ws/build/arduinobot_description' returned '0': CMAKE_PREFIX_PATH=/opt/ros/humble /usr/bin/cmake /home/namiwije/arduinobot_ws/src/arduinobot_description -DCMAKE_INSTALL_PREFIX=/home/namiwije/arduinobot_ws/install/arduinobot_description
[1.409s] DEBUG:colcon.colcon_core.event_handler.log_command:Invoking command in '/home/namiwije/arduinobot_ws/build/arduinobot_description': CMAKE_PREFIX_PATH=/opt/ros/humble /usr/bin/cmake --build /home/namiwije/arduinobot_ws/build/arduinobot_description -- -j8 -l8
[1.435s] DEBUG:colcon.colcon_core.event_handler.log_command:Invoked command in '/home/namiwije/arduinobot_ws/build/arduinobot_description' returned '0': CMAKE_PREFIX_PATH=/opt/ros/humble /usr/bin/cmake --build /home/namiwije/arduinobot_ws/build/arduinobot_description -- -j8 -l8
[1.450s] DEBUG:colcon.colcon_core.event_handler.log_command:Invoking command in '/home/namiwije/arduinobot_ws/build/arduinobot_description': CMAKE_PREFIX_PATH=/opt/ros/humble /usr/bin/cmake --install /home/namiwije/arduinobot_ws/build/arduinobot_description
[1.459s] Level 1:colcon.colcon_core.environment:create_environment_scripts_only(arduinobot_description)
[1.459s] DEBUG:colcon.colcon_core.event_handler.log_command:Invoked command in '/home/namiwije/arduinobot_ws/build/arduinobot_description' returned '0': CMAKE_PREFIX_PATH=/opt/ros/humble /usr/bin/cmake --install /home/namiwije/arduinobot_ws/build/arduinobot_description
[1.476s] Level 1:colcon.colcon_core.environment:checking '/home/namiwije/arduinobot_ws/install/arduinobot_description' for CMake module files
[1.476s] Level 1:colcon.colcon_core.environment:checking '/home/namiwije/arduinobot_ws/install/arduinobot_description' for CMake config files
[1.477s] Level 1:colcon.colcon_core.shell:create_environment_hook('arduinobot_description', 'cmake_prefix_path')
[1.493s] INFO:colcon.colcon_core.shell:Creating environment hook '/home/namiwije/arduinobot_ws/install/arduinobot_description/share/arduinobot_description/hook/cmake_prefix_path.ps1'
[1.493s] INFO:colcon.colcon_core.shell:Creating environment descriptor '/home/namiwije/arduinobot_ws/install/arduinobot_description/share/arduinobot_description/hook/cmake_prefix_path.dsv'
[1.493s] INFO:colcon.colcon_core.shell:Creating environment hook '/home/namiwije/arduinobot_ws/install/arduinobot_description/share/arduinobot_description/hook/cmake_prefix_path.sh'
[1.494s] Level 1:colcon.colcon_core.environment:checking '/home/namiwije/arduinobot_ws/install/arduinobot_description/bin'
[1.494s] Level 1:colcon.colcon_core.environment:checking '/home/namiwije/arduinobot_ws/install/arduinobot_description/lib/pkgconfig/arduinobot_description.pc'
[1.494s] Level 1:colcon.colcon_core.environment:checking '/home/namiwije/arduinobot_ws/install/arduinobot_description/lib/python3.10/site-packages'
[1.494s] Level 1:colcon.colcon_core.environment:checking '/home/namiwije/arduinobot_ws/install/arduinobot_description/bin'
[1.507s] INFO:colcon.colcon_core.shell:Creating package script '/home/namiwije/arduinobot_ws/install/arduinobot_description/share/arduinobot_description/package.ps1'
[1.508s] INFO:colcon.colcon_core.shell:Creating package descriptor '/home/namiwije/arduinobot_ws/install/arduinobot_description/share/arduinobot_description/package.dsv'
[1.508s] INFO:colcon.colcon_core.shell:Creating package script '/home/namiwije/arduinobot_ws/install/arduinobot_description/share/arduinobot_description/package.sh'
[1.508s] INFO:colcon.colcon_core.shell:Creating package script '/home/namiwije/arduinobot_ws/install/arduinobot_description/share/arduinobot_description/package.bash'
[1.508s] INFO:colcon.colcon_core.shell:Creating package script '/home/namiwije/arduinobot_ws/install/arduinobot_description/share/arduinobot_description/package.zsh'
[1.509s] Level 1:colcon.colcon_core.environment:create_file_with_runtime_dependencies(/home/namiwije/arduinobot_ws/install/arduinobot_description/share/colcon-core/packages/arduinobot_description)
[1.531s] Level 1:colcon.colcon_core.environment:create_environment_scripts_only(arduinobot_description)
[1.542s] Level 1:colcon.colcon_core.environment:checking '/home/namiwije/arduinobot_ws/install/arduinobot_description' for CMake module files
[1.542s] Level 1:colcon.colcon_core.environment:checking '/home/namiwije/arduinobot_ws/install/arduinobot_description' for CMake config files
[1.542s] Level 1:colcon.colcon_core.shell:create_environment_hook('arduinobot_description', 'cmake_prefix_path')
[1.551s] INFO:colcon.colcon_core.shell:Creating environment hook '/home/namiwije/arduinobot_ws/install/arduinobot_description/share/arduinobot_description/hook/cmake_prefix_path.ps1'
[1.551s] INFO:colcon.colcon_core.shell:Creating environment descriptor '/home/namiwije/arduinobot_ws/install/arduinobot_description/share/arduinobot_description/hook/cmake_prefix_path.dsv'
[1.551s] INFO:colcon.colcon_core.shell:Creating environment hook '/home/namiwije/arduinobot_ws/install/arduinobot_description/share/arduinobot_description/hook/cmake_prefix_path.sh'
[1.551s] Level 1:colcon.colcon_core.environment:checking '/home/namiwije/arduinobot_ws/install/arduinobot_description/bin'
[1.552s] Level 1:colcon.colcon_core.environment:checking '/home/namiwije/arduinobot_ws/install/arduinobot_description/lib/pkgconfig/arduinobot_description.pc'
[1.552s] Level 1:colcon.colcon_core.environment:checking '/home/namiwije/arduinobot_ws/install/arduinobot_description/lib/python3.10/site-packages'
[1.552s] Level 1:colcon.colcon_core.environment:checking '/home/namiwije/arduinobot_ws/install/arduinobot_description/bin'
[1.562s] INFO:colcon.colcon_core.shell:Creating package script '/home/namiwije/arduinobot_ws/install/arduinobot_description/share/arduinobot_description/package.ps1'
[1.562s] INFO:colcon.colcon_core.shell:Creating package descriptor '/home/namiwije/arduinobot_ws/install/arduinobot_description/share/arduinobot_description/package.dsv'
[1.563s] INFO:colcon.colcon_core.shell:Creating package script '/home/namiwije/arduinobot_ws/install/arduinobot_description/share/arduinobot_description/package.sh'
[1.563s] INFO:colcon.colcon_core.shell:Creating package script '/home/namiwije/arduinobot_ws/install/arduinobot_description/share/arduinobot_description/package.bash'
[1.563s] INFO:colcon.colcon_core.shell:Creating package script '/home/namiwije/arduinobot_ws/install/arduinobot_description/share/arduinobot_description/package.zsh'
[1.563s] Level 1:colcon.colcon_core.environment:create_file_with_runtime_dependencies(/home/namiwije/arduinobot_ws/install/arduinobot_description/share/colcon-core/packages/arduinobot_description)
[1.615s] DEBUG:colcon.colcon_core.event_handler.log_command:Invoked command in '/home/namiwije/arduinobot_ws/src/arduinobot_py_examples' returned '0': PYTHONPATH=/home/namiwije/arduinobot_ws/build/arduinobot_py_examples/prefix_override:/home/namiwije/arduinobot_ws/install/arduinobot_py_examples/lib/python3.10/site-packages:${PYTHONPATH} /usr/bin/python3 setup.py egg_info --egg-base ../../build/arduinobot_py_examples build --build-base /home/namiwije/arduinobot_ws/build/arduinobot_py_examples/build install --record /home/namiwije/arduinobot_ws/build/arduinobot_py_examples/install.log --single-version-externally-managed
[1.625s] Level 1:colcon.colcon_core.environment:checking '/home/namiwije/arduinobot_ws/install/arduinobot_py_examples' for CMake module files
[1.626s] Level 1:colcon.colcon_core.environment:checking '/home/namiwije/arduinobot_ws/install/arduinobot_py_examples' for CMake config files
[1.626s] Level 1:colcon.colcon_core.environment:checking '/home/namiwije/arduinobot_ws/install/arduinobot_py_examples/lib'
[1.626s] Level 1:colcon.colcon_core.environment:checking '/home/namiwije/arduinobot_ws/install/arduinobot_py_examples/bin'
[1.626s] Level 1:colcon.colcon_core.environment:checking '/home/namiwije/arduinobot_ws/install/arduinobot_py_examples/lib/pkgconfig/arduinobot_py_examples.pc'
[1.626s] Level 1:colcon.colcon_core.environment:checking '/home/namiwije/arduinobot_ws/install/arduinobot_py_examples/lib/python3.10/site-packages'
[1.626s] Level 1:colcon.colcon_core.shell:create_environment_hook('arduinobot_py_examples', 'pythonpath')
[1.635s] INFO:colcon.colcon_core.shell:Creating environment hook '/home/namiwije/arduinobot_ws/install/arduinobot_py_examples/share/arduinobot_py_examples/hook/pythonpath.ps1'
[1.636s] INFO:colcon.colcon_core.shell:Creating environment descriptor '/home/namiwije/arduinobot_ws/install/arduinobot_py_examples/share/arduinobot_py_examples/hook/pythonpath.dsv'
[1.636s] INFO:colcon.colcon_core.shell:Creating environment hook '/home/namiwije/arduinobot_ws/install/arduinobot_py_examples/share/arduinobot_py_examples/hook/pythonpath.sh'
[1.636s] Level 1:colcon.colcon_core.environment:checking '/home/namiwije/arduinobot_ws/install/arduinobot_py_examples/bin'
[1.636s] Level 1:colcon.colcon_core.environment:create_environment_scripts_only(arduinobot_py_examples)
[1.645s] INFO:colcon.colcon_core.shell:Creating package script '/home/namiwije/arduinobot_ws/install/arduinobot_py_examples/share/arduinobot_py_examples/package.ps1'
[1.646s] INFO:colcon.colcon_core.shell:Creating package descriptor '/home/namiwije/arduinobot_ws/install/arduinobot_py_examples/share/arduinobot_py_examples/package.dsv'
[1.646s] INFO:colcon.colcon_core.shell:Creating package script '/home/namiwije/arduinobot_ws/install/arduinobot_py_examples/share/arduinobot_py_examples/package.sh'
[1.647s] INFO:colcon.colcon_core.shell:Creating package script '/home/namiwije/arduinobot_ws/install/arduinobot_py_examples/share/arduinobot_py_examples/package.bash'
[1.647s] INFO:colcon.colcon_core.shell:Creating package script '/home/namiwije/arduinobot_ws/install/arduinobot_py_examples/share/arduinobot_py_examples/package.zsh'
[1.647s] Level 1:colcon.colcon_core.environment:create_file_with_runtime_dependencies(/home/namiwije/arduinobot_ws/install/arduinobot_py_examples/share/colcon-core/packages/arduinobot_py_examples)
[1.647s] DEBUG:colcon.colcon_parallel_executor.executor.parallel:closing loop
[1.648s] DEBUG:colcon.colcon_parallel_executor.executor.parallel:loop closed
[1.648s] DEBUG:colcon.colcon_parallel_executor.executor.parallel:run_until_complete finished with '0'
[1.648s] DEBUG:colcon.colcon_core.event_reactor:joining thread
[1.661s] INFO:colcon.colcon_core.plugin_system:Skipping extension 'colcon_notification.desktop_notification.terminal_notifier': Not used on non-Darwin systems
[1.661s] INFO:colcon.colcon_core.plugin_system:Skipping extension 'colcon_notification.desktop_notification.win32': Not used on non-Windows systems
[1.661s] INFO:colcon.colcon_notification.desktop_notification:Sending desktop notification using 'notify2'
[1.669s] DEBUG:colcon.colcon_core.event_reactor:joined thread
[1.679s] INFO:colcon.colcon_core.shell:Creating prefix script '/home/namiwije/arduinobot_ws/install/local_setup.ps1'
[1.680s] INFO:colcon.colcon_core.shell:Creating prefix util module '/home/namiwije/arduinobot_ws/install/_local_setup_util_ps1.py'
[1.681s] INFO:colcon.colcon_core.shell:Creating prefix chain script '/home/namiwije/arduinobot_ws/install/setup.ps1'
[1.690s] INFO:colcon.colcon_core.shell:Creating prefix script '/home/namiwije/arduinobot_ws/install/local_setup.sh'
[1.690s] INFO:colcon.colcon_core.shell:Creating prefix util module '/home/namiwije/arduinobot_ws/install/_local_setup_util_sh.py'
[1.691s] INFO:colcon.colcon_core.shell:Creating prefix chain script '/home/namiwije/arduinobot_ws/install/setup.sh'
[1.700s] INFO:colcon.colcon_core.shell:Creating prefix script '/home/namiwije/arduinobot_ws/install/local_setup.bash'
[1.700s] INFO:colcon.colcon_core.shell:Creating prefix chain script '/home/namiwije/arduinobot_ws/install/setup.bash'
[1.710s] INFO:colcon.colcon_core.shell:Creating prefix script '/home/namiwije/arduinobot_ws/install/local_setup.zsh'
[1.710s] INFO:colcon.colcon_core.shell:Creating prefix chain script '/home/namiwije/arduinobot_ws/install/setup.zsh'
