[0.104s] Invoking command in '/home/namiwije/arduinobot_ws/src/build/arduinobot_cpp_examples': CMAKE_PREFIX_PATH=/opt/ros/humble /usr/bin/cmake /home/namiwije/arduinobot_ws/src/arduinobot_cpp_examples -DCMAKE_INSTALL_PREFIX=/home/namiwije/arduinobot_ws/src/install/arduinobot_cpp_examples
[0.143s] -- The C compiler identification is GNU 11.4.0
[0.181s] -- The CXX compiler identification is GNU 11.4.0
[0.187s] -- Detecting C compiler ABI info
[0.236s] -- Detecting C compiler ABI info - done
[0.241s] -- Check for working C compiler: /usr/bin/cc - skipped
[0.241s] -- Detecting C compile features
[0.241s] -- Detecting C compile features - done
[0.243s] -- Detecting CXX compiler ABI info
[0.297s] -- Detecting CXX compiler ABI info - done
[0.306s] -- Check for working CXX compiler: /usr/bin/c++ - skipped
[0.307s] -- Detecting CXX compile features
[0.307s] -- Detecting CXX compile features - done
[0.310s] -- Found ament_cmake: 1.3.5 (/opt/ros/humble/share/ament_cmake/cmake)
[0.453s] -- Found Python3: /usr/bin/python3.10 (found version "3.10.12") found components: Interpreter 
[0.519s] -- Found ament_lint_auto: 0.12.8 (/opt/ros/humble/share/ament_lint_auto/cmake)
[0.579s] -- Added test 'lint_cmake' to check CMake code style
[0.580s] -- Added test 'xmllint' to check XML markup files
[0.581s] -- Configuring done
[0.583s] -- Generating done
[0.584s] -- Build files have been written to: /home/namiwije/arduinobot_ws/src/build/arduinobot_cpp_examples
[0.589s] Invoked command in '/home/namiwije/arduinobot_ws/src/build/arduinobot_cpp_examples' returned '0': CMAKE_PREFIX_PATH=/opt/ros/humble /usr/bin/cmake /home/namiwije/arduinobot_ws/src/arduinobot_cpp_examples -DCMAKE_INSTALL_PREFIX=/home/namiwije/arduinobot_ws/src/install/arduinobot_cpp_examples
[0.591s] Invoking command in '/home/namiwije/arduinobot_ws/src/build/arduinobot_cpp_examples': CMAKE_PREFIX_PATH=/opt/ros/humble /usr/bin/cmake --build /home/namiwije/arduinobot_ws/src/build/arduinobot_cpp_examples -- -j8 -l8
[0.620s] Invoked command in '/home/namiwije/arduinobot_ws/src/build/arduinobot_cpp_examples' returned '0': CMAKE_PREFIX_PATH=/opt/ros/humble /usr/bin/cmake --build /home/namiwije/arduinobot_ws/src/build/arduinobot_cpp_examples -- -j8 -l8
[0.642s] Invoking command in '/home/namiwije/arduinobot_ws/src/build/arduinobot_cpp_examples': CMAKE_PREFIX_PATH=/opt/ros/humble /usr/bin/cmake --install /home/namiwije/arduinobot_ws/src/build/arduinobot_cpp_examples
[0.649s] -- Install configuration: ""
[0.649s] -- Installing: /home/namiwije/arduinobot_ws/src/install/arduinobot_cpp_examples/share/ament_index/resource_index/package_run_dependencies/arduinobot_cpp_examples
[0.649s] -- Installing: /home/namiwije/arduinobot_ws/src/install/arduinobot_cpp_examples/share/ament_index/resource_index/parent_prefix_path/arduinobot_cpp_examples
[0.649s] -- Installing: /home/namiwije/arduinobot_ws/src/install/arduinobot_cpp_examples/share/arduinobot_cpp_examples/environment/ament_prefix_path.sh
[0.649s] -- Installing: /home/namiwije/arduinobot_ws/src/install/arduinobot_cpp_examples/share/arduinobot_cpp_examples/environment/ament_prefix_path.dsv
[0.649s] -- Installing: /home/namiwije/arduinobot_ws/src/install/arduinobot_cpp_examples/share/arduinobot_cpp_examples/environment/path.sh
[0.650s] -- Installing: /home/namiwije/arduinobot_ws/src/install/arduinobot_cpp_examples/share/arduinobot_cpp_examples/environment/path.dsv
[0.650s] -- Installing: /home/namiwije/arduinobot_ws/src/install/arduinobot_cpp_examples/share/arduinobot_cpp_examples/local_setup.bash
[0.650s] -- Installing: /home/namiwije/arduinobot_ws/src/install/arduinobot_cpp_examples/share/arduinobot_cpp_examples/local_setup.sh
[0.650s] -- Installing: /home/namiwije/arduinobot_ws/src/install/arduinobot_cpp_examples/share/arduinobot_cpp_examples/local_setup.zsh
[0.650s] -- Installing: /home/namiwije/arduinobot_ws/src/install/arduinobot_cpp_examples/share/arduinobot_cpp_examples/local_setup.dsv
[0.650s] -- Installing: /home/namiwije/arduinobot_ws/src/install/arduinobot_cpp_examples/share/arduinobot_cpp_examples/package.dsv
[0.651s] -- Installing: /home/namiwije/arduinobot_ws/src/install/arduinobot_cpp_examples/share/ament_index/resource_index/packages/arduinobot_cpp_examples
[0.651s] -- Installing: /home/namiwije/arduinobot_ws/src/install/arduinobot_cpp_examples/share/arduinobot_cpp_examples/cmake/arduinobot_cpp_examplesConfig.cmake
[0.651s] -- Installing: /home/namiwije/arduinobot_ws/src/install/arduinobot_cpp_examples/share/arduinobot_cpp_examples/cmake/arduinobot_cpp_examplesConfig-version.cmake
[0.651s] -- Installing: /home/namiwije/arduinobot_ws/src/install/arduinobot_cpp_examples/share/arduinobot_cpp_examples/package.xml
[0.691s] Invoked command in '/home/namiwije/arduinobot_ws/src/build/arduinobot_cpp_examples' returned '0': CMAKE_PREFIX_PATH=/opt/ros/humble /usr/bin/cmake --install /home/namiwije/arduinobot_ws/src/build/arduinobot_cpp_examples
